2017-09-06 16:24:42,323- root - INFO - SV_wake
2017-09-06 16:24:43,325- root - INFO - None
2017-09-06 16:24:43,325- root - INFO - Select0
2017-09-06 16:24:43,325- root - INFO - Create:RSL_Expt_20170823_104159.prf
2017-09-06 16:24:43,326- root - INFO - Create:RSL_Expt_20170823_104033.prf
2017-09-06 16:24:43,326- root - INFO - None
2017-09-06 16:24:43,326- root - INFO - Create:RSL_Expt_20170823_104016.prf
2017-09-06 16:24:43,326- root - DEBUG - None
2017-09-06 16:24:43,326- root - INFO - GetException
2017-09-06 16:24:44,328- root - INFO - None
2017-09-06 16:24:44,328- root - INFO - Select0
2017-09-06 16:24:44,328- root - INFO - Create:RSL_Expt_20170823_104033.prf
2017-09-06 16:24:44,329- root - INFO - None
2017-09-06 16:24:44,329- root - INFO - Create:RSL_Expt_20170823_104016.prf
2017-09-06 16:24:44,329- root - DEBUG - None
2017-09-06 16:24:44,329- root - INFO - GetException
2017-09-06 16:24:45,331- root - INFO - None
2017-09-06 16:24:45,331- root - INFO - Select0
2017-09-06 16:24:45,331- root - INFO - None
2017-09-06 16:24:45,331- root - INFO - Create:RSL_Expt_20170823_104016.prf
2017-09-06 16:24:45,332- root - DEBUG - None
2017-09-06 16:24:45,332- root - INFO - GetException
2017-09-06 16:24:58,350- root - INFO - None
2017-09-06 16:24:58,350- root - INFO - Select0
2017-09-06 16:24:58,350- root - INFO - None
2017-09-06 16:24:58,351- root - INFO - Create:RSL_Expt_20170906_162457.prf
2017-09-06 16:24:58,351- root - DEBUG - None
2017-09-06 16:24:58,351- root - INFO - GetException
