2017-09-08 09:12:55,595- root - INFO - CL_Start
2017-09-08 09:13:00,593- root - DEBUG - main(Mval:1)
2017-09-08 09:13:00,594- root - INFO - Swlwct_New
2017-09-08 09:13:00,596- root - INFO - NewCreate
2017-09-08 09:16:49,749- root - ERROR - Geterrer:L(New)
2017-09-08 09:20:57,177- root - INFO - CL_Start
2017-09-08 09:20:58,760- root - DEBUG - main(Mval:1)
2017-09-08 09:20:58,760- root - INFO - Swlwct_New
2017-09-08 09:20:58,763- root - INFO - NewCreate
2017-09-08 09:21:01,340- root - ERROR - Geterrer:L(New)
2017-09-08 09:23:19,995- root - DEBUG - main(Mval:0)
2017-09-08 09:23:19,995- root - INFO - Select_EXIT
2017-09-08 09:23:23,063- root - INFO - MakeExptFile
2017-09-08 09:23:23,063- root - INFO - MadeExptFile
2017-09-08 09:23:28,074- root - INFO - InptFile
2017-09-08 09:23:30,076- root - DEBUG - gFName:cmp-RSL_Expt_20170823_103024.prf
2017-09-08 09:23:30,077- root - DEBUG - gFName:cmp-RSL_Expt_20170821_170020.prf
2017-09-08 09:23:30,077- root - DEBUG - gFName:cmp-RSL_Expt_20170821_165805.prf
2017-09-08 09:23:30,077- root - DEBUG - gFName:cmp-RSL_Expt_20170823_103551.prf
2017-09-08 09:23:30,077- root - DEBUG - gFName:cmp-RSL_Expt_20170821_165312.prf
2017-09-08 09:23:30,077- root - DEBUG - gFName:cmp-RSL_Expt_20170821_165816.prf
2017-09-08 09:23:30,077- root - DEBUG - gFName:cmp-RSL_Expt_20170823_103535.prf
2017-09-08 09:23:30,077- root - DEBUG - gFName:cmp-RSL_Expt_20170906_162457.prf
2017-09-08 09:23:30,077- root - DEBUG - gFName:cmp-RSL_Expt_20170823_103902.prf
2017-09-08 09:23:30,077- root - DEBUG - gFName:cmp-RSL_Expt_20170821_165947.prf
2017-09-08 09:23:30,077- root - DEBUG - gFName:cmp-RSL_Expt_20170821_165819.prf
2017-09-08 09:23:30,077- root - DEBUG - gFName:cmp-RSL_Expt_20170823_103035.prf
2017-09-08 09:23:30,078- root - DEBUG - gFName:cmp-RSL_Expt_20170823_102957.prf
2017-09-08 09:23:30,078- root - DEBUG - gFName:cmp-RSL_Expt_20170823_103834.prf
2017-09-08 09:23:30,078- root - DEBUG - gFName:_Expt_20170908_092323.prf
2017-09-08 09:23:30,078- root - DEBUG - gFName:cmp-RSL_Expt_20170821_165846.prf
2017-09-08 09:23:30,078- root - DEBUG - gFName:cmp-RSL_Expt_20170821_165310.prf
2017-09-08 09:23:30,078- root - DEBUG - gFName:cmp-RSL_Expt_20170821_165248.prf
2017-09-08 09:23:30,078- root - DEBUG - gFName:cmp-RSL_Expt_20170823_100248.prf
2017-09-08 09:23:30,078- root - DEBUG - gFName:cmp-RSL_Expt_20170823_104033.prf
2017-09-08 09:23:30,078- root - DEBUG - gFName:cmp-RSL_Expt_20170821_165337.prf
2017-09-08 09:23:30,078- root - DEBUG - gFName:cmp-RSL_Expt_20170823_102955.prf
2017-09-08 09:23:30,078- root - DEBUG - gFName:cmp-RSL_Expt_20170906_164652.prf
2017-09-08 09:23:30,078- root - DEBUG - gFName:cmp-RSL_Expt_20170823_103919.prf
2017-09-08 09:23:30,078- root - DEBUG - gFName:cmp-RSL_Expt_20170823_103731.prf
2017-09-08 09:23:30,078- root - DEBUG - gFName:cmp-RSL_Expt_20170821_165749.prf
2017-09-08 09:23:30,079- root - DEBUG - gFName:RSL_Expt_20170823_104016.prf
2017-09-08 09:23:30,079- root - DEBUG - None
2017-09-08 09:23:30,079- root - INFO - removed
2017-09-08 09:23:30,079- root - INFO - fin_InptFile
2017-09-08 09:23:31,542- root - INFO - CL_fin
