2017-09-08 09:12:55,641- root - INFO - Wake SV!
2017-09-08 09:12:55,641- root - INFO - join:main()
2017-09-08 09:12:56,643- root - INFO - GetException
2017-09-08 09:12:57,644- root - INFO - GetException
2017-09-08 09:12:58,646- root - INFO - GetException
2017-09-08 09:12:59,648- root - INFO - GetException
2017-09-08 09:13:00,649- root - INFO - GetException
2017-09-08 09:13:01,651- root - INFO - GetException
2017-09-08 09:13:02,653- root - INFO - GetException
2017-09-08 09:13:03,654- root - INFO - GetException
2017-09-08 09:13:04,656- root - INFO - GetException
2017-09-08 09:13:05,657- root - INFO - GetException
2017-09-08 09:13:06,659- root - INFO - GetException
2017-09-08 09:13:07,661- root - INFO - GetException
2017-09-08 09:13:08,663- root - INFO - GetException
2017-09-08 09:13:09,664- root - INFO - GetException
2017-09-08 09:13:10,666- root - INFO - GetException
2017-09-08 09:13:11,668- root - INFO - GetException
2017-09-08 09:13:12,669- root - INFO - GetException
2017-09-08 09:13:13,671- root - INFO - GetException
2017-09-08 09:13:14,672- root - INFO - GetException
2017-09-08 09:13:15,674- root - INFO - GetException
2017-09-08 09:13:16,676- root - INFO - GetException
2017-09-08 09:13:17,678- root - INFO - GetException
2017-09-08 09:13:18,679- root - INFO - GetException
2017-09-08 09:13:19,683- root - INFO - GetException
2017-09-08 09:13:20,684- root - INFO - GetException
2017-09-08 09:13:21,686- root - INFO - GetException
2017-09-08 09:13:22,688- root - INFO - GetException
2017-09-08 09:13:23,689- root - INFO - GetException
2017-09-08 09:13:24,690- root - INFO - GetException
2017-09-08 09:13:25,692- root - INFO - GetException
2017-09-08 09:13:26,693- root - INFO - GetException
2017-09-08 09:13:27,695- root - INFO - GetException
2017-09-08 09:13:28,697- root - INFO - GetException
2017-09-08 09:13:29,698- root - INFO - GetException
2017-09-08 09:13:30,700- root - INFO - GetException
2017-09-08 09:13:31,702- root - INFO - GetException
2017-09-08 09:13:32,703- root - INFO - GetException
2017-09-08 09:13:33,705- root - INFO - GetException
2017-09-08 09:13:34,707- root - INFO - GetException
2017-09-08 09:13:35,708- root - INFO - GetException
2017-09-08 09:13:36,710- root - INFO - GetException
2017-09-08 09:13:37,712- root - INFO - GetException
2017-09-08 09:13:38,713- root - INFO - GetException
2017-09-08 09:13:39,715- root - INFO - GetException
2017-09-08 09:13:40,717- root - INFO - GetException
2017-09-08 09:13:41,719- root - INFO - GetException
2017-09-08 09:13:42,720- root - INFO - GetException
2017-09-08 09:13:43,722- root - INFO - GetException
2017-09-08 09:13:44,724- root - INFO - GetException
2017-09-08 09:13:45,725- root - INFO - GetException
2017-09-08 09:13:46,727- root - INFO - GetException
2017-09-08 09:13:47,729- root - INFO - GetException
2017-09-08 09:13:48,730- root - INFO - GetException
2017-09-08 09:13:49,732- root - INFO - GetException
2017-09-08 09:13:50,734- root - INFO - GetException
2017-09-08 09:13:51,735- root - INFO - GetException
2017-09-08 09:13:52,737- root - INFO - GetException
2017-09-08 09:13:53,739- root - INFO - GetException
2017-09-08 09:13:54,740- root - INFO - GetException
2017-09-08 09:13:55,742- root - INFO - GetException
2017-09-08 09:13:56,744- root - INFO - GetException
2017-09-08 09:13:57,745- root - INFO - GetException
2017-09-08 09:13:58,747- root - INFO - GetException
2017-09-08 09:13:59,749- root - INFO - GetException
2017-09-08 09:14:00,750- root - INFO - GetException
2017-09-08 09:14:01,752- root - INFO - GetException
2017-09-08 09:14:02,754- root - INFO - GetException
2017-09-08 09:14:03,755- root - INFO - GetException
2017-09-08 09:14:04,757- root - INFO - GetException
2017-09-08 09:14:05,759- root - INFO - GetException
2017-09-08 09:14:06,760- root - INFO - GetException
2017-09-08 09:14:07,762- root - INFO - GetException
2017-09-08 09:14:08,764- root - INFO - GetException
2017-09-08 09:14:09,765- root - INFO - GetException
2017-09-08 09:14:10,767- root - INFO - GetException
2017-09-08 09:14:11,769- root - INFO - GetException
2017-09-08 09:14:12,770- root - INFO - GetException
2017-09-08 09:14:13,772- root - INFO - GetException
2017-09-08 09:14:14,774- root - INFO - GetException
2017-09-08 09:14:15,775- root - INFO - GetException
2017-09-08 09:14:16,777- root - INFO - GetException
2017-09-08 09:14:17,779- root - INFO - GetException
2017-09-08 09:14:18,781- root - INFO - GetException
2017-09-08 09:14:19,782- root - INFO - GetException
2017-09-08 09:14:20,784- root - INFO - GetException
2017-09-08 09:14:21,786- root - INFO - GetException
2017-09-08 09:14:22,787- root - INFO - GetException
2017-09-08 09:14:23,790- root - INFO - GetException
2017-09-08 09:14:24,792- root - INFO - GetException
2017-09-08 09:14:25,793- root - INFO - GetException
2017-09-08 09:14:26,795- root - INFO - GetException
2017-09-08 09:14:27,797- root - INFO - GetException
2017-09-08 09:14:28,799- root - INFO - GetException
2017-09-08 09:14:29,800- root - INFO - GetException
2017-09-08 09:14:30,802- root - INFO - GetException
2017-09-08 09:14:31,804- root - INFO - GetException
2017-09-08 09:14:32,805- root - INFO - GetException
2017-09-08 09:14:33,807- root - INFO - GetException
2017-09-08 09:14:34,809- root - INFO - GetException
2017-09-08 09:14:35,811- root - INFO - GetException
2017-09-08 09:14:36,812- root - INFO - GetException
2017-09-08 09:14:37,814- root - INFO - GetException
2017-09-08 09:14:38,816- root - INFO - GetException
2017-09-08 09:14:39,817- root - INFO - GetException
2017-09-08 09:14:40,819- root - INFO - GetException
2017-09-08 09:14:41,821- root - INFO - GetException
2017-09-08 09:14:42,823- root - INFO - GetException
2017-09-08 09:14:43,824- root - INFO - GetException
2017-09-08 09:14:44,826- root - INFO - GetException
2017-09-08 09:14:45,828- root - INFO - GetException
2017-09-08 09:14:46,830- root - INFO - GetException
2017-09-08 09:14:47,831- root - INFO - GetException
2017-09-08 09:14:48,832- root - INFO - GetException
2017-09-08 09:14:49,834- root - INFO - GetException
2017-09-08 09:14:50,835- root - INFO - GetException
2017-09-08 09:14:51,836- root - INFO - GetException
2017-09-08 09:14:52,837- root - INFO - GetException
2017-09-08 09:14:53,838- root - INFO - GetException
2017-09-08 09:14:54,839- root - INFO - GetException
2017-09-08 09:14:55,840- root - INFO - GetException
2017-09-08 09:14:56,842- root - INFO - GetException
2017-09-08 09:14:57,843- root - INFO - GetException
2017-09-08 09:14:58,844- root - INFO - GetException
2017-09-08 09:14:59,845- root - INFO - GetException
2017-09-08 09:15:00,846- root - INFO - GetException
2017-09-08 09:15:01,848- root - INFO - GetException
2017-09-08 09:15:02,849- root - INFO - GetException
2017-09-08 09:15:03,850- root - INFO - GetException
2017-09-08 09:15:04,851- root - INFO - GetException
2017-09-08 09:15:05,852- root - INFO - GetException
2017-09-08 09:15:06,853- root - INFO - GetException
2017-09-08 09:15:07,854- root - INFO - GetException
2017-09-08 09:15:08,856- root - INFO - GetException
2017-09-08 09:15:09,857- root - INFO - GetException
2017-09-08 09:15:10,858- root - INFO - GetException
2017-09-08 09:15:11,859- root - INFO - GetException
2017-09-08 09:15:12,860- root - INFO - GetException
2017-09-08 09:15:13,862- root - INFO - GetException
2017-09-08 09:15:14,863- root - INFO - GetException
2017-09-08 09:15:15,864- root - INFO - GetException
2017-09-08 09:15:16,865- root - INFO - GetException
2017-09-08 09:15:17,866- root - INFO - GetException
2017-09-08 09:15:18,867- root - INFO - GetException
2017-09-08 09:15:19,868- root - INFO - GetException
2017-09-08 09:15:20,870- root - INFO - GetException
2017-09-08 09:15:21,871- root - INFO - GetException
2017-09-08 09:15:22,872- root - INFO - GetException
2017-09-08 09:15:23,873- root - INFO - GetException
2017-09-08 09:15:24,874- root - INFO - GetException
2017-09-08 09:15:25,875- root - INFO - GetException
2017-09-08 09:15:26,876- root - INFO - GetException
2017-09-08 09:15:27,877- root - INFO - GetException
2017-09-08 09:15:28,879- root - INFO - GetException
2017-09-08 09:15:29,880- root - INFO - GetException
2017-09-08 09:15:30,881- root - INFO - GetException
2017-09-08 09:15:31,883- root - INFO - GetException
2017-09-08 09:15:32,884- root - INFO - GetException
2017-09-08 09:15:33,886- root - INFO - GetException
2017-09-08 09:15:34,888- root - INFO - GetException
2017-09-08 09:15:35,889- root - INFO - GetException
2017-09-08 09:15:36,890- root - INFO - GetException
2017-09-08 09:15:37,892- root - INFO - GetException
2017-09-08 09:15:38,893- root - INFO - GetException
2017-09-08 09:15:39,895- root - INFO - GetException
2017-09-08 09:15:40,896- root - INFO - GetException
2017-09-08 09:15:41,898- root - INFO - GetException
2017-09-08 09:15:42,900- root - INFO - GetException
2017-09-08 09:15:43,902- root - INFO - GetException
2017-09-08 09:15:44,903- root - INFO - GetException
2017-09-08 09:15:45,905- root - INFO - GetException
2017-09-08 09:15:46,907- root - INFO - GetException
2017-09-08 09:15:47,908- root - INFO - GetException
2017-09-08 09:15:48,910- root - INFO - GetException
2017-09-08 09:15:49,912- root - INFO - GetException
2017-09-08 09:15:50,913- root - INFO - GetException
2017-09-08 09:15:51,915- root - INFO - GetException
2017-09-08 09:15:52,917- root - INFO - GetException
2017-09-08 09:15:53,918- root - INFO - GetException
2017-09-08 09:15:54,920- root - INFO - GetException
2017-09-08 09:15:55,922- root - INFO - GetException
2017-09-08 09:15:56,923- root - INFO - GetException
2017-09-08 09:15:57,925- root - INFO - GetException
2017-09-08 09:15:58,927- root - INFO - GetException
2017-09-08 09:15:59,928- root - INFO - GetException
2017-09-08 09:16:00,930- root - INFO - GetException
2017-09-08 09:16:01,932- root - INFO - GetException
2017-09-08 09:16:02,933- root - INFO - GetException
2017-09-08 09:16:03,935- root - INFO - GetException
2017-09-08 09:16:04,937- root - INFO - GetException
2017-09-08 09:16:05,938- root - INFO - GetException
2017-09-08 09:16:06,940- root - INFO - GetException
2017-09-08 09:16:07,942- root - INFO - GetException
2017-09-08 09:16:08,943- root - INFO - GetException
2017-09-08 09:16:09,945- root - INFO - GetException
2017-09-08 09:16:10,947- root - INFO - GetException
2017-09-08 09:16:11,948- root - INFO - GetException
2017-09-08 09:16:12,950- root - INFO - GetException
2017-09-08 09:16:13,952- root - INFO - GetException
2017-09-08 09:16:14,953- root - INFO - GetException
2017-09-08 09:16:15,955- root - INFO - GetException
2017-09-08 09:16:16,957- root - INFO - GetException
2017-09-08 09:16:17,958- root - INFO - GetException
2017-09-08 09:16:18,960- root - INFO - GetException
2017-09-08 09:16:19,961- root - INFO - GetException
2017-09-08 09:16:20,963- root - INFO - GetException
2017-09-08 09:16:21,964- root - INFO - GetException
2017-09-08 09:16:22,966- root - INFO - GetException
2017-09-08 09:16:23,967- root - INFO - GetException
2017-09-08 09:16:24,969- root - INFO - GetException
2017-09-08 09:16:25,971- root - INFO - GetException
2017-09-08 09:16:26,972- root - INFO - GetException
2017-09-08 09:16:27,974- root - INFO - GetException
2017-09-08 09:16:28,976- root - INFO - GetException
2017-09-08 09:16:29,978- root - INFO - GetException
2017-09-08 09:16:30,979- root - INFO - GetException
2017-09-08 09:16:31,981- root - INFO - GetException
2017-09-08 09:16:32,982- root - INFO - GetException
2017-09-08 09:16:33,984- root - INFO - GetException
2017-09-08 09:16:34,985- root - INFO - GetException
2017-09-08 09:16:35,987- root - INFO - GetException
2017-09-08 09:16:36,989- root - INFO - GetException
2017-09-08 09:16:37,990- root - INFO - GetException
2017-09-08 09:16:38,992- root - INFO - GetException
2017-09-08 09:16:39,993- root - INFO - GetException
2017-09-08 09:16:40,995- root - INFO - GetException
2017-09-08 09:16:41,997- root - INFO - GetException
2017-09-08 09:16:42,998- root - INFO - GetException
2017-09-08 09:16:44,000- root - INFO - GetException
2017-09-08 09:16:45,001- root - INFO - GetException
2017-09-08 09:16:46,003- root - INFO - GetException
2017-09-08 09:16:47,005- root - INFO - GetException
2017-09-08 09:16:48,006- root - INFO - GetException
2017-09-08 09:16:49,008- root - INFO - GetException
2017-09-08 09:16:50,009- root - INFO - GetException
2017-09-08 09:16:51,011- root - INFO - GetException
2017-09-08 09:16:52,013- root - INFO - GetException
2017-09-08 09:16:53,014- root - INFO - GetException
2017-09-08 09:16:54,016- root - INFO - GetException
2017-09-08 09:16:55,017- root - INFO - GetException
2017-09-08 09:16:56,019- root - INFO - GetException
2017-09-08 09:16:57,021- root - INFO - GetException
2017-09-08 09:16:58,022- root - INFO - GetException
2017-09-08 09:16:59,024- root - INFO - GetException
2017-09-08 09:17:00,025- root - INFO - GetException
2017-09-08 09:17:01,027- root - INFO - GetException
2017-09-08 09:17:02,029- root - INFO - GetException
2017-09-08 09:17:03,030- root - INFO - GetException
2017-09-08 09:17:04,032- root - INFO - GetException
2017-09-08 09:17:05,033- root - INFO - GetException
2017-09-08 09:17:06,035- root - INFO - GetException
2017-09-08 09:20:57,222- root - INFO - Wake SV!
2017-09-08 09:20:57,222- root - INFO - join:main()
2017-09-08 09:20:58,223- root - INFO - GetException
2017-09-08 09:20:59,225- root - INFO - GetException
2017-09-08 09:21:00,227- root - INFO - GetException
2017-09-08 09:21:01,228- root - INFO - GetException
2017-09-08 09:21:02,230- root - INFO - GetException
2017-09-08 09:21:03,232- root - INFO - GetException
2017-09-08 09:21:04,233- root - INFO - GetException
2017-09-08 09:21:05,235- root - INFO - GetException
2017-09-08 09:21:06,236- root - INFO - GetException
2017-09-08 09:21:07,238- root - INFO - GetException
2017-09-08 09:21:08,240- root - INFO - GetException
2017-09-08 09:21:09,242- root - INFO - GetException
2017-09-08 09:21:10,243- root - INFO - GetException
2017-09-08 09:21:11,245- root - INFO - GetException
2017-09-08 09:21:12,246- root - INFO - GetException
2017-09-08 09:21:13,248- root - INFO - GetException
2017-09-08 09:21:14,249- root - INFO - GetException
2017-09-08 09:21:15,251- root - INFO - GetException
2017-09-08 09:21:16,253- root - INFO - GetException
2017-09-08 09:21:17,254- root - INFO - GetException
2017-09-08 09:21:18,256- root - INFO - GetException
2017-09-08 09:21:19,258- root - INFO - GetException
2017-09-08 09:21:20,259- root - INFO - GetException
2017-09-08 09:21:21,261- root - INFO - GetException
2017-09-08 09:21:22,263- root - INFO - GetException
2017-09-08 09:21:23,265- root - INFO - GetException
2017-09-08 09:21:24,266- root - INFO - GetException
2017-09-08 09:21:25,268- root - INFO - GetException
2017-09-08 09:21:26,269- root - INFO - GetException
2017-09-08 09:21:27,271- root - INFO - GetException
2017-09-08 09:21:28,273- root - INFO - GetException
2017-09-08 09:21:29,274- root - INFO - GetException
2017-09-08 09:21:30,276- root - INFO - GetException
2017-09-08 09:21:31,278- root - INFO - GetException
2017-09-08 09:21:32,279- root - INFO - GetException
2017-09-08 09:21:33,281- root - INFO - GetException
2017-09-08 09:21:34,282- root - INFO - GetException
2017-09-08 09:21:35,284- root - INFO - GetException
2017-09-08 09:21:36,285- root - INFO - GetException
2017-09-08 09:21:37,286- root - INFO - GetException
2017-09-08 09:21:38,288- root - INFO - GetException
2017-09-08 09:21:39,289- root - INFO - GetException
2017-09-08 09:21:40,290- root - INFO - GetException
2017-09-08 09:21:41,292- root - INFO - GetException
2017-09-08 09:21:42,293- root - INFO - GetException
2017-09-08 09:21:43,295- root - INFO - GetException
2017-09-08 09:21:44,297- root - INFO - GetException
2017-09-08 09:21:45,298- root - INFO - GetException
2017-09-08 09:21:46,300- root - INFO - GetException
2017-09-08 09:21:47,301- root - INFO - GetException
2017-09-08 09:21:48,303- root - INFO - GetException
2017-09-08 09:21:49,305- root - INFO - GetException
2017-09-08 09:21:50,307- root - INFO - GetException
2017-09-08 09:21:51,308- root - INFO - GetException
2017-09-08 09:21:52,310- root - INFO - GetException
2017-09-08 09:21:53,312- root - INFO - GetException
2017-09-08 09:21:54,313- root - INFO - GetException
2017-09-08 09:21:55,315- root - INFO - GetException
2017-09-08 09:21:56,317- root - INFO - GetException
2017-09-08 09:21:57,318- root - INFO - GetException
2017-09-08 09:21:58,320- root - INFO - GetException
2017-09-08 09:21:59,322- root - INFO - GetException
2017-09-08 09:22:00,323- root - INFO - GetException
2017-09-08 09:22:01,325- root - INFO - GetException
2017-09-08 09:22:02,326- root - INFO - GetException
2017-09-08 09:22:03,328- root - INFO - GetException
2017-09-08 09:22:04,330- root - INFO - GetException
2017-09-08 09:22:05,331- root - INFO - GetException
2017-09-08 09:22:06,333- root - INFO - GetException
2017-09-08 09:22:07,334- root - INFO - GetException
2017-09-08 09:22:08,336- root - INFO - GetException
2017-09-08 09:22:09,338- root - INFO - GetException
2017-09-08 09:22:10,339- root - INFO - GetException
2017-09-08 09:22:11,341- root - INFO - GetException
2017-09-08 09:22:12,343- root - INFO - GetException
2017-09-08 09:22:13,344- root - INFO - GetException
2017-09-08 09:22:14,346- root - INFO - GetException
2017-09-08 09:22:15,348- root - INFO - GetException
2017-09-08 09:22:16,349- root - INFO - GetException
2017-09-08 09:22:17,351- root - INFO - GetException
2017-09-08 09:22:18,353- root - INFO - GetException
2017-09-08 09:22:19,354- root - INFO - GetException
2017-09-08 09:22:20,356- root - INFO - GetException
2017-09-08 09:22:21,357- root - INFO - GetException
2017-09-08 09:22:22,359- root - INFO - GetException
2017-09-08 09:22:23,361- root - INFO - GetException
2017-09-08 09:22:24,362- root - INFO - GetException
2017-09-08 09:22:25,364- root - INFO - GetException
2017-09-08 09:22:26,366- root - INFO - GetException
2017-09-08 09:22:27,367- root - INFO - GetException
2017-09-08 09:22:28,369- root - INFO - GetException
2017-09-08 09:22:29,371- root - INFO - GetException
2017-09-08 09:22:30,372- root - INFO - GetException
2017-09-08 09:22:31,374- root - INFO - GetException
2017-09-08 09:22:32,375- root - INFO - GetException
2017-09-08 09:22:33,377- root - INFO - GetException
2017-09-08 09:22:34,378- root - INFO - GetException
2017-09-08 09:22:35,379- root - INFO - GetException
2017-09-08 09:22:36,380- root - INFO - GetException
2017-09-08 09:22:37,382- root - INFO - GetException
2017-09-08 09:22:38,383- root - INFO - GetException
2017-09-08 09:22:39,384- root - INFO - GetException
2017-09-08 09:22:40,385- root - INFO - GetException
2017-09-08 09:22:41,386- root - INFO - GetException
2017-09-08 09:22:42,387- root - INFO - GetException
2017-09-08 09:22:43,388- root - INFO - GetException
2017-09-08 09:22:44,390- root - INFO - GetException
2017-09-08 09:22:45,391- root - INFO - GetException
2017-09-08 09:22:46,392- root - INFO - GetException
2017-09-08 09:22:47,393- root - INFO - GetException
2017-09-08 09:22:48,394- root - INFO - GetException
2017-09-08 09:22:49,395- root - INFO - GetException
2017-09-08 09:22:50,396- root - INFO - GetException
2017-09-08 09:22:51,397- root - INFO - GetException
2017-09-08 09:22:52,399- root - INFO - GetException
2017-09-08 09:22:53,400- root - INFO - GetException
2017-09-08 09:22:54,401- root - INFO - GetException
2017-09-08 09:22:55,402- root - INFO - GetException
2017-09-08 09:22:56,403- root - INFO - GetException
2017-09-08 09:22:57,404- root - INFO - GetException
2017-09-08 09:22:58,405- root - INFO - GetException
2017-09-08 09:22:59,407- root - INFO - GetException
2017-09-08 09:23:00,408- root - INFO - GetException
2017-09-08 09:23:01,409- root - INFO - GetException
2017-09-08 09:23:02,410- root - INFO - GetException
2017-09-08 09:23:03,411- root - INFO - GetException
2017-09-08 09:23:04,412- root - INFO - GetException
2017-09-08 09:23:05,413- root - INFO - GetException
2017-09-08 09:23:06,414- root - INFO - GetException
2017-09-08 09:23:07,416- root - INFO - GetException
2017-09-08 09:23:08,417- root - INFO - GetException
2017-09-08 09:23:09,418- root - INFO - GetException
2017-09-08 09:23:10,419- root - INFO - GetException
2017-09-08 09:23:11,420- root - INFO - GetException
2017-09-08 09:23:12,421- root - INFO - GetException
2017-09-08 09:23:13,423- root - INFO - GetException
2017-09-08 09:23:14,424- root - INFO - GetException
2017-09-08 09:23:15,425- root - INFO - GetException
2017-09-08 09:23:16,426- root - INFO - GetException
2017-09-08 09:23:17,427- root - INFO - GetException
2017-09-08 09:23:18,429- root - INFO - GetException
2017-09-08 09:23:19,430- root - INFO - GetException
2017-09-08 09:23:20,431- root - INFO - GetException
2017-09-08 09:23:21,432- root - INFO - GetException
2017-09-08 09:23:22,433- root - INFO - GetException
2017-09-08 09:23:23,434- root - INFO - None
2017-09-08 09:23:23,435- root - INFO - Select0
2017-09-08 09:23:23,435- root - INFO - Create:RSL_Expt_20170908_092323.prf
2017-09-08 09:23:23,435- root - INFO - None
2017-09-08 09:23:23,435- root - DEBUG - None
2017-09-08 09:23:23,435- root - INFO - Server Shutdown
2017-09-08 09:23:23,436- root - INFO - See You!
2017-09-08 09:28:48,424- root - INFO - Wake SV!
2017-09-08 09:28:48,424- root - INFO - join:main()
2017-09-08 09:28:49,426- root - INFO - GetException
2017-09-08 09:28:50,428- root - INFO - GetException
2017-09-08 09:28:51,429- root - INFO - GetException
2017-09-08 09:28:52,431- root - INFO - GetException
2017-09-08 09:28:53,432- root - INFO - GetException
2017-09-08 09:28:54,434- root - INFO - GetException
2017-09-08 09:28:55,436- root - INFO - GetException
2017-09-08 09:28:56,437- root - INFO - GetException
2017-09-08 09:28:57,439- root - INFO - GetException
2017-09-08 09:28:58,441- root - INFO - GetException
2017-09-08 09:28:59,443- root - INFO - GetException
2017-09-08 09:29:00,444- root - INFO - GetException
2017-09-08 09:29:01,446- root - INFO - GetException
2017-09-08 09:29:02,447- root - INFO - GetException
2017-09-08 09:29:03,449- root - INFO - None
2017-09-08 09:29:03,450- root - INFO - Select0
2017-09-08 09:29:03,450- root - INFO - None
2017-09-08 09:29:03,450- root - INFO - Create:RSL_Expt_20170908_092902.prf
2017-09-08 09:29:03,450- root - DEBUG - None
2017-09-08 09:29:03,450- root - INFO - Server Shutdown
2017-09-08 09:29:03,451- root - INFO - See You!
2017-09-08 09:59:30,342- root - INFO - Wake SV!
2017-09-08 09:59:30,342- root - INFO - join:main()
2017-09-08 09:59:31,344- root - INFO - GetException
