2017-08-23 09:59:40,755- root - INFO - CL_Start
2017-08-23 09:59:43,753- root - DEBUG - main(Mval:0)
2017-08-23 09:59:43,754- root - INFO - Select_EXIT
2017-08-23 09:59:53,954- root - INFO - MakeExptFile
2017-08-23 09:59:53,955- root - INFO - MadeExptFile
2017-08-23 09:59:58,960- root - INFO - InptFile
2017-08-23 10:00:00,963- root - DEBUG - gFName:cmp-RSL_Expt_20170821_170020.prf
2017-08-23 10:00:00,963- root - DEBUG - gFName:_Expt_20170823_095953.prf
2017-08-23 10:00:00,963- root - DEBUG - gFName:cmp-RSL_Expt_20170821_165805.prf
2017-08-23 10:00:00,963- root - DEBUG - gFName:cmp-RSL_Expt_20170821_165312.prf
2017-08-23 10:00:00,963- root - DEBUG - gFName:RSL_Expt_20170823_095953.prf
2017-08-23 10:00:00,964- root - DEBUG - None
2017-08-23 10:00:00,964- root - INFO - renamed
2017-08-23 10:00:00,964- root - INFO - fin_InptFile
2017-08-23 10:00:08,858- root - INFO - CL_fin
2017-08-23 10:02:45,669- root - INFO - CL_Start
2017-08-23 10:02:47,159- root - DEBUG - main(Mval:0)
2017-08-23 10:02:47,159- root - INFO - Select_EXIT
2017-08-23 10:02:48,843- root - INFO - MakeExptFile
2017-08-23 10:02:48,844- root - INFO - MadeExptFile
2017-08-23 10:02:53,853- root - INFO - InptFile
2017-08-23 10:02:55,855- root - DEBUG - gFName:cmp-RSL_Expt_20170821_170020.prf
2017-08-23 10:02:55,856- root - DEBUG - gFName:cmp-RSL_Expt_20170821_165805.prf
2017-08-23 10:02:55,856- root - DEBUG - gFName:cmp-RSL_Expt_20170821_165312.prf
2017-08-23 10:02:55,856- root - DEBUG - gFName:cmp-RSL_Expt_20170821_165816.prf
2017-08-23 10:02:55,856- root - DEBUG - gFName:cmp-RSL_Expt_20170821_165947.prf
2017-08-23 10:02:55,856- root - DEBUG - gFName:cmp-RSL_Expt_20170821_165819.prf
2017-08-23 10:02:55,856- root - DEBUG - gFName:cmp-RSL_Expt_20170821_165846.prf
2017-08-23 10:02:55,856- root - DEBUG - gFName:cmp-RSL_Expt_20170821_165310.prf
2017-08-23 10:02:55,856- root - DEBUG - gFName:cmp-RSL_Expt_20170821_165248.prf
2017-08-23 10:02:55,856- root - DEBUG - gFName:cmp-RSL_Expt_20170821_165337.prf
2017-08-23 10:02:55,856- root - DEBUG - gFName:cmp-RSL_Expt_20170821_165749.prf
2017-08-23 10:02:55,856- root - DEBUG - gFName:RSL_Expt_20170823_100248.prf
2017-08-23 10:02:55,857- root - DEBUG - None
2017-08-23 10:02:55,857- root - INFO - renamed
2017-08-23 10:02:55,857- root - INFO - fin_InptFile
2017-08-23 10:03:00,102- root - INFO - CL_fin
2017-08-23 10:29:42,790- root - INFO - CL_Start
2017-08-23 10:29:44,845- root - DEBUG - main(Mval:1)
2017-08-23 10:29:44,845- root - INFO - Swlwct_New
2017-08-23 10:29:44,848- root - INFO - NewCreate
2017-08-23 10:29:51,155- root - ERROR - Geterrer:L(New)
2017-08-23 10:29:52,743- root - DEBUG - main(Mval:2)
2017-08-23 10:29:52,743- root - INFO - Select_Get
2017-08-23 10:29:52,745- root - INFO - Search
2017-08-23 10:29:55,131- root - INFO - MakeExptFile
2017-08-23 10:29:55,132- root - INFO - MadeExptFile
2017-08-23 10:29:55,132- root - INFO - InptFile
2017-08-23 10:29:57,134- root - DEBUG - gFName:cmp-RSL_Expt_20170821_170020.prf
2017-08-23 10:29:57,134- root - DEBUG - gFName:cmp-RSL_Expt_20170821_165805.prf
2017-08-23 10:29:57,134- root - DEBUG - gFName:cmp-RSL_Expt_20170821_165312.prf
2017-08-23 10:29:57,135- root - DEBUG - gFName:cmp-RSL_Expt_20170821_165816.prf
2017-08-23 10:29:57,135- root - DEBUG - gFName:cmp-RSL_Expt_20170821_165947.prf
2017-08-23 10:29:57,135- root - DEBUG - gFName:cmp-RSL_Expt_20170821_165819.prf
2017-08-23 10:29:57,135- root - DEBUG - gFName:cmp-RSL_Expt_20170821_165846.prf
2017-08-23 10:29:57,135- root - DEBUG - gFName:cmp-RSL_Expt_20170821_165310.prf
2017-08-23 10:29:57,136- root - DEBUG - gFName:cmp-RSL_Expt_20170821_165248.prf
2017-08-23 10:29:57,136- root - DEBUG - gFName:cmp-RSL_Expt_20170823_100248.prf
2017-08-23 10:29:57,136- root - DEBUG - gFName:cmp-RSL_Expt_20170821_165337.prf
2017-08-23 10:29:57,136- root - DEBUG - gFName:cmp-RSL_Expt_20170821_165749.prf
2017-08-23 10:29:57,136- root - DEBUG - gFName:cmp-RSL_Expt_20170821_165254.prf
2017-08-23 10:29:57,136- root - DEBUG - gFName:.swp
2017-08-23 10:29:57,137- root - DEBUG - gFName:cmp-RSL_Expt_20170821_165821.prf
2017-08-23 10:29:57,137- root - DEBUG - gFName:cmp-RSL_Expt_20170821_165354.prf
2017-08-23 10:29:57,137- root - DEBUG - gFName:._Expt_20170823_100248.prf.swp
2017-08-23 10:29:57,137- root - DEBUG - gFName:cmp-RSL_Expt_20170821_170220.prf
2017-08-23 10:29:57,137- root - DEBUG - gFName:cmp-RSL_Expt_20170821_165828.prf
2017-08-23 10:29:57,137- root - DEBUG - gFName:cmp-RSL_Expt_20170823_095953.prf
2017-08-23 10:29:57,138- root - DEBUG - gFName:cmp-RSL_Expt_20170823_095827.prf
2017-08-23 10:29:57,138- root - DEBUG - gFName:cmp-RSL_Expt_20170821_165813.prf
2017-08-23 10:29:57,138- root - DEBUG - gFName:RSL_Expt_20170823_095648.prf
2017-08-23 10:29:57,138- root - DEBUG - None
2017-08-23 10:29:57,139- root - INFO - renamed
2017-08-23 10:29:57,139- root - INFO - fin_InptFile
2017-08-23 10:29:57,139- root - INFO - MakeExptFile
2017-08-23 10:29:57,140- root - INFO - MadeExptFile
2017-08-23 10:29:57,140- root - INFO - InptFile
2017-08-23 10:29:59,143- root - DEBUG - gFName:Expt_20170823_102957.prf
2017-08-23 10:29:59,143- root - DEBUG - gFName:cmp-RSL_Expt_20170821_170020.prf
2017-08-23 10:29:59,144- root - DEBUG - gFName:cmp-RSL_Expt_20170821_165805.prf
2017-08-23 10:29:59,144- root - DEBUG - gFName:cmp-RSL_Expt_20170821_165312.prf
2017-08-23 10:29:59,144- root - DEBUG - gFName:cmp-RSL_Expt_20170821_165816.prf
2017-08-23 10:29:59,144- root - DEBUG - gFName:cmp-RSL_Expt_20170821_165947.prf
2017-08-23 10:29:59,144- root - DEBUG - gFName:cmp-RSL_Expt_20170821_165819.prf
2017-08-23 10:29:59,145- root - DEBUG - gFName:cmp-RSL_Expt_20170821_165846.prf
2017-08-23 10:29:59,145- root - DEBUG - gFName:cmp-RSL_Expt_20170821_165310.prf
2017-08-23 10:29:59,145- root - DEBUG - gFName:cmp-RSL_Expt_20170821_165248.prf
2017-08-23 10:29:59,145- root - DEBUG - gFName:cmp-RSL_Expt_20170823_100248.prf
2017-08-23 10:29:59,145- root - DEBUG - gFName:cmp-RSL_Expt_20170821_165337.prf
2017-08-23 10:29:59,145- root - DEBUG - gFName:cmp-RSL_Expt_20170821_165749.prf
2017-08-23 10:29:59,146- root - DEBUG - gFName:cmp-RSL_Expt_20170821_165254.prf
2017-08-23 10:29:59,146- root - DEBUG - gFName:.swp
2017-08-23 10:29:59,146- root - DEBUG - gFName:cmp-RSL_Expt_20170821_165821.prf
2017-08-23 10:29:59,146- root - DEBUG - gFName:cmp-RSL_Expt_20170821_165354.prf
2017-08-23 10:29:59,146- root - DEBUG - gFName:._Expt_20170823_100248.prf.swp
2017-08-23 10:29:59,146- root - DEBUG - gFName:cmp-RSL_Expt_20170821_170220.prf
2017-08-23 10:29:59,147- root - DEBUG - gFName:cmp-RSL_Expt_20170821_165828.prf
2017-08-23 10:29:59,147- root - DEBUG - gFName:cmp-RSL_Expt_20170823_095953.prf
2017-08-23 10:29:59,147- root - DEBUG - gFName:cmp-RSL_Expt_20170823_095827.prf
2017-08-23 10:29:59,147- root - DEBUG - gFName:cmp-RSL_Expt_20170821_165813.prf
2017-08-23 10:29:59,147- root - DEBUG - gFName:_Expt_20170823_100248.prf
2017-08-23 10:29:59,147- root - DEBUG - gFName:cmp-RSL_Expt_20170821_170129.prf
2017-08-23 10:29:59,148- root - DEBUG - gFName:cmp-RSL_Expt_20170821_165322.prf
2017-08-23 10:29:59,148- root - DEBUG - gFName:cmp-RSL_Expt_20170821_165843.prf
2017-08-23 10:29:59,148- root - DEBUG - gFName:cmp-RSL_Expt_20170821_165345.prf
2017-08-23 10:29:59,148- root - DEBUG - gFName:cmp-RSL_Expt_20170823_095648.prf
2017-08-23 10:29:59,148- root - DEBUG - gFName:cmp-RSL_Expt_20170821_165849.prf
2017-08-23 10:29:59,149- root - DEBUG - gFName:cmp-RSL_Expt_20170821_165411.prf
2017-08-23 10:29:59,149- root - DEBUG - gFName:cmp-RSL_Expt_20170821_165840.prf
2017-08-23 10:29:59,149- root - DEBUG - gFName:Expt_20170823_102955.prf
2017-08-23 10:29:59,149- root - DEBUG - gFName:cmp-RSL_Expt_20170821_165824.prf
2017-08-23 10:29:59,150- root - DEBUG - gFName:cmp-RSL_Expt_20170821_165837.prf
2017-08-23 10:30:01,152- root - DEBUG - gFName:Expt_20170823_102957.prf
2017-08-23 10:30:01,152- root - DEBUG - gFName:cmp-RSL_Expt_20170821_170020.prf
2017-08-23 10:30:01,152- root - DEBUG - gFName:cmp-RSL_Expt_20170821_165805.prf
2017-08-23 10:30:01,153- root - DEBUG - gFName:cmp-RSL_Expt_20170821_165312.prf
2017-08-23 10:30:01,153- root - DEBUG - gFName:cmp-RSL_Expt_20170821_165816.prf
2017-08-23 10:30:01,153- root - DEBUG - gFName:cmp-RSL_Expt_20170821_165947.prf
2017-08-23 10:30:01,153- root - DEBUG - gFName:cmp-RSL_Expt_20170821_165819.prf
2017-08-23 10:30:01,153- root - DEBUG - gFName:cmp-RSL_Expt_20170821_165846.prf
2017-08-23 10:30:01,154- root - DEBUG - gFName:cmp-RSL_Expt_20170821_165310.prf
2017-08-23 10:30:01,154- root - DEBUG - gFName:cmp-RSL_Expt_20170821_165248.prf
2017-08-23 10:30:01,154- root - DEBUG - gFName:cmp-RSL_Expt_20170823_100248.prf
2017-08-23 10:30:01,154- root - DEBUG - gFName:cmp-RSL_Expt_20170821_165337.prf
2017-08-23 10:30:01,154- root - DEBUG - gFName:cmp-RSL_Expt_20170821_165749.prf
2017-08-23 10:30:01,155- root - DEBUG - gFName:cmp-RSL_Expt_20170821_165254.prf
2017-08-23 10:30:01,155- root - DEBUG - gFName:.swp
2017-08-23 10:30:01,155- root - DEBUG - gFName:cmp-RSL_Expt_20170821_165821.prf
2017-08-23 10:30:01,155- root - DEBUG - gFName:cmp-RSL_Expt_20170821_165354.prf
2017-08-23 10:30:01,155- root - DEBUG - gFName:._Expt_20170823_100248.prf.swp
2017-08-23 10:30:01,155- root - DEBUG - gFName:cmp-RSL_Expt_20170821_170220.prf
2017-08-23 10:30:01,156- root - DEBUG - gFName:cmp-RSL_Expt_20170821_165828.prf
2017-08-23 10:30:01,156- root - DEBUG - gFName:cmp-RSL_Expt_20170823_095953.prf
2017-08-23 10:30:01,156- root - DEBUG - gFName:cmp-RSL_Expt_20170823_095827.prf
2017-08-23 10:30:01,156- root - DEBUG - gFName:cmp-RSL_Expt_20170821_165813.prf
2017-08-23 10:30:01,156- root - DEBUG - gFName:_Expt_20170823_100248.prf
2017-08-23 10:30:01,156- root - DEBUG - gFName:cmp-RSL_Expt_20170821_170129.prf
2017-08-23 10:30:01,157- root - DEBUG - gFName:cmp-RSL_Expt_20170821_165322.prf
2017-08-23 10:30:01,157- root - DEBUG - gFName:cmp-RSL_Expt_20170821_165843.prf
2017-08-23 10:30:01,157- root - DEBUG - gFName:cmp-RSL_Expt_20170821_165345.prf
2017-08-23 10:30:01,157- root - DEBUG - gFName:cmp-RSL_Expt_20170823_095648.prf
2017-08-23 10:30:01,157- root - DEBUG - gFName:cmp-RSL_Expt_20170821_165849.prf
2017-08-23 10:30:01,158- root - DEBUG - gFName:cmp-RSL_Expt_20170821_165411.prf
2017-08-23 10:30:01,158- root - DEBUG - gFName:cmp-RSL_Expt_20170821_165840.prf
2017-08-23 10:30:01,158- root - DEBUG - gFName:Expt_20170823_102955.prf
2017-08-23 10:30:01,158- root - DEBUG - gFName:cmp-RSL_Expt_20170821_165824.prf
2017-08-23 10:30:01,158- root - DEBUG - gFName:cmp-RSL_Expt_20170821_165837.prf
2017-08-23 10:30:03,161- root - DEBUG - gFName:Expt_20170823_102957.prf
2017-08-23 10:30:03,161- root - DEBUG - gFName:cmp-RSL_Expt_20170821_170020.prf
2017-08-23 10:30:03,162- root - DEBUG - gFName:cmp-RSL_Expt_20170821_165805.prf
2017-08-23 10:30:03,162- root - DEBUG - gFName:cmp-RSL_Expt_20170821_165312.prf
2017-08-23 10:30:03,162- root - DEBUG - gFName:cmp-RSL_Expt_20170821_165816.prf
2017-08-23 10:30:03,162- root - DEBUG - gFName:cmp-RSL_Expt_20170821_165947.prf
2017-08-23 10:30:03,162- root - DEBUG - gFName:cmp-RSL_Expt_20170821_165819.prf
2017-08-23 10:30:03,163- root - DEBUG - gFName:cmp-RSL_Expt_20170821_165846.prf
2017-08-23 10:30:03,163- root - DEBUG - gFName:cmp-RSL_Expt_20170821_165310.prf
2017-08-23 10:30:03,163- root - DEBUG - gFName:cmp-RSL_Expt_20170821_165248.prf
2017-08-23 10:30:03,163- root - DEBUG - gFName:cmp-RSL_Expt_20170823_100248.prf
2017-08-23 10:30:03,163- root - DEBUG - gFName:cmp-RSL_Expt_20170821_165337.prf
2017-08-23 10:30:03,163- root - DEBUG - gFName:cmp-RSL_Expt_20170821_165749.prf
2017-08-23 10:30:03,164- root - DEBUG - gFName:cmp-RSL_Expt_20170821_165254.prf
2017-08-23 10:30:03,164- root - DEBUG - gFName:.swp
2017-08-23 10:30:03,164- root - DEBUG - gFName:cmp-RSL_Expt_20170821_165821.prf
2017-08-23 10:30:03,164- root - DEBUG - gFName:cmp-RSL_Expt_20170821_165354.prf
2017-08-23 10:30:03,164- root - DEBUG - gFName:._Expt_20170823_100248.prf.swp
2017-08-23 10:30:03,164- root - DEBUG - gFName:cmp-RSL_Expt_20170821_170220.prf
2017-08-23 10:30:03,165- root - DEBUG - gFName:cmp-RSL_Expt_20170821_165828.prf
2017-08-23 10:30:03,165- root - DEBUG - gFName:cmp-RSL_Expt_20170823_095953.prf
2017-08-23 10:30:03,165- root - DEBUG - gFName:cmp-RSL_Expt_20170823_095827.prf
2017-08-23 10:30:03,165- root - DEBUG - gFName:cmp-RSL_Expt_20170821_165813.prf
2017-08-23 10:30:03,165- root - DEBUG - gFName:_Expt_20170823_100248.prf
2017-08-23 10:30:03,165- root - DEBUG - gFName:cmp-RSL_Expt_20170821_170129.prf
2017-08-23 10:30:03,166- root - DEBUG - gFName:cmp-RSL_Expt_20170821_165322.prf
2017-08-23 10:30:03,166- root - DEBUG - gFName:cmp-RSL_Expt_20170821_165843.prf
2017-08-23 10:30:03,166- root - DEBUG - gFName:cmp-RSL_Expt_20170821_165345.prf
2017-08-23 10:30:03,166- root - DEBUG - gFName:cmp-RSL_Expt_20170823_095648.prf
2017-08-23 10:30:03,167- root - DEBUG - gFName:cmp-RSL_Expt_20170821_165849.prf
2017-08-23 10:30:03,167- root - DEBUG - gFName:cmp-RSL_Expt_20170821_165411.prf
2017-08-23 10:30:03,167- root - DEBUG - gFName:cmp-RSL_Expt_20170821_165840.prf
2017-08-23 10:30:03,167- root - DEBUG - gFName:Expt_20170823_102955.prf
2017-08-23 10:30:03,167- root - DEBUG - gFName:cmp-RSL_Expt_20170821_165824.prf
2017-08-23 10:30:03,168- root - DEBUG - gFName:cmp-RSL_Expt_20170821_165837.prf
2017-08-23 10:30:04,968- root - ERROR - Geterrer:L530(Get)
2017-08-23 10:30:06,749- root - INFO - CL_Start
2017-08-23 10:30:13,331- root - DEBUG - main(Mval:2)
2017-08-23 10:30:13,331- root - INFO - Select_Get
2017-08-23 10:30:13,333- root - INFO - Search
2017-08-23 10:30:15,034- root - INFO - MakeExptFile
2017-08-23 10:30:15,034- root - INFO - MadeExptFile
2017-08-23 10:30:15,035- root - INFO - InptFile
2017-08-23 10:30:17,037- root - DEBUG - gFName:_Expt_20170823_103015.prf
2017-08-23 10:30:17,037- root - DEBUG - gFName:cmp-RSL_Expt_20170821_170020.prf
2017-08-23 10:30:17,037- root - DEBUG - gFName:cmp-RSL_Expt_20170821_165805.prf
2017-08-23 10:30:17,038- root - DEBUG - gFName:cmp-RSL_Expt_20170821_165312.prf
2017-08-23 10:30:17,038- root - DEBUG - gFName:cmp-RSL_Expt_20170821_165816.prf
2017-08-23 10:30:17,038- root - DEBUG - gFName:cmp-RSL_Expt_20170821_165947.prf
2017-08-23 10:30:17,038- root - DEBUG - gFName:cmp-RSL_Expt_20170821_165819.prf
2017-08-23 10:30:17,038- root - DEBUG - gFName:cmp-RSL_Expt_20170821_165846.prf
2017-08-23 10:30:17,039- root - DEBUG - gFName:cmp-RSL_Expt_20170821_165310.prf
2017-08-23 10:30:17,039- root - DEBUG - gFName:cmp-RSL_Expt_20170821_165248.prf
2017-08-23 10:30:17,039- root - DEBUG - gFName:cmp-RSL_Expt_20170823_100248.prf
2017-08-23 10:30:17,039- root - DEBUG - gFName:cmp-RSL_Expt_20170821_165337.prf
2017-08-23 10:30:17,039- root - DEBUG - gFName:RSL_Expt_20170823_103015.prf
2017-08-23 10:30:17,040- root - DEBUG - None
2017-08-23 10:30:17,040- root - INFO - renamed
2017-08-23 10:30:17,040- root - INFO - fin_InptFile
2017-08-23 10:30:17,040- root - INFO - MakeExptFile
2017-08-23 10:30:17,041- root - INFO - MadeExptFile
2017-08-23 10:30:17,041- root - INFO - InptFile
2017-08-23 10:30:19,043- root - DEBUG - gFName:_Expt_20170823_103017.prf
2017-08-23 10:30:19,044- root - DEBUG - gFName:cmp-RSL_Expt_20170821_170020.prf
2017-08-23 10:30:19,044- root - DEBUG - gFName:cmp-RSL_Expt_20170821_165805.prf
2017-08-23 10:30:19,044- root - DEBUG - gFName:cmp-RSL_Expt_20170821_165312.prf
2017-08-23 10:30:19,044- root - DEBUG - gFName:cmp-RSL_Expt_20170821_165816.prf
2017-08-23 10:30:19,045- root - DEBUG - gFName:cmp-RSL_Expt_20170821_165947.prf
2017-08-23 10:30:19,045- root - DEBUG - gFName:cmp-RSL_Expt_20170821_165819.prf
2017-08-23 10:30:19,045- root - DEBUG - gFName:cmp-RSL_Expt_20170821_165846.prf
2017-08-23 10:30:19,045- root - DEBUG - gFName:cmp-RSL_Expt_20170821_165310.prf
2017-08-23 10:30:19,045- root - DEBUG - gFName:cmp-RSL_Expt_20170821_165248.prf
2017-08-23 10:30:19,046- root - DEBUG - gFName:cmp-RSL_Expt_20170823_100248.prf
2017-08-23 10:30:19,046- root - DEBUG - gFName:cmp-RSL_Expt_20170821_165337.prf
2017-08-23 10:30:19,046- root - DEBUG - gFName:cmp-RSL_Expt_20170821_165749.prf
2017-08-23 10:30:19,046- root - DEBUG - gFName:cmp-RSL_Expt_20170821_165254.prf
2017-08-23 10:30:19,046- root - DEBUG - gFName:.swp
2017-08-23 10:30:19,046- root - DEBUG - gFName:cmp-RSL_Expt_20170821_165821.prf
2017-08-23 10:30:19,047- root - DEBUG - gFName:cmp-RSL_Expt_20170821_165354.prf
2017-08-23 10:30:19,047- root - DEBUG - gFName:._Expt_20170823_100248.prf.swp
2017-08-23 10:30:19,047- root - DEBUG - gFName:RSL_Expt_20170823_102955.prf
2017-08-23 10:30:19,047- root - DEBUG - None
2017-08-23 10:30:19,047- root - INFO - renamed
2017-08-23 10:30:19,048- root - INFO - fin_InptFile
2017-08-23 10:30:24,948- root - INFO - MakeExptFile
2017-08-23 10:30:24,949- root - INFO - MadeExptFile
2017-08-23 10:30:24,949- root - INFO - InptFile
2017-08-23 10:30:26,952- root - DEBUG - gFName:RSL_Expt_20170823_103024.prf
2017-08-23 10:30:26,953- root - DEBUG - None
2017-08-23 10:30:26,953- root - INFO - renamed
2017-08-23 10:30:26,953- root - INFO - fin_InptFile
2017-08-23 10:30:31,786- root - INFO - fin_Search
2017-08-23 10:30:33,576- root - DEBUG - main(Mval:0)
2017-08-23 10:30:33,576- root - INFO - Select_EXIT
2017-08-23 10:30:35,727- root - INFO - MakeExptFile
2017-08-23 10:30:35,727- root - INFO - MadeExptFile
2017-08-23 10:30:40,736- root - INFO - InptFile
2017-08-23 10:30:42,739- root - DEBUG - gFName:cmp-RSL_Expt_20170823_103024.prf
2017-08-23 10:30:42,739- root - DEBUG - gFName:cmp-RSL_Expt_20170821_170020.prf
2017-08-23 10:30:42,739- root - DEBUG - gFName:cmp-RSL_Expt_20170821_165805.prf
2017-08-23 10:30:42,739- root - DEBUG - gFName:cmp-RSL_Expt_20170821_165312.prf
2017-08-23 10:30:42,739- root - DEBUG - gFName:cmp-RSL_Expt_20170821_165816.prf
2017-08-23 10:30:42,739- root - DEBUG - gFName:cmp-RSL_Expt_20170821_165947.prf
2017-08-23 10:30:42,739- root - DEBUG - gFName:cmp-RSL_Expt_20170821_165819.prf
2017-08-23 10:30:42,740- root - DEBUG - gFName:_Expt_20170823_103035.prf
2017-08-23 10:30:42,740- root - DEBUG - gFName:cmp-RSL_Expt_20170821_165846.prf
2017-08-23 10:30:42,740- root - DEBUG - gFName:cmp-RSL_Expt_20170821_165310.prf
2017-08-23 10:30:42,740- root - DEBUG - gFName:cmp-RSL_Expt_20170821_165248.prf
2017-08-23 10:30:42,740- root - DEBUG - gFName:cmp-RSL_Expt_20170823_100248.prf
2017-08-23 10:30:42,740- root - DEBUG - gFName:cmp-RSL_Expt_20170821_165337.prf
2017-08-23 10:30:42,740- root - DEBUG - gFName:cmp-RSL_Expt_20170823_102955.prf
2017-08-23 10:30:42,740- root - DEBUG - gFName:cmp-RSL_Expt_20170821_165749.prf
2017-08-23 10:30:42,740- root - DEBUG - gFName:cmp-RSL_Expt_20170821_165254.prf
2017-08-23 10:30:42,740- root - DEBUG - gFName:RSL_Expt_20170823_103035.prf
2017-08-23 10:30:42,740- root - DEBUG - None
2017-08-23 10:30:42,741- root - INFO - renamed
2017-08-23 10:30:42,741- root - INFO - fin_InptFile
2017-08-23 10:30:46,145- root - INFO - CL_fin
2017-08-23 10:34:13,007- root - INFO - CL_Start
2017-08-23 10:34:37,559- root - DEBUG - main(Mval:1)
2017-08-23 10:34:37,559- root - INFO - Swlwct_New
2017-08-23 10:34:37,561- root - INFO - NewCreate
2017-08-23 10:35:05,081- root - INFO - MakeExptFile
2017-08-23 10:35:05,082- root - INFO - MadeExptFile
2017-08-23 10:35:05,082- root - INFO - InptFile
2017-08-23 10:35:07,084- root - DEBUG - gFName:_Expt_20170823_103505.prf
2017-08-23 10:35:07,085- root - DEBUG - gFName:cmp-RSL_Expt_20170823_103024.prf
2017-08-23 10:35:07,085- root - DEBUG - gFName:cmp-RSL_Expt_20170821_170020.prf
2017-08-23 10:35:07,085- root - DEBUG - gFName:cmp-RSL_Expt_20170821_165805.prf
2017-08-23 10:35:07,085- root - DEBUG - gFName:cmp-RSL_Expt_20170821_165312.prf
2017-08-23 10:35:07,085- root - DEBUG - gFName:cmp-RSL_Expt_20170821_165816.prf
2017-08-23 10:35:07,085- root - DEBUG - gFName:cmp-RSL_Expt_20170821_165947.prf
2017-08-23 10:35:07,085- root - DEBUG - gFName:cmp-RSL_Expt_20170821_165819.prf
2017-08-23 10:35:07,085- root - DEBUG - gFName:cmp-RSL_Expt_20170823_103035.prf
2017-08-23 10:35:07,085- root - DEBUG - gFName:cmp-RSL_Expt_20170821_165846.prf
2017-08-23 10:35:07,085- root - DEBUG - gFName:cmp-RSL_Expt_20170821_165310.prf
2017-08-23 10:35:07,085- root - DEBUG - gFName:cmp-RSL_Expt_20170821_165248.prf
2017-08-23 10:35:07,086- root - DEBUG - gFName:cmp-RSL_Expt_20170823_100248.prf
2017-08-23 10:35:07,086- root - DEBUG - gFName:cmp-RSL_Expt_20170821_165337.prf
2017-08-23 10:35:07,086- root - DEBUG - gFName:cmp-RSL_Expt_20170823_102955.prf
2017-08-23 10:35:07,086- root - DEBUG - gFName:cmp-RSL_Expt_20170821_165749.prf
2017-08-23 10:35:07,086- root - DEBUG - gFName:cmp-RSL_Expt_20170821_165254.prf
2017-08-23 10:35:07,087- root - DEBUG - gFName:.swp
2017-08-23 10:35:07,087- root - DEBUG - gFName:RSL_Expt_20170823_103505.prf
2017-08-23 10:35:07,087- root - DEBUG - None
2017-08-23 10:35:07,087- root - INFO - renamed
2017-08-23 10:35:07,087- root - INFO - fin_InptFile
2017-08-23 10:35:35,425- root - INFO - MakeExptFile
2017-08-23 10:35:35,426- root - INFO - MadeExptFile
2017-08-23 10:35:35,426- root - INFO - InptFile
2017-08-23 10:35:37,428- root - DEBUG - gFName:cmp-RSL_Expt_20170823_103024.prf
2017-08-23 10:35:37,429- root - DEBUG - gFName:cmp-RSL_Expt_20170821_170020.prf
2017-08-23 10:35:37,429- root - DEBUG - gFName:cmp-RSL_Expt_20170821_165805.prf
2017-08-23 10:35:37,429- root - DEBUG - gFName:cmp-RSL_Expt_20170821_165312.prf
2017-08-23 10:35:37,429- root - DEBUG - gFName:cmp-RSL_Expt_20170821_165816.prf
2017-08-23 10:35:37,429- root - DEBUG - gFName:cmp-RSL_Expt_20170821_165947.prf
2017-08-23 10:35:37,429- root - DEBUG - gFName:cmp-RSL_Expt_20170821_165819.prf
2017-08-23 10:35:37,429- root - DEBUG - gFName:cmp-RSL_Expt_20170823_103035.prf
2017-08-23 10:35:37,429- root - DEBUG - gFName:cmp-RSL_Expt_20170821_165846.prf
2017-08-23 10:35:37,429- root - DEBUG - gFName:cmp-RSL_Expt_20170821_165310.prf
2017-08-23 10:35:37,429- root - DEBUG - gFName:cmp-RSL_Expt_20170821_165248.prf
2017-08-23 10:35:37,429- root - DEBUG - gFName:cmp-RSL_Expt_20170823_100248.prf
2017-08-23 10:35:37,429- root - DEBUG - gFName:cmp-RSL_Expt_20170821_165337.prf
2017-08-23 10:35:37,430- root - DEBUG - gFName:cmp-RSL_Expt_20170823_102955.prf
2017-08-23 10:35:37,430- root - DEBUG - gFName:cmp-RSL_Expt_20170821_165749.prf
2017-08-23 10:35:37,430- root - DEBUG - gFName:cmp-RSL_Expt_20170821_165254.prf
2017-08-23 10:35:37,430- root - DEBUG - gFName:.swp
2017-08-23 10:35:37,430- root - DEBUG - gFName:cmp-RSL_Expt_20170821_165821.prf
2017-08-23 10:35:37,431- root - DEBUG - gFName:cmp-RSL_Expt_20170821_165354.prf
2017-08-23 10:35:37,431- root - DEBUG - gFName:RSL_Expt_20170823_103535.prf
2017-08-23 10:35:37,431- root - DEBUG - None
2017-08-23 10:35:37,431- root - INFO - renamed
2017-08-23 10:35:37,431- root - INFO - fin_InptFile
2017-08-23 10:35:37,432- root - INFO - Create_OK
2017-08-23 10:35:46,771- root - INFO - Create_continue
2017-08-23 10:35:51,390- root - INFO - MakeExptFile
2017-08-23 10:35:51,390- root - INFO - MadeExptFile
2017-08-23 10:35:51,391- root - INFO - InptFile
2017-08-23 10:35:53,393- root - DEBUG - gFName:RSL_Expt_20170823_103551.prf
2017-08-23 10:35:53,393- root - DEBUG - None
2017-08-23 10:35:53,393- root - INFO - renamed
2017-08-23 10:35:53,393- root - INFO - fin_InptFile
2017-08-23 10:36:12,571- root - ERROR - Geterrer:L(New)
2017-08-23 10:36:47,222- root - DEBUG - main(Mval:2)
2017-08-23 10:36:47,222- root - INFO - Select_Get
2017-08-23 10:36:47,224- root - INFO - Search
2017-08-23 10:37:29,236- root - INFO - MakeExptFile
2017-08-23 10:37:29,236- root - INFO - MadeExptFile
2017-08-23 10:37:29,237- root - INFO - InptFile
2017-08-23 10:37:31,238- root - DEBUG - gFName:RSL_Expt_20170823_103729.prf
2017-08-23 10:37:31,238- root - DEBUG - None
2017-08-23 10:37:31,238- root - INFO - renamed
2017-08-23 10:37:31,238- root - INFO - fin_InptFile
2017-08-23 10:37:31,239- root - INFO - MakeExptFile
2017-08-23 10:37:31,239- root - INFO - MadeExptFile
2017-08-23 10:37:31,239- root - INFO - InptFile
2017-08-23 10:37:33,242- root - DEBUG - gFName:cmp-RSL_Expt_20170823_103024.prf
2017-08-23 10:37:33,242- root - DEBUG - gFName:cmp-RSL_Expt_20170821_170020.prf
2017-08-23 10:37:33,242- root - DEBUG - gFName:cmp-RSL_Expt_20170821_165805.prf
2017-08-23 10:37:33,242- root - DEBUG - gFName:cmp-RSL_Expt_20170823_103551.prf
2017-08-23 10:37:33,242- root - DEBUG - gFName:cmp-RSL_Expt_20170821_165312.prf
2017-08-23 10:37:33,242- root - DEBUG - gFName:cmp-RSL_Expt_20170821_165816.prf
2017-08-23 10:37:33,243- root - DEBUG - gFName:cmp-RSL_Expt_20170823_103535.prf
2017-08-23 10:37:33,243- root - DEBUG - gFName:cmp-RSL_Expt_20170821_165947.prf
2017-08-23 10:37:33,243- root - DEBUG - gFName:cmp-RSL_Expt_20170821_165819.prf
2017-08-23 10:37:33,243- root - DEBUG - gFName:cmp-RSL_Expt_20170823_103035.prf
2017-08-23 10:37:33,243- root - DEBUG - gFName:cmp-RSL_Expt_20170821_165846.prf
2017-08-23 10:37:33,243- root - DEBUG - gFName:cmp-RSL_Expt_20170821_165310.prf
2017-08-23 10:37:33,243- root - DEBUG - gFName:cmp-RSL_Expt_20170821_165248.prf
2017-08-23 10:37:33,243- root - DEBUG - gFName:cmp-RSL_Expt_20170823_100248.prf
2017-08-23 10:37:33,243- root - DEBUG - gFName:cmp-RSL_Expt_20170821_165337.prf
2017-08-23 10:37:33,243- root - DEBUG - gFName:RSL_Expt_20170823_103731.prf
2017-08-23 10:37:33,243- root - DEBUG - None
2017-08-23 10:37:33,243- root - INFO - renamed
2017-08-23 10:37:33,244- root - INFO - fin_InptFile
2017-08-23 10:37:39,978- root - INFO - MakeExptFile
2017-08-23 10:37:39,979- root - INFO - MadeExptFile
2017-08-23 10:37:39,979- root - INFO - InptFile
2017-08-23 10:37:41,981- root - DEBUG - gFName:cmp-RSL_Expt_20170823_103024.prf
2017-08-23 10:37:41,981- root - DEBUG - gFName:cmp-RSL_Expt_20170821_170020.prf
2017-08-23 10:37:41,981- root - DEBUG - gFName:cmp-RSL_Expt_20170821_165805.prf
2017-08-23 10:37:41,982- root - DEBUG - gFName:cmp-RSL_Expt_20170823_103551.prf
2017-08-23 10:37:41,982- root - DEBUG - gFName:cmp-RSL_Expt_20170821_165312.prf
2017-08-23 10:37:41,982- root - DEBUG - gFName:cmp-RSL_Expt_20170821_165816.prf
2017-08-23 10:37:41,982- root - DEBUG - gFName:RSL_Expt_20170823_103739.prf
2017-08-23 10:37:41,982- root - DEBUG - None
2017-08-23 10:37:41,982- root - INFO - renamed
2017-08-23 10:37:41,982- root - INFO - fin_InptFile
2017-08-23 10:38:31,561- root - INFO - Search_continue
2017-08-23 10:38:34,750- root - INFO - MakeExptFile
2017-08-23 10:38:34,750- root - INFO - MadeExptFile
2017-08-23 10:38:34,750- root - INFO - InptFile
2017-08-23 10:38:36,752- root - DEBUG - gFName:cmp-RSL_Expt_20170823_103024.prf
2017-08-23 10:38:36,753- root - DEBUG - gFName:cmp-RSL_Expt_20170821_170020.prf
2017-08-23 10:38:36,753- root - DEBUG - gFName:cmp-RSL_Expt_20170821_165805.prf
2017-08-23 10:38:36,753- root - DEBUG - gFName:cmp-RSL_Expt_20170823_103551.prf
2017-08-23 10:38:36,753- root - DEBUG - gFName:RSL_Expt_20170823_103834.prf
2017-08-23 10:38:36,754- root - DEBUG - None
2017-08-23 10:38:36,754- root - INFO - renamed
2017-08-23 10:38:36,754- root - INFO - fin_InptFile
2017-08-23 10:38:49,058- root - ERROR - Geterrer:L530(Get)
2017-08-23 10:38:54,339- root - DEBUG - main(Mval:3)
2017-08-23 10:38:54,340- root - INFO - Select_Del
2017-08-23 10:38:54,342- root - INFO - Delete
2017-08-23 10:39:02,500- root - INFO - MakeExptFile
2017-08-23 10:39:02,501- root - INFO - MadeExptFile
2017-08-23 10:39:02,501- root - INFO - InptFile
2017-08-23 10:39:04,503- root - DEBUG - gFName:cmp-RSL_Expt_20170823_103024.prf
2017-08-23 10:39:04,503- root - DEBUG - gFName:cmp-RSL_Expt_20170821_170020.prf
2017-08-23 10:39:04,504- root - DEBUG - gFName:cmp-RSL_Expt_20170821_165805.prf
2017-08-23 10:39:04,504- root - DEBUG - gFName:cmp-RSL_Expt_20170823_103551.prf
2017-08-23 10:39:04,504- root - DEBUG - gFName:cmp-RSL_Expt_20170821_165312.prf
2017-08-23 10:39:04,504- root - DEBUG - gFName:cmp-RSL_Expt_20170821_165816.prf
2017-08-23 10:39:04,504- root - DEBUG - gFName:cmp-RSL_Expt_20170823_103535.prf
2017-08-23 10:39:04,504- root - DEBUG - gFName:cmp-RSL_Expt_20170821_165947.prf
2017-08-23 10:39:04,504- root - DEBUG - gFName:cmp-RSL_Expt_20170821_165819.prf
2017-08-23 10:39:04,504- root - DEBUG - gFName:cmp-RSL_Expt_20170823_103035.prf
2017-08-23 10:39:04,504- root - DEBUG - gFName:RSL_Expt_20170823_103902.prf
2017-08-23 10:39:04,504- root - DEBUG - None
2017-08-23 10:39:04,504- root - INFO - renamed
2017-08-23 10:39:04,505- root - INFO - fin_InptFile
2017-08-23 10:39:15,381- root - INFO - Delete_continue
2017-08-23 10:39:19,025- root - INFO - MakeExptFile
2017-08-23 10:39:19,025- root - INFO - MadeExptFile
2017-08-23 10:39:19,026- root - INFO - InptFile
2017-08-23 10:39:21,028- root - DEBUG - gFName:cmp-RSL_Expt_20170823_103024.prf
2017-08-23 10:39:21,029- root - DEBUG - gFName:cmp-RSL_Expt_20170821_170020.prf
2017-08-23 10:39:21,029- root - DEBUG - gFName:cmp-RSL_Expt_20170821_165805.prf
2017-08-23 10:39:21,029- root - DEBUG - gFName:cmp-RSL_Expt_20170823_103551.prf
2017-08-23 10:39:21,029- root - DEBUG - gFName:cmp-RSL_Expt_20170821_165312.prf
2017-08-23 10:39:21,030- root - DEBUG - gFName:cmp-RSL_Expt_20170821_165816.prf
2017-08-23 10:39:21,030- root - DEBUG - gFName:cmp-RSL_Expt_20170823_103535.prf
2017-08-23 10:39:21,030- root - DEBUG - gFName:cmp-RSL_Expt_20170823_103902.prf
2017-08-23 10:39:21,030- root - DEBUG - gFName:cmp-RSL_Expt_20170821_165947.prf
2017-08-23 10:39:21,030- root - DEBUG - gFName:cmp-RSL_Expt_20170821_165819.prf
2017-08-23 10:39:21,030- root - DEBUG - gFName:cmp-RSL_Expt_20170823_103035.prf
2017-08-23 10:39:21,031- root - DEBUG - gFName:cmp-RSL_Expt_20170823_103834.prf
2017-08-23 10:39:21,031- root - DEBUG - gFName:cmp-RSL_Expt_20170821_165846.prf
2017-08-23 10:39:21,031- root - DEBUG - gFName:cmp-RSL_Expt_20170821_165310.prf
2017-08-23 10:39:21,031- root - DEBUG - gFName:cmp-RSL_Expt_20170821_165248.prf
2017-08-23 10:39:21,031- root - DEBUG - gFName:cmp-RSL_Expt_20170823_100248.prf
2017-08-23 10:39:21,031- root - DEBUG - gFName:cmp-RSL_Expt_20170821_165337.prf
2017-08-23 10:39:21,032- root - DEBUG - gFName:cmp-RSL_Expt_20170823_102955.prf
2017-08-23 10:39:21,032- root - DEBUG - gFName:cmp-RSL_Expt_20170823_103731.prf
2017-08-23 10:39:21,032- root - DEBUG - gFName:cmp-RSL_Expt_20170821_165749.prf
2017-08-23 10:39:21,032- root - DEBUG - gFName:cmp-RSL_Expt_20170821_165254.prf
2017-08-23 10:39:21,032- root - DEBUG - gFName:_Expt_20170823_103919.prf
2017-08-23 10:39:21,032- root - DEBUG - gFName:.swp
2017-08-23 10:39:21,033- root - DEBUG - gFName:cmp-RSL_Expt_20170821_165821.prf
2017-08-23 10:39:21,033- root - DEBUG - gFName:cmp-RSL_Expt_20170821_165354.prf
2017-08-23 10:39:21,033- root - DEBUG - gFName:RSL_Expt_20170823_102957.prf
2017-08-23 10:39:21,033- root - DEBUG - None
2017-08-23 10:39:21,034- root - INFO - renamed
2017-08-23 10:39:21,034- root - INFO - fin_InptFile
2017-08-23 10:39:22,046- root - INFO - MakeExptFile
2017-08-23 10:39:22,047- root - INFO - MadeExptFile
2017-08-23 10:39:22,047- root - INFO - InptFile
2017-08-23 10:39:24,050- root - DEBUG - gFName:cmp-RSL_Expt_20170823_103024.prf
2017-08-23 10:39:24,050- root - DEBUG - gFName:cmp-RSL_Expt_20170821_170020.prf
2017-08-23 10:39:24,050- root - DEBUG - gFName:cmp-RSL_Expt_20170821_165805.prf
2017-08-23 10:39:24,051- root - DEBUG - gFName:cmp-RSL_Expt_20170823_103551.prf
2017-08-23 10:39:24,051- root - DEBUG - gFName:cmp-RSL_Expt_20170821_165312.prf
2017-08-23 10:39:24,051- root - DEBUG - gFName:cmp-RSL_Expt_20170821_165816.prf
2017-08-23 10:39:24,051- root - DEBUG - gFName:cmp-RSL_Expt_20170823_103535.prf
2017-08-23 10:39:24,051- root - DEBUG - gFName:cmp-RSL_Expt_20170823_103902.prf
2017-08-23 10:39:24,052- root - DEBUG - gFName:cmp-RSL_Expt_20170821_165947.prf
2017-08-23 10:39:24,052- root - DEBUG - gFName:cmp-RSL_Expt_20170821_165819.prf
2017-08-23 10:39:24,052- root - DEBUG - gFName:cmp-RSL_Expt_20170823_103035.prf
2017-08-23 10:39:24,052- root - DEBUG - gFName:cmp-RSL_Expt_20170823_102957.prf
2017-08-23 10:39:24,052- root - DEBUG - gFName:cmp-RSL_Expt_20170823_103834.prf
2017-08-23 10:39:24,052- root - DEBUG - gFName:cmp-RSL_Expt_20170821_165846.prf
2017-08-23 10:39:24,053- root - DEBUG - gFName:cmp-RSL_Expt_20170821_165310.prf
2017-08-23 10:39:24,053- root - DEBUG - gFName:cmp-RSL_Expt_20170821_165248.prf
2017-08-23 10:39:24,053- root - DEBUG - gFName:cmp-RSL_Expt_20170823_100248.prf
2017-08-23 10:39:24,053- root - DEBUG - gFName:cmp-RSL_Expt_20170821_165337.prf
2017-08-23 10:39:24,053- root - DEBUG - gFName:cmp-RSL_Expt_20170823_102955.prf
2017-08-23 10:39:24,054- root - DEBUG - gFName:cmp-RSL_Expt_20170823_103731.prf
2017-08-23 10:39:24,054- root - DEBUG - gFName:cmp-RSL_Expt_20170821_165749.prf
2017-08-23 10:39:24,054- root - DEBUG - gFName:cmp-RSL_Expt_20170821_165254.prf
2017-08-23 10:39:24,054- root - DEBUG - gFName:.swp
2017-08-23 10:39:24,054- root - DEBUG - gFName:_Expt_20170823_103922.prf
2017-08-23 10:39:24,055- root - DEBUG - gFName:cmp-RSL_Expt_20170821_165821.prf
2017-08-23 10:39:24,055- root - DEBUG - gFName:cmp-RSL_Expt_20170821_165354.prf
2017-08-23 10:39:24,055- root - DEBUG - gFName:cmp-RSL_Expt_20170821_170220.prf
2017-08-23 10:39:24,055- root - DEBUG - gFName:cmp-RSL_Expt_20170823_103739.prf
2017-08-23 10:39:24,055- root - DEBUG - gFName:cmp-RSL_Expt_20170821_165828.prf
2017-08-23 10:39:24,056- root - DEBUG - gFName:cmp-RSL_Expt_20170823_095953.prf
2017-08-23 10:39:24,056- root - DEBUG - gFName:cmp-RSL_Expt_20170823_095827.prf
2017-08-23 10:39:24,056- root - DEBUG - gFName:cmp-RSL_Expt_20170821_165813.prf
2017-08-23 10:39:24,056- root - DEBUG - gFName:cmp-RSL_Expt_20170823_103015.prf
2017-08-23 10:39:24,057- root - DEBUG - gFName:RSL_Expt_20170823_103922.prf
2017-08-23 10:39:24,057- root - DEBUG - None
2017-08-23 10:39:24,057- root - INFO - renamed
2017-08-23 10:39:24,057- root - INFO - fin_InptFile
2017-08-23 10:39:28,869- root - INFO - fin_Delete
2017-08-23 10:39:34,022- root - DEBUG - main(Mval:0)
2017-08-23 10:39:34,022- root - INFO - Select_EXIT
2017-08-23 10:39:50,985- root - DEBUG - main(Mval:0)
2017-08-23 10:39:50,985- root - INFO - Select_EXIT
2017-08-23 10:39:52,927- root - INFO - MakeExptFile
2017-08-23 10:39:52,928- root - INFO - MadeExptFile
2017-08-23 10:39:57,932- root - INFO - InptFile
2017-08-23 10:39:59,935- root - DEBUG - gFName:cmp-RSL_Expt_20170823_103024.prf
2017-08-23 10:39:59,935- root - DEBUG - gFName:cmp-RSL_Expt_20170821_170020.prf
2017-08-23 10:39:59,935- root - DEBUG - gFName:cmp-RSL_Expt_20170821_165805.prf
2017-08-23 10:39:59,935- root - DEBUG - gFName:cmp-RSL_Expt_20170823_103551.prf
2017-08-23 10:39:59,935- root - DEBUG - gFName:cmp-RSL_Expt_20170821_165312.prf
2017-08-23 10:39:59,935- root - DEBUG - gFName:cmp-RSL_Expt_20170821_165816.prf
2017-08-23 10:39:59,935- root - DEBUG - gFName:cmp-RSL_Expt_20170823_103535.prf
2017-08-23 10:39:59,936- root - DEBUG - gFName:cmp-RSL_Expt_20170823_103902.prf
2017-08-23 10:39:59,936- root - DEBUG - gFName:cmp-RSL_Expt_20170821_165947.prf
2017-08-23 10:39:59,936- root - DEBUG - gFName:cmp-RSL_Expt_20170821_165819.prf
2017-08-23 10:39:59,936- root - DEBUG - gFName:cmp-RSL_Expt_20170823_103035.prf
2017-08-23 10:39:59,936- root - DEBUG - gFName:cmp-RSL_Expt_20170823_102957.prf
2017-08-23 10:39:59,936- root - DEBUG - gFName:cmp-RSL_Expt_20170823_103834.prf
2017-08-23 10:39:59,936- root - DEBUG - gFName:cmp-RSL_Expt_20170821_165846.prf
2017-08-23 10:39:59,936- root - DEBUG - gFName:cmp-RSL_Expt_20170821_165310.prf
2017-08-23 10:39:59,936- root - DEBUG - gFName:cmp-RSL_Expt_20170821_165248.prf
2017-08-23 10:39:59,936- root - DEBUG - gFName:cmp-RSL_Expt_20170823_100248.prf
2017-08-23 10:39:59,936- root - DEBUG - gFName:cmp-RSL_Expt_20170821_165337.prf
2017-08-23 10:39:59,936- root - DEBUG - gFName:RSL_Expt_20170823_103952.prf
2017-08-23 10:39:59,937- root - DEBUG - None
2017-08-23 10:39:59,937- root - INFO - renamed
2017-08-23 10:39:59,937- root - INFO - fin_InptFile
2017-08-23 10:40:10,127- root - INFO - CL_fin
2017-08-23 10:40:12,475- root - INFO - CL_Start
2017-08-23 10:40:15,069- root - DEBUG - main(Mval:0)
2017-08-23 10:40:15,069- root - INFO - Select_EXIT
2017-08-23 10:40:16,731- root - INFO - MakeExptFile
2017-08-23 10:40:16,731- root - INFO - MadeExptFile
2017-08-23 10:40:21,738- root - INFO - InptFile
2017-08-23 10:40:23,741- root - DEBUG - gFName:cmp-RSL_Expt_20170823_103024.prf
2017-08-23 10:40:23,741- root - DEBUG - gFName:cmp-RSL_Expt_20170821_170020.prf
2017-08-23 10:40:23,741- root - DEBUG - gFName:cmp-RSL_Expt_20170821_165805.prf
2017-08-23 10:40:23,741- root - DEBUG - gFName:cmp-RSL_Expt_20170823_103551.prf
2017-08-23 10:40:23,742- root - DEBUG - gFName:cmp-RSL_Expt_20170821_165312.prf
2017-08-23 10:40:23,742- root - DEBUG - gFName:cmp-RSL_Expt_20170821_165816.prf
2017-08-23 10:40:23,742- root - DEBUG - gFName:cmp-RSL_Expt_20170823_103535.prf
2017-08-23 10:40:23,742- root - DEBUG - gFName:cmp-RSL_Expt_20170823_103902.prf
2017-08-23 10:40:23,742- root - DEBUG - gFName:cmp-RSL_Expt_20170821_165947.prf
2017-08-23 10:40:23,742- root - DEBUG - gFName:cmp-RSL_Expt_20170821_165819.prf
2017-08-23 10:40:23,742- root - DEBUG - gFName:cmp-RSL_Expt_20170823_103035.prf
2017-08-23 10:40:23,742- root - DEBUG - gFName:cmp-RSL_Expt_20170823_102957.prf
2017-08-23 10:40:23,743- root - DEBUG - gFName:cmp-RSL_Expt_20170823_103834.prf
2017-08-23 10:40:23,743- root - DEBUG - gFName:cmp-RSL_Expt_20170821_165846.prf
2017-08-23 10:40:23,743- root - DEBUG - gFName:cmp-RSL_Expt_20170821_165310.prf
2017-08-23 10:40:23,743- root - DEBUG - gFName:cmp-RSL_Expt_20170821_165248.prf
2017-08-23 10:40:23,743- root - DEBUG - gFName:cmp-RSL_Expt_20170823_100248.prf
2017-08-23 10:40:23,743- root - DEBUG - gFName:cmp-RSL_Expt_20170821_165337.prf
2017-08-23 10:40:23,743- root - DEBUG - gFName:cmp-RSL_Expt_20170823_102955.prf
2017-08-23 10:40:23,743- root - DEBUG - gFName:cmp-RSL_Expt_20170823_103731.prf
2017-08-23 10:40:23,743- root - DEBUG - gFName:cmp-RSL_Expt_20170821_165749.prf
2017-08-23 10:40:23,743- root - DEBUG - gFName:cmp-RSL_Expt_20170821_165254.prf
2017-08-23 10:40:23,743- root - DEBUG - gFName:_Expt_20170823_103952.prf
2017-08-23 10:40:23,743- root - DEBUG - gFName:.swp
2017-08-23 10:40:23,743- root - DEBUG - gFName:cmp-RSL_Expt_20170821_165821.prf
2017-08-23 10:40:23,743- root - DEBUG - gFName:cmp-RSL_Expt_20170821_165354.prf
2017-08-23 10:40:23,743- root - DEBUG - gFName:Expt_20170823_104016.prf
2017-08-23 10:40:23,744- root - DEBUG - gFName:cmp-RSL_Expt_20170821_170220.prf
2017-08-23 10:40:23,744- root - DEBUG - gFName:cmp-RSL_Expt_20170823_103739.prf
2017-08-23 10:40:23,744- root - DEBUG - gFName:cmp-RSL_Expt_20170823_103952.prf
2017-08-23 10:40:23,744- root - DEBUG - gFName:cmp-RSL_Expt_20170821_165828.prf
2017-08-23 10:40:23,744- root - DEBUG - gFName:cmp-RSL_Expt_20170823_095953.prf
2017-08-23 10:40:23,744- root - DEBUG - gFName:cmp-RSL_Expt_20170823_095827.prf
2017-08-23 10:40:23,744- root - DEBUG - gFName:cmp-RSL_Expt_20170823_103922.prf
2017-08-23 10:40:23,744- root - DEBUG - gFName:cmp-RSL_Expt_20170821_165813.prf
2017-08-23 10:40:23,744- root - DEBUG - gFName:cmp-RSL_Expt_20170823_103015.prf
2017-08-23 10:40:23,744- root - DEBUG - gFName:cmp-RSL_Expt_20170821_170129.prf
2017-08-23 10:40:23,744- root - DEBUG - gFName:cmp-RSL_Expt_20170821_165322.prf
2017-08-23 10:40:23,744- root - DEBUG - gFName:RSL_Expt_20170823_103017.prf
2017-08-23 10:40:23,745- root - DEBUG - None
2017-08-23 10:40:23,745- root - INFO - renamed
2017-08-23 10:40:23,745- root - INFO - fin_InptFile
2017-08-23 10:40:27,888- root - INFO - CL_fin
2017-08-23 10:40:29,688- root - INFO - CL_Start
2017-08-23 10:40:31,073- root - DEBUG - main(Mval:0)
2017-08-23 10:40:31,073- root - INFO - Select_EXIT
2017-08-23 10:40:33,455- root - INFO - MakeExptFile
2017-08-23 10:40:33,455- root - INFO - MadeExptFile
2017-08-23 10:40:38,463- root - INFO - InptFile
2017-08-23 10:40:40,466- root - DEBUG - gFName:cmp-RSL_Expt_20170823_103024.prf
2017-08-23 10:40:40,466- root - DEBUG - gFName:cmp-RSL_Expt_20170821_170020.prf
2017-08-23 10:40:40,466- root - DEBUG - gFName:cmp-RSL_Expt_20170821_165805.prf
2017-08-23 10:40:40,466- root - DEBUG - gFName:cmp-RSL_Expt_20170823_103551.prf
2017-08-23 10:40:40,467- root - DEBUG - gFName:cmp-RSL_Expt_20170821_165312.prf
2017-08-23 10:40:40,467- root - DEBUG - gFName:cmp-RSL_Expt_20170821_165816.prf
2017-08-23 10:40:40,467- root - DEBUG - gFName:cmp-RSL_Expt_20170823_103535.prf
2017-08-23 10:40:40,467- root - DEBUG - gFName:cmp-RSL_Expt_20170823_103902.prf
2017-08-23 10:40:40,467- root - DEBUG - gFName:cmp-RSL_Expt_20170821_165947.prf
2017-08-23 10:40:40,467- root - DEBUG - gFName:cmp-RSL_Expt_20170821_165819.prf
2017-08-23 10:40:40,467- root - DEBUG - gFName:cmp-RSL_Expt_20170823_103035.prf
2017-08-23 10:40:40,467- root - DEBUG - gFName:cmp-RSL_Expt_20170823_102957.prf
2017-08-23 10:40:40,467- root - DEBUG - gFName:cmp-RSL_Expt_20170823_103834.prf
2017-08-23 10:40:40,467- root - DEBUG - gFName:cmp-RSL_Expt_20170821_165846.prf
2017-08-23 10:40:40,467- root - DEBUG - gFName:cmp-RSL_Expt_20170821_165310.prf
2017-08-23 10:40:40,467- root - DEBUG - gFName:cmp-RSL_Expt_20170821_165248.prf
2017-08-23 10:40:40,467- root - DEBUG - gFName:cmp-RSL_Expt_20170823_100248.prf
2017-08-23 10:40:40,467- root - DEBUG - gFName:cmp-RSL_Expt_20170821_165337.prf
2017-08-23 10:40:40,468- root - DEBUG - gFName:cmp-RSL_Expt_20170823_102955.prf
2017-08-23 10:40:40,468- root - DEBUG - gFName:Expt_20170823_104033.prf
2017-08-23 10:40:40,468- root - DEBUG - gFName:cmp-RSL_Expt_20170823_103731.prf
2017-08-23 10:40:40,468- root - DEBUG - gFName:cmp-RSL_Expt_20170821_165749.prf
2017-08-23 10:40:40,468- root - DEBUG - gFName:cmp-RSL_Expt_20170821_165254.prf
2017-08-23 10:40:40,468- root - DEBUG - gFName:_Expt_20170823_103952.prf
2017-08-23 10:40:40,468- root - DEBUG - gFName:.swp
2017-08-23 10:40:40,468- root - DEBUG - gFName:cmp-RSL_Expt_20170821_165821.prf
2017-08-23 10:40:40,468- root - DEBUG - gFName:cmp-RSL_Expt_20170821_165354.prf
2017-08-23 10:40:40,468- root - DEBUG - gFName:Expt_20170823_104016.prf
2017-08-23 10:40:40,468- root - DEBUG - gFName:cmp-RSL_Expt_20170821_170220.prf
2017-08-23 10:40:40,468- root - DEBUG - gFName:cmp-RSL_Expt_20170823_103739.prf
2017-08-23 10:40:40,468- root - DEBUG - gFName:cmp-RSL_Expt_20170823_103952.prf
2017-08-23 10:40:40,468- root - DEBUG - gFName:cmp-RSL_Expt_20170821_165828.prf
2017-08-23 10:40:40,469- root - DEBUG - gFName:cmp-RSL_Expt_20170823_095953.prf
2017-08-23 10:40:40,469- root - DEBUG - gFName:cmp-RSL_Expt_20170823_095827.prf
2017-08-23 10:40:40,469- root - DEBUG - gFName:cmp-RSL_Expt_20170823_103922.prf
2017-08-23 10:40:40,469- root - DEBUG - gFName:cmp-RSL_Expt_20170821_165813.prf
2017-08-23 10:40:40,469- root - DEBUG - gFName:cmp-RSL_Expt_20170823_103015.prf
2017-08-23 10:40:40,469- root - DEBUG - gFName:cmp-RSL_Expt_20170823_103017.prf
2017-08-23 10:40:40,469- root - DEBUG - gFName:cmp-RSL_Expt_20170821_170129.prf
2017-08-23 10:40:40,469- root - DEBUG - gFName:cmp-RSL_Expt_20170821_165322.prf
2017-08-23 10:40:40,469- root - DEBUG - gFName:cmp-RSL_Expt_20170823_103729.prf
2017-08-23 10:40:40,469- root - DEBUG - gFName:RSL_Expt_20170823_103919.prf
2017-08-23 10:40:40,469- root - DEBUG - None
2017-08-23 10:40:40,469- root - INFO - renamed
2017-08-23 10:40:40,470- root - INFO - fin_InptFile
2017-08-23 10:40:43,285- root - INFO - CL_fin
2017-08-23 10:41:55,734- root - INFO - CL_Start
2017-08-23 10:41:57,450- root - DEBUG - main(Mval:0)
2017-08-23 10:41:57,450- root - INFO - Select_EXIT
2017-08-23 10:41:59,066- root - INFO - MakeExptFile
2017-08-23 10:41:59,067- root - INFO - MadeExptFile
2017-08-23 10:42:04,076- root - INFO - InptFile
2017-08-23 10:42:06,079- root - DEBUG - gFName:cmp-RSL_Expt_20170823_103024.prf
2017-08-23 10:42:06,079- root - DEBUG - gFName:cmp-RSL_Expt_20170821_170020.prf
2017-08-23 10:42:06,079- root - DEBUG - gFName:cmp-RSL_Expt_20170821_165805.prf
2017-08-23 10:42:06,079- root - DEBUG - gFName:cmp-RSL_Expt_20170823_103551.prf
2017-08-23 10:42:06,079- root - DEBUG - gFName:cmp-RSL_Expt_20170821_165312.prf
2017-08-23 10:42:06,079- root - DEBUG - gFName:cmp-RSL_Expt_20170821_165816.prf
2017-08-23 10:42:06,079- root - DEBUG - gFName:cmp-RSL_Expt_20170823_103535.prf
2017-08-23 10:42:06,080- root - DEBUG - gFName:Expt_20170823_104159.prf
2017-08-23 10:42:06,080- root - DEBUG - gFName:cmp-RSL_Expt_20170823_103902.prf
2017-08-23 10:42:06,080- root - DEBUG - gFName:cmp-RSL_Expt_20170821_165947.prf
2017-08-23 10:42:06,080- root - DEBUG - gFName:cmp-RSL_Expt_20170821_165819.prf
2017-08-23 10:42:06,080- root - DEBUG - gFName:cmp-RSL_Expt_20170823_103035.prf
2017-08-23 10:42:06,080- root - DEBUG - gFName:cmp-RSL_Expt_20170823_102957.prf
2017-08-23 10:42:06,080- root - DEBUG - gFName:cmp-RSL_Expt_20170823_103834.prf
2017-08-23 10:42:06,080- root - DEBUG - gFName:cmp-RSL_Expt_20170821_165846.prf
2017-08-23 10:42:06,080- root - DEBUG - gFName:cmp-RSL_Expt_20170821_165310.prf
2017-08-23 10:42:06,080- root - DEBUG - gFName:cmp-RSL_Expt_20170821_165248.prf
2017-08-23 10:42:06,080- root - DEBUG - gFName:cmp-RSL_Expt_20170823_100248.prf
2017-08-23 10:42:06,080- root - DEBUG - gFName:cmp-RSL_Expt_20170821_165337.prf
2017-08-23 10:42:06,080- root - DEBUG - gFName:cmp-RSL_Expt_20170823_102955.prf
2017-08-23 10:42:06,080- root - DEBUG - gFName:Expt_20170823_104033.prf
2017-08-23 10:42:06,081- root - DEBUG - gFName:cmp-RSL_Expt_20170823_103919.prf
2017-08-23 10:42:06,081- root - DEBUG - gFName:cmp-RSL_Expt_20170823_103731.prf
2017-08-23 10:42:06,081- root - DEBUG - gFName:cmp-RSL_Expt_20170821_165749.prf
2017-08-23 10:42:06,081- root - DEBUG - gFName:cmp-RSL_Expt_20170821_165254.prf
2017-08-23 10:42:06,081- root - DEBUG - gFName:_Expt_20170823_103952.prf
2017-08-23 10:42:06,081- root - DEBUG - gFName:.swp
2017-08-23 10:42:06,081- root - DEBUG - gFName:cmp-RSL_Expt_20170821_165821.prf
2017-08-23 10:42:06,081- root - DEBUG - gFName:cmp-RSL_Expt_20170821_165354.prf
2017-08-23 10:42:06,081- root - DEBUG - gFName:Expt_20170823_104016.prf
2017-08-23 10:42:06,081- root - DEBUG - gFName:cmp-RSL_Expt_20170821_170220.prf
2017-08-23 10:42:06,081- root - DEBUG - gFName:cmp-RSL_Expt_20170823_103739.prf
2017-08-23 10:42:06,081- root - DEBUG - gFName:cmp-RSL_Expt_20170823_103952.prf
2017-08-23 10:42:06,081- root - DEBUG - gFName:cmp-RSL_Expt_20170821_165828.prf
2017-08-23 10:42:06,081- root - DEBUG - gFName:cmp-RSL_Expt_20170823_095953.prf
2017-08-23 10:42:06,081- root - DEBUG - gFName:cmp-RSL_Expt_20170823_095827.prf
2017-08-23 10:42:06,082- root - DEBUG - gFName:cmp-RSL_Expt_20170823_103922.prf
2017-08-23 10:42:06,082- root - DEBUG - gFName:cmp-RSL_Expt_20170821_165813.prf
2017-08-23 10:42:06,082- root - DEBUG - gFName:cmp-RSL_Expt_20170823_103015.prf
2017-08-23 10:42:06,082- root - DEBUG - gFName:cmp-RSL_Expt_20170823_103017.prf
2017-08-23 10:42:06,083- root - DEBUG - gFName:cmp-RSL_Expt_20170821_170129.prf
2017-08-23 10:42:06,083- root - DEBUG - gFName:cmp-RSL_Expt_20170821_165322.prf
2017-08-23 10:42:06,083- root - DEBUG - gFName:cmp-RSL_Expt_20170823_103729.prf
2017-08-23 10:42:06,083- root - DEBUG - gFName:cmp-RSL_Expt_20170821_165843.prf
2017-08-23 10:42:06,083- root - DEBUG - gFName:cmp-RSL_Expt_20170821_165345.prf
2017-08-23 10:42:06,083- root - DEBUG - gFName:cmp-RSL_Expt_20170823_095648.prf
2017-08-23 10:42:06,084- root - DEBUG - gFName:cmp-RSL_Expt_20170821_165849.prf
2017-08-23 10:42:06,084- root - DEBUG - gFName:cmp-RSL_Expt_20170823_103505.prf
2017-08-23 10:42:06,084- root - DEBUG - gFName:cmp-RSL_Expt_20170821_165411.prf
2017-08-23 10:42:06,084- root - DEBUG - gFName:cmp-RSL_Expt_20170821_165840.prf
2017-08-23 10:42:06,084- root - DEBUG - gFName:cmp-RSL_Expt_20170821_165824.prf
2017-08-23 10:42:06,084- root - DEBUG - gFName:cmp-RSL_Expt_20170821_165837.prf
2017-08-23 10:42:08,087- root - DEBUG - gFName:cmp-RSL_Expt_20170823_103024.prf
2017-08-23 10:42:08,087- root - DEBUG - gFName:cmp-RSL_Expt_20170821_170020.prf
2017-08-23 10:42:08,088- root - DEBUG - gFName:cmp-RSL_Expt_20170821_165805.prf
2017-08-23 10:42:08,088- root - DEBUG - gFName:cmp-RSL_Expt_20170823_103551.prf
2017-08-23 10:42:08,088- root - DEBUG - gFName:cmp-RSL_Expt_20170821_165312.prf
2017-08-23 10:42:08,088- root - DEBUG - gFName:cmp-RSL_Expt_20170821_165816.prf
2017-08-23 10:42:08,088- root - DEBUG - gFName:cmp-RSL_Expt_20170823_103535.prf
2017-08-23 10:42:08,089- root - DEBUG - gFName:Expt_20170823_104159.prf
2017-08-23 10:42:08,089- root - DEBUG - gFName:cmp-RSL_Expt_20170823_103902.prf
2017-08-23 10:42:08,089- root - DEBUG - gFName:cmp-RSL_Expt_20170821_165947.prf
2017-08-23 10:42:08,089- root - DEBUG - gFName:cmp-RSL_Expt_20170821_165819.prf
2017-08-23 10:42:08,089- root - DEBUG - gFName:cmp-RSL_Expt_20170823_103035.prf
2017-08-23 10:42:08,089- root - DEBUG - gFName:cmp-RSL_Expt_20170823_102957.prf
2017-08-23 10:42:08,090- root - DEBUG - gFName:cmp-RSL_Expt_20170823_103834.prf
2017-08-23 10:42:08,090- root - DEBUG - gFName:cmp-RSL_Expt_20170821_165846.prf
2017-08-23 10:42:08,090- root - DEBUG - gFName:cmp-RSL_Expt_20170821_165310.prf
2017-08-23 10:42:08,090- root - DEBUG - gFName:cmp-RSL_Expt_20170821_165248.prf
2017-08-23 10:42:08,090- root - DEBUG - gFName:cmp-RSL_Expt_20170823_100248.prf
2017-08-23 10:42:08,090- root - DEBUG - gFName:cmp-RSL_Expt_20170821_165337.prf
2017-08-23 10:42:08,091- root - DEBUG - gFName:cmp-RSL_Expt_20170823_102955.prf
2017-08-23 10:42:08,091- root - DEBUG - gFName:Expt_20170823_104033.prf
2017-08-23 10:42:08,091- root - DEBUG - gFName:cmp-RSL_Expt_20170823_103919.prf
2017-08-23 10:42:08,091- root - DEBUG - gFName:cmp-RSL_Expt_20170823_103731.prf
2017-08-23 10:42:08,091- root - DEBUG - gFName:cmp-RSL_Expt_20170821_165749.prf
2017-08-23 10:42:08,092- root - DEBUG - gFName:cmp-RSL_Expt_20170821_165254.prf
2017-08-23 10:42:08,092- root - DEBUG - gFName:_Expt_20170823_103952.prf
2017-08-23 10:42:08,092- root - DEBUG - gFName:.swp
2017-08-23 10:42:08,092- root - DEBUG - gFName:cmp-RSL_Expt_20170821_165821.prf
2017-08-23 10:42:08,092- root - DEBUG - gFName:cmp-RSL_Expt_20170821_165354.prf
2017-08-23 10:42:08,093- root - DEBUG - gFName:Expt_20170823_104016.prf
2017-08-23 10:42:08,093- root - DEBUG - gFName:cmp-RSL_Expt_20170821_170220.prf
2017-08-23 10:42:08,093- root - DEBUG - gFName:cmp-RSL_Expt_20170823_103739.prf
2017-08-23 10:42:08,093- root - DEBUG - gFName:cmp-RSL_Expt_20170823_103952.prf
2017-08-23 10:42:08,093- root - DEBUG - gFName:cmp-RSL_Expt_20170821_165828.prf
2017-08-23 10:42:08,094- root - DEBUG - gFName:cmp-RSL_Expt_20170823_095953.prf
2017-08-23 10:42:08,094- root - DEBUG - gFName:cmp-RSL_Expt_20170823_095827.prf
2017-08-23 10:42:08,094- root - DEBUG - gFName:cmp-RSL_Expt_20170823_103922.prf
2017-08-23 10:42:08,094- root - DEBUG - gFName:cmp-RSL_Expt_20170821_165813.prf
2017-08-23 10:42:08,094- root - DEBUG - gFName:cmp-RSL_Expt_20170823_103015.prf
2017-08-23 10:42:08,095- root - DEBUG - gFName:cmp-RSL_Expt_20170823_103017.prf
2017-08-23 10:42:08,095- root - DEBUG - gFName:cmp-RSL_Expt_20170821_170129.prf
2017-08-23 10:42:08,096- root - DEBUG - gFName:cmp-RSL_Expt_20170821_165322.prf
2017-08-23 10:42:08,096- root - DEBUG - gFName:cmp-RSL_Expt_20170823_103729.prf
2017-08-23 10:42:08,096- root - DEBUG - gFName:cmp-RSL_Expt_20170821_165843.prf
2017-08-23 10:42:08,096- root - DEBUG - gFName:cmp-RSL_Expt_20170821_165345.prf
2017-08-23 10:42:08,097- root - DEBUG - gFName:cmp-RSL_Expt_20170823_095648.prf
2017-08-23 10:42:08,097- root - DEBUG - gFName:cmp-RSL_Expt_20170821_165849.prf
2017-08-23 10:42:08,097- root - DEBUG - gFName:cmp-RSL_Expt_20170823_103505.prf
2017-08-23 10:42:08,097- root - DEBUG - gFName:cmp-RSL_Expt_20170821_165411.prf
2017-08-23 10:42:08,097- root - DEBUG - gFName:cmp-RSL_Expt_20170821_165840.prf
2017-08-23 10:42:08,097- root - DEBUG - gFName:cmp-RSL_Expt_20170821_165824.prf
2017-08-23 10:42:08,098- root - DEBUG - gFName:cmp-RSL_Expt_20170821_165837.prf
2017-08-23 10:42:10,100- root - DEBUG - gFName:cmp-RSL_Expt_20170823_103024.prf
2017-08-23 10:42:10,100- root - DEBUG - gFName:cmp-RSL_Expt_20170821_170020.prf
2017-08-23 10:42:10,101- root - DEBUG - gFName:cmp-RSL_Expt_20170821_165805.prf
2017-08-23 10:42:10,101- root - DEBUG - gFName:cmp-RSL_Expt_20170823_103551.prf
2017-08-23 10:42:10,101- root - DEBUG - gFName:cmp-RSL_Expt_20170821_165312.prf
2017-08-23 10:42:10,102- root - DEBUG - gFName:cmp-RSL_Expt_20170821_165816.prf
2017-08-23 10:42:10,102- root - DEBUG - gFName:cmp-RSL_Expt_20170823_103535.prf
2017-08-23 10:42:10,102- root - DEBUG - gFName:Expt_20170823_104159.prf
2017-08-23 10:42:10,102- root - DEBUG - gFName:cmp-RSL_Expt_20170823_103902.prf
2017-08-23 10:42:10,103- root - DEBUG - gFName:cmp-RSL_Expt_20170821_165947.prf
2017-08-23 10:42:10,103- root - DEBUG - gFName:cmp-RSL_Expt_20170821_165819.prf
2017-08-23 10:42:10,103- root - DEBUG - gFName:cmp-RSL_Expt_20170823_103035.prf
2017-08-23 10:42:10,103- root - DEBUG - gFName:cmp-RSL_Expt_20170823_102957.prf
2017-08-23 10:42:10,103- root - DEBUG - gFName:cmp-RSL_Expt_20170823_103834.prf
2017-08-23 10:42:10,103- root - DEBUG - gFName:cmp-RSL_Expt_20170821_165846.prf
2017-08-23 10:42:10,104- root - DEBUG - gFName:cmp-RSL_Expt_20170821_165310.prf
2017-08-23 10:42:10,104- root - DEBUG - gFName:cmp-RSL_Expt_20170821_165248.prf
2017-08-23 10:42:10,104- root - DEBUG - gFName:cmp-RSL_Expt_20170823_100248.prf
2017-08-23 10:42:10,104- root - DEBUG - gFName:cmp-RSL_Expt_20170821_165337.prf
2017-08-23 10:42:10,105- root - DEBUG - gFName:cmp-RSL_Expt_20170823_102955.prf
2017-08-23 10:42:10,105- root - DEBUG - gFName:Expt_20170823_104033.prf
2017-08-23 10:42:10,105- root - DEBUG - gFName:cmp-RSL_Expt_20170823_103919.prf
2017-08-23 10:42:10,105- root - DEBUG - gFName:cmp-RSL_Expt_20170823_103731.prf
2017-08-23 10:42:10,106- root - DEBUG - gFName:cmp-RSL_Expt_20170821_165749.prf
2017-08-23 10:42:10,106- root - DEBUG - gFName:cmp-RSL_Expt_20170821_165254.prf
2017-08-23 10:42:10,106- root - DEBUG - gFName:_Expt_20170823_103952.prf
2017-08-23 10:42:10,106- root - DEBUG - gFName:.swp
2017-08-23 10:42:10,106- root - DEBUG - gFName:cmp-RSL_Expt_20170821_165821.prf
2017-08-23 10:42:10,107- root - DEBUG - gFName:cmp-RSL_Expt_20170821_165354.prf
2017-08-23 10:42:10,107- root - DEBUG - gFName:Expt_20170823_104016.prf
2017-08-23 10:42:10,107- root - DEBUG - gFName:cmp-RSL_Expt_20170821_170220.prf
2017-08-23 10:42:10,107- root - DEBUG - gFName:cmp-RSL_Expt_20170823_103739.prf
2017-08-23 10:42:10,107- root - DEBUG - gFName:cmp-RSL_Expt_20170823_103952.prf
2017-08-23 10:42:10,108- root - DEBUG - gFName:cmp-RSL_Expt_20170821_165828.prf
2017-08-23 10:42:10,108- root - DEBUG - gFName:cmp-RSL_Expt_20170823_095953.prf
2017-08-23 10:42:10,108- root - DEBUG - gFName:cmp-RSL_Expt_20170823_095827.prf
2017-08-23 10:42:10,108- root - DEBUG - gFName:cmp-RSL_Expt_20170823_103922.prf
2017-08-23 10:42:10,108- root - DEBUG - gFName:cmp-RSL_Expt_20170821_165813.prf
2017-08-23 10:42:10,109- root - DEBUG - gFName:cmp-RSL_Expt_20170823_103015.prf
2017-08-23 10:42:10,109- root - DEBUG - gFName:cmp-RSL_Expt_20170823_103017.prf
2017-08-23 10:42:10,109- root - DEBUG - gFName:cmp-RSL_Expt_20170821_170129.prf
2017-08-23 10:42:10,109- root - DEBUG - gFName:cmp-RSL_Expt_20170821_165322.prf
2017-08-23 10:42:10,109- root - DEBUG - gFName:cmp-RSL_Expt_20170823_103729.prf
2017-08-23 10:42:10,110- root - DEBUG - gFName:cmp-RSL_Expt_20170821_165843.prf
2017-08-23 10:42:10,110- root - DEBUG - gFName:cmp-RSL_Expt_20170821_165345.prf
2017-08-23 10:42:10,110- root - DEBUG - gFName:cmp-RSL_Expt_20170823_095648.prf
2017-08-23 10:42:10,110- root - DEBUG - gFName:cmp-RSL_Expt_20170821_165849.prf
2017-08-23 10:42:10,110- root - DEBUG - gFName:cmp-RSL_Expt_20170823_103505.prf
2017-08-23 10:42:10,111- root - DEBUG - gFName:cmp-RSL_Expt_20170821_165411.prf
2017-08-23 10:42:10,111- root - DEBUG - gFName:cmp-RSL_Expt_20170821_165840.prf
2017-08-23 10:42:10,111- root - DEBUG - gFName:cmp-RSL_Expt_20170821_165824.prf
2017-08-23 10:42:10,111- root - DEBUG - gFName:cmp-RSL_Expt_20170821_165837.prf
2017-08-23 10:42:12,113- root - DEBUG - gFName:cmp-RSL_Expt_20170823_103024.prf
2017-08-23 10:42:12,114- root - DEBUG - gFName:cmp-RSL_Expt_20170821_170020.prf
2017-08-23 10:42:12,114- root - DEBUG - gFName:cmp-RSL_Expt_20170821_165805.prf
2017-08-23 10:42:12,114- root - DEBUG - gFName:cmp-RSL_Expt_20170823_103551.prf
2017-08-23 10:42:12,115- root - DEBUG - gFName:cmp-RSL_Expt_20170821_165312.prf
2017-08-23 10:42:12,115- root - DEBUG - gFName:cmp-RSL_Expt_20170821_165816.prf
2017-08-23 10:42:12,115- root - DEBUG - gFName:cmp-RSL_Expt_20170823_103535.prf
2017-08-23 10:42:12,115- root - DEBUG - gFName:Expt_20170823_104159.prf
2017-08-23 10:42:12,115- root - DEBUG - gFName:cmp-RSL_Expt_20170823_103902.prf
2017-08-23 10:42:12,116- root - DEBUG - gFName:cmp-RSL_Expt_20170821_165947.prf
2017-08-23 10:42:12,116- root - DEBUG - gFName:cmp-RSL_Expt_20170821_165819.prf
2017-08-23 10:42:12,116- root - DEBUG - gFName:cmp-RSL_Expt_20170823_103035.prf
2017-08-23 10:42:12,116- root - DEBUG - gFName:cmp-RSL_Expt_20170823_102957.prf
2017-08-23 10:42:12,116- root - DEBUG - gFName:cmp-RSL_Expt_20170823_103834.prf
2017-08-23 10:42:12,116- root - DEBUG - gFName:cmp-RSL_Expt_20170821_165846.prf
2017-08-23 10:42:12,116- root - DEBUG - gFName:cmp-RSL_Expt_20170821_165310.prf
2017-08-23 10:42:12,117- root - DEBUG - gFName:cmp-RSL_Expt_20170821_165248.prf
2017-08-23 10:42:12,117- root - DEBUG - gFName:cmp-RSL_Expt_20170823_100248.prf
2017-08-23 10:42:12,117- root - DEBUG - gFName:cmp-RSL_Expt_20170821_165337.prf
2017-08-23 10:42:12,117- root - DEBUG - gFName:cmp-RSL_Expt_20170823_102955.prf
2017-08-23 10:42:12,118- root - DEBUG - gFName:Expt_20170823_104033.prf
2017-08-23 10:42:12,118- root - DEBUG - gFName:cmp-RSL_Expt_20170823_103919.prf
2017-08-23 10:42:12,118- root - DEBUG - gFName:cmp-RSL_Expt_20170823_103731.prf
2017-08-23 10:42:12,118- root - DEBUG - gFName:cmp-RSL_Expt_20170821_165749.prf
2017-08-23 10:42:12,119- root - DEBUG - gFName:cmp-RSL_Expt_20170821_165254.prf
2017-08-23 10:42:12,119- root - DEBUG - gFName:_Expt_20170823_103952.prf
2017-08-23 10:42:12,119- root - DEBUG - gFName:.swp
2017-08-23 10:42:12,119- root - DEBUG - gFName:cmp-RSL_Expt_20170821_165821.prf
2017-08-23 10:42:12,119- root - DEBUG - gFName:cmp-RSL_Expt_20170821_165354.prf
2017-08-23 10:42:12,120- root - DEBUG - gFName:Expt_20170823_104016.prf
2017-08-23 10:42:12,120- root - DEBUG - gFName:cmp-RSL_Expt_20170821_170220.prf
2017-08-23 10:42:12,120- root - DEBUG - gFName:cmp-RSL_Expt_20170823_103739.prf
2017-08-23 10:42:12,120- root - DEBUG - gFName:cmp-RSL_Expt_20170823_103952.prf
2017-08-23 10:42:12,121- root - DEBUG - gFName:cmp-RSL_Expt_20170821_165828.prf
2017-08-23 10:42:12,121- root - DEBUG - gFName:cmp-RSL_Expt_20170823_095953.prf
2017-08-23 10:42:12,121- root - DEBUG - gFName:cmp-RSL_Expt_20170823_095827.prf
2017-08-23 10:42:12,121- root - DEBUG - gFName:cmp-RSL_Expt_20170823_103922.prf
2017-08-23 10:42:12,121- root - DEBUG - gFName:cmp-RSL_Expt_20170821_165813.prf
2017-08-23 10:42:12,122- root - DEBUG - gFName:cmp-RSL_Expt_20170823_103015.prf
2017-08-23 10:42:12,122- root - DEBUG - gFName:cmp-RSL_Expt_20170823_103017.prf
2017-08-23 10:42:12,122- root - DEBUG - gFName:cmp-RSL_Expt_20170821_170129.prf
2017-08-23 10:42:12,122- root - DEBUG - gFName:cmp-RSL_Expt_20170821_165322.prf
2017-08-23 10:42:12,123- root - DEBUG - gFName:cmp-RSL_Expt_20170823_103729.prf
2017-08-23 10:42:12,123- root - DEBUG - gFName:cmp-RSL_Expt_20170821_165843.prf
2017-08-23 10:42:12,123- root - DEBUG - gFName:cmp-RSL_Expt_20170821_165345.prf
2017-08-23 10:42:12,123- root - DEBUG - gFName:cmp-RSL_Expt_20170823_095648.prf
2017-08-23 10:42:12,123- root - DEBUG - gFName:cmp-RSL_Expt_20170821_165849.prf
2017-08-23 10:42:12,124- root - DEBUG - gFName:cmp-RSL_Expt_20170823_103505.prf
2017-08-23 10:42:12,124- root - DEBUG - gFName:cmp-RSL_Expt_20170821_165411.prf
2017-08-23 10:42:12,124- root - DEBUG - gFName:cmp-RSL_Expt_20170821_165840.prf
2017-08-23 10:42:12,124- root - DEBUG - gFName:cmp-RSL_Expt_20170821_165824.prf
2017-08-23 10:42:12,125- root - DEBUG - gFName:cmp-RSL_Expt_20170821_165837.prf
2017-08-23 10:42:14,127- root - DEBUG - gFName:cmp-RSL_Expt_20170823_103024.prf
2017-08-23 10:42:14,127- root - DEBUG - gFName:cmp-RSL_Expt_20170821_170020.prf
2017-08-23 10:42:14,128- root - DEBUG - gFName:cmp-RSL_Expt_20170821_165805.prf
2017-08-23 10:42:14,128- root - DEBUG - gFName:cmp-RSL_Expt_20170823_103551.prf
2017-08-23 10:42:14,128- root - DEBUG - gFName:cmp-RSL_Expt_20170821_165312.prf
2017-08-23 10:42:14,128- root - DEBUG - gFName:cmp-RSL_Expt_20170821_165816.prf
2017-08-23 10:42:14,129- root - DEBUG - gFName:cmp-RSL_Expt_20170823_103535.prf
2017-08-23 10:42:14,129- root - DEBUG - gFName:Expt_20170823_104159.prf
2017-08-23 10:42:14,129- root - DEBUG - gFName:cmp-RSL_Expt_20170823_103902.prf
2017-08-23 10:42:14,129- root - DEBUG - gFName:cmp-RSL_Expt_20170821_165947.prf
2017-08-23 10:42:14,129- root - DEBUG - gFName:cmp-RSL_Expt_20170821_165819.prf
2017-08-23 10:42:14,129- root - DEBUG - gFName:cmp-RSL_Expt_20170823_103035.prf
2017-08-23 10:42:14,129- root - DEBUG - gFName:cmp-RSL_Expt_20170823_102957.prf
2017-08-23 10:42:14,130- root - DEBUG - gFName:cmp-RSL_Expt_20170823_103834.prf
2017-08-23 10:42:14,130- root - DEBUG - gFName:cmp-RSL_Expt_20170821_165846.prf
2017-08-23 10:42:14,130- root - DEBUG - gFName:cmp-RSL_Expt_20170821_165310.prf
2017-08-23 10:42:14,130- root - DEBUG - gFName:cmp-RSL_Expt_20170821_165248.prf
2017-08-23 10:42:14,131- root - DEBUG - gFName:cmp-RSL_Expt_20170823_100248.prf
2017-08-23 10:42:14,131- root - DEBUG - gFName:cmp-RSL_Expt_20170821_165337.prf
2017-08-23 10:42:14,131- root - DEBUG - gFName:cmp-RSL_Expt_20170823_102955.prf
2017-08-23 10:42:14,131- root - DEBUG - gFName:Expt_20170823_104033.prf
2017-08-23 10:42:14,131- root - DEBUG - gFName:cmp-RSL_Expt_20170823_103919.prf
2017-08-23 10:42:14,132- root - DEBUG - gFName:cmp-RSL_Expt_20170823_103731.prf
2017-08-23 10:42:14,132- root - DEBUG - gFName:cmp-RSL_Expt_20170821_165749.prf
2017-08-23 10:42:14,132- root - DEBUG - gFName:cmp-RSL_Expt_20170821_165254.prf
2017-08-23 10:42:14,132- root - DEBUG - gFName:_Expt_20170823_103952.prf
2017-08-23 10:42:14,132- root - DEBUG - gFName:.swp
2017-08-23 10:42:14,133- root - DEBUG - gFName:cmp-RSL_Expt_20170821_165821.prf
2017-08-23 10:42:14,133- root - DEBUG - gFName:cmp-RSL_Expt_20170821_165354.prf
2017-08-23 10:42:14,133- root - DEBUG - gFName:Expt_20170823_104016.prf
2017-08-23 10:42:14,133- root - DEBUG - gFName:cmp-RSL_Expt_20170821_170220.prf
2017-08-23 10:42:14,133- root - DEBUG - gFName:cmp-RSL_Expt_20170823_103739.prf
2017-08-23 10:42:14,133- root - DEBUG - gFName:cmp-RSL_Expt_20170823_103952.prf
2017-08-23 10:42:14,134- root - DEBUG - gFName:cmp-RSL_Expt_20170821_165828.prf
2017-08-23 10:42:14,134- root - DEBUG - gFName:cmp-RSL_Expt_20170823_095953.prf
2017-08-23 10:42:14,134- root - DEBUG - gFName:cmp-RSL_Expt_20170823_095827.prf
2017-08-23 10:42:14,134- root - DEBUG - gFName:cmp-RSL_Expt_20170823_103922.prf
2017-08-23 10:42:14,134- root - DEBUG - gFName:cmp-RSL_Expt_20170821_165813.prf
2017-08-23 10:42:14,135- root - DEBUG - gFName:cmp-RSL_Expt_20170823_103015.prf
2017-08-23 10:42:14,135- root - DEBUG - gFName:cmp-RSL_Expt_20170823_103017.prf
2017-08-23 10:42:14,135- root - DEBUG - gFName:cmp-RSL_Expt_20170821_170129.prf
2017-08-23 10:42:14,135- root - DEBUG - gFName:cmp-RSL_Expt_20170821_165322.prf
2017-08-23 10:42:14,135- root - DEBUG - gFName:cmp-RSL_Expt_20170823_103729.prf
2017-08-23 10:42:14,136- root - DEBUG - gFName:cmp-RSL_Expt_20170821_165843.prf
2017-08-23 10:42:14,136- root - DEBUG - gFName:cmp-RSL_Expt_20170821_165345.prf
2017-08-23 10:42:14,136- root - DEBUG - gFName:cmp-RSL_Expt_20170823_095648.prf
2017-08-23 10:42:14,136- root - DEBUG - gFName:cmp-RSL_Expt_20170821_165849.prf
2017-08-23 10:42:14,137- root - DEBUG - gFName:cmp-RSL_Expt_20170823_103505.prf
2017-08-23 10:42:14,137- root - DEBUG - gFName:cmp-RSL_Expt_20170821_165411.prf
2017-08-23 10:42:14,137- root - DEBUG - gFName:cmp-RSL_Expt_20170821_165840.prf
2017-08-23 10:42:14,137- root - DEBUG - gFName:cmp-RSL_Expt_20170821_165824.prf
2017-08-23 10:42:14,137- root - DEBUG - gFName:cmp-RSL_Expt_20170821_165837.prf
2017-08-23 10:42:16,140- root - DEBUG - gFName:cmp-RSL_Expt_20170823_103024.prf
2017-08-23 10:42:16,140- root - DEBUG - gFName:cmp-RSL_Expt_20170821_170020.prf
2017-08-23 10:42:16,140- root - DEBUG - gFName:cmp-RSL_Expt_20170821_165805.prf
2017-08-23 10:42:16,141- root - DEBUG - gFName:cmp-RSL_Expt_20170823_103551.prf
2017-08-23 10:42:16,141- root - DEBUG - gFName:cmp-RSL_Expt_20170821_165312.prf
2017-08-23 10:42:16,141- root - DEBUG - gFName:cmp-RSL_Expt_20170821_165816.prf
2017-08-23 10:42:16,141- root - DEBUG - gFName:cmp-RSL_Expt_20170823_103535.prf
2017-08-23 10:42:16,141- root - DEBUG - gFName:Expt_20170823_104159.prf
2017-08-23 10:42:16,141- root - DEBUG - gFName:cmp-RSL_Expt_20170823_103902.prf
2017-08-23 10:42:16,142- root - DEBUG - gFName:cmp-RSL_Expt_20170821_165947.prf
2017-08-23 10:42:16,142- root - DEBUG - gFName:cmp-RSL_Expt_20170821_165819.prf
2017-08-23 10:42:16,142- root - DEBUG - gFName:cmp-RSL_Expt_20170823_103035.prf
2017-08-23 10:42:16,142- root - DEBUG - gFName:cmp-RSL_Expt_20170823_102957.prf
2017-08-23 10:42:16,142- root - DEBUG - gFName:cmp-RSL_Expt_20170823_103834.prf
2017-08-23 10:42:16,143- root - DEBUG - gFName:cmp-RSL_Expt_20170821_165846.prf
2017-08-23 10:42:16,143- root - DEBUG - gFName:cmp-RSL_Expt_20170821_165310.prf
2017-08-23 10:42:16,143- root - DEBUG - gFName:cmp-RSL_Expt_20170821_165248.prf
2017-08-23 10:42:16,143- root - DEBUG - gFName:cmp-RSL_Expt_20170823_100248.prf
2017-08-23 10:42:16,144- root - DEBUG - gFName:cmp-RSL_Expt_20170821_165337.prf
2017-08-23 10:42:16,144- root - DEBUG - gFName:cmp-RSL_Expt_20170823_102955.prf
2017-08-23 10:42:16,144- root - DEBUG - gFName:Expt_20170823_104033.prf
2017-08-23 10:42:16,144- root - DEBUG - gFName:cmp-RSL_Expt_20170823_103919.prf
2017-08-23 10:42:16,144- root - DEBUG - gFName:cmp-RSL_Expt_20170823_103731.prf
2017-08-23 10:42:16,145- root - DEBUG - gFName:cmp-RSL_Expt_20170821_165749.prf
2017-08-23 10:42:16,145- root - DEBUG - gFName:cmp-RSL_Expt_20170821_165254.prf
2017-08-23 10:42:16,145- root - DEBUG - gFName:_Expt_20170823_103952.prf
2017-08-23 10:42:16,145- root - DEBUG - gFName:.swp
2017-08-23 10:42:16,145- root - DEBUG - gFName:cmp-RSL_Expt_20170821_165821.prf
2017-08-23 10:42:16,146- root - DEBUG - gFName:cmp-RSL_Expt_20170821_165354.prf
2017-08-23 10:42:16,146- root - DEBUG - gFName:Expt_20170823_104016.prf
2017-08-23 10:42:16,146- root - DEBUG - gFName:cmp-RSL_Expt_20170821_170220.prf
2017-08-23 10:42:16,146- root - DEBUG - gFName:cmp-RSL_Expt_20170823_103739.prf
2017-08-23 10:42:16,146- root - DEBUG - gFName:cmp-RSL_Expt_20170823_103952.prf
2017-08-23 10:42:16,146- root - DEBUG - gFName:cmp-RSL_Expt_20170821_165828.prf
2017-08-23 10:42:16,147- root - DEBUG - gFName:cmp-RSL_Expt_20170823_095953.prf
2017-08-23 10:42:16,147- root - DEBUG - gFName:cmp-RSL_Expt_20170823_095827.prf
2017-08-23 10:42:16,147- root - DEBUG - gFName:cmp-RSL_Expt_20170823_103922.prf
2017-08-23 10:42:16,147- root - DEBUG - gFName:cmp-RSL_Expt_20170821_165813.prf
2017-08-23 10:42:16,147- root - DEBUG - gFName:cmp-RSL_Expt_20170823_103015.prf
2017-08-23 10:42:16,147- root - DEBUG - gFName:cmp-RSL_Expt_20170823_103017.prf
2017-08-23 10:42:16,148- root - DEBUG - gFName:cmp-RSL_Expt_20170821_170129.prf
2017-08-23 10:42:16,148- root - DEBUG - gFName:cmp-RSL_Expt_20170821_165322.prf
2017-08-23 10:42:16,148- root - DEBUG - gFName:cmp-RSL_Expt_20170823_103729.prf
2017-08-23 10:42:16,148- root - DEBUG - gFName:cmp-RSL_Expt_20170821_165843.prf
2017-08-23 10:42:16,148- root - DEBUG - gFName:cmp-RSL_Expt_20170821_165345.prf
2017-08-23 10:42:16,148- root - DEBUG - gFName:cmp-RSL_Expt_20170823_095648.prf
2017-08-23 10:42:16,148- root - DEBUG - gFName:cmp-RSL_Expt_20170821_165849.prf
2017-08-23 10:42:16,149- root - DEBUG - gFName:cmp-RSL_Expt_20170823_103505.prf
2017-08-23 10:42:16,149- root - DEBUG - gFName:cmp-RSL_Expt_20170821_165411.prf
2017-08-23 10:42:16,149- root - DEBUG - gFName:cmp-RSL_Expt_20170821_165840.prf
2017-08-23 10:42:16,149- root - DEBUG - gFName:cmp-RSL_Expt_20170821_165824.prf
2017-08-23 10:42:16,149- root - DEBUG - gFName:cmp-RSL_Expt_20170821_165837.prf
2017-08-23 10:42:18,152- root - DEBUG - gFName:cmp-RSL_Expt_20170823_103024.prf
2017-08-23 10:42:18,152- root - DEBUG - gFName:cmp-RSL_Expt_20170821_170020.prf
2017-08-23 10:42:18,152- root - DEBUG - gFName:cmp-RSL_Expt_20170821_165805.prf
2017-08-23 10:42:18,153- root - DEBUG - gFName:cmp-RSL_Expt_20170823_103551.prf
2017-08-23 10:42:18,153- root - DEBUG - gFName:cmp-RSL_Expt_20170821_165312.prf
2017-08-23 10:42:18,153- root - DEBUG - gFName:cmp-RSL_Expt_20170821_165816.prf
2017-08-23 10:42:18,153- root - DEBUG - gFName:cmp-RSL_Expt_20170823_103535.prf
2017-08-23 10:42:18,153- root - DEBUG - gFName:Expt_20170823_104159.prf
2017-08-23 10:42:18,153- root - DEBUG - gFName:cmp-RSL_Expt_20170823_103902.prf
2017-08-23 10:42:18,154- root - DEBUG - gFName:cmp-RSL_Expt_20170821_165947.prf
2017-08-23 10:42:18,154- root - DEBUG - gFName:cmp-RSL_Expt_20170821_165819.prf
2017-08-23 10:42:18,154- root - DEBUG - gFName:cmp-RSL_Expt_20170823_103035.prf
2017-08-23 10:42:18,154- root - DEBUG - gFName:cmp-RSL_Expt_20170823_102957.prf
2017-08-23 10:42:18,154- root - DEBUG - gFName:cmp-RSL_Expt_20170823_103834.prf
2017-08-23 10:42:18,154- root - DEBUG - gFName:cmp-RSL_Expt_20170821_165846.prf
2017-08-23 10:42:18,155- root - DEBUG - gFName:cmp-RSL_Expt_20170821_165310.prf
2017-08-23 10:42:18,155- root - DEBUG - gFName:cmp-RSL_Expt_20170821_165248.prf
2017-08-23 10:42:18,155- root - DEBUG - gFName:cmp-RSL_Expt_20170823_100248.prf
2017-08-23 10:42:18,155- root - DEBUG - gFName:cmp-RSL_Expt_20170821_165337.prf
2017-08-23 10:42:18,155- root - DEBUG - gFName:cmp-RSL_Expt_20170823_102955.prf
2017-08-23 10:42:18,156- root - DEBUG - gFName:Expt_20170823_104033.prf
2017-08-23 10:42:18,156- root - DEBUG - gFName:cmp-RSL_Expt_20170823_103919.prf
2017-08-23 10:42:18,156- root - DEBUG - gFName:cmp-RSL_Expt_20170823_103731.prf
2017-08-23 10:42:18,156- root - DEBUG - gFName:cmp-RSL_Expt_20170821_165749.prf
2017-08-23 10:42:18,157- root - DEBUG - gFName:cmp-RSL_Expt_20170821_165254.prf
2017-08-23 10:42:18,157- root - DEBUG - gFName:_Expt_20170823_103952.prf
2017-08-23 10:42:18,157- root - DEBUG - gFName:.swp
2017-08-23 10:42:18,157- root - DEBUG - gFName:cmp-RSL_Expt_20170821_165821.prf
2017-08-23 10:42:18,157- root - DEBUG - gFName:cmp-RSL_Expt_20170821_165354.prf
2017-08-23 10:42:18,158- root - DEBUG - gFName:Expt_20170823_104016.prf
2017-08-23 10:42:18,158- root - DEBUG - gFName:cmp-RSL_Expt_20170821_170220.prf
2017-08-23 10:42:18,158- root - DEBUG - gFName:cmp-RSL_Expt_20170823_103739.prf
2017-08-23 10:42:18,158- root - DEBUG - gFName:cmp-RSL_Expt_20170823_103952.prf
2017-08-23 10:42:18,158- root - DEBUG - gFName:cmp-RSL_Expt_20170821_165828.prf
2017-08-23 10:42:18,159- root - DEBUG - gFName:cmp-RSL_Expt_20170823_095953.prf
2017-08-23 10:42:18,159- root - DEBUG - gFName:cmp-RSL_Expt_20170823_095827.prf
2017-08-23 10:42:18,159- root - DEBUG - gFName:cmp-RSL_Expt_20170823_103922.prf
2017-08-23 10:42:18,159- root - DEBUG - gFName:cmp-RSL_Expt_20170821_165813.prf
2017-08-23 10:42:18,160- root - DEBUG - gFName:cmp-RSL_Expt_20170823_103015.prf
2017-08-23 10:42:18,160- root - DEBUG - gFName:cmp-RSL_Expt_20170823_103017.prf
2017-08-23 10:42:18,160- root - DEBUG - gFName:cmp-RSL_Expt_20170821_170129.prf
2017-08-23 10:42:18,160- root - DEBUG - gFName:cmp-RSL_Expt_20170821_165322.prf
2017-08-23 10:42:18,161- root - DEBUG - gFName:cmp-RSL_Expt_20170823_103729.prf
2017-08-23 10:42:18,161- root - DEBUG - gFName:cmp-RSL_Expt_20170821_165843.prf
2017-08-23 10:42:18,161- root - DEBUG - gFName:cmp-RSL_Expt_20170821_165345.prf
2017-08-23 10:42:18,161- root - DEBUG - gFName:cmp-RSL_Expt_20170823_095648.prf
2017-08-23 10:42:18,161- root - DEBUG - gFName:cmp-RSL_Expt_20170821_165849.prf
2017-08-23 10:42:18,162- root - DEBUG - gFName:cmp-RSL_Expt_20170823_103505.prf
2017-08-23 10:42:18,162- root - DEBUG - gFName:cmp-RSL_Expt_20170821_165411.prf
2017-08-23 10:42:18,162- root - DEBUG - gFName:cmp-RSL_Expt_20170821_165840.prf
2017-08-23 10:42:18,162- root - DEBUG - gFName:cmp-RSL_Expt_20170821_165824.prf
2017-08-23 10:42:18,163- root - DEBUG - gFName:cmp-RSL_Expt_20170821_165837.prf
2017-08-23 10:42:19,076- root - ERROR - Geterrer:L559(EXIT)
2017-08-23 10:42:19,079- root - INFO - CL_fin
