2017-08-23 09:56:01,251- root - INFO - CL_Start
2017-08-23 09:56:36,347- root - DEBUG - main(Mval:0)
2017-08-23 09:56:36,347- root - INFO - Select_EXIT
2017-08-23 09:56:48,967- root - INFO - MakeExptFile
2017-08-23 09:56:48,968- root - INFO - MadeExptFile
2017-08-23 09:56:53,977- root - INFO - InptFile
2017-08-23 09:56:55,980- root - DEBUG - gFName:cmp-RSL_Expt_20170821_170020.prf
2017-08-23 09:56:55,980- root - DEBUG - gFName:cmp-RSL_Expt_20170821_165805.prf
2017-08-23 09:56:55,980- root - DEBUG - gFName:Expt_20170823_095648.prf
2017-08-23 09:56:55,980- root - DEBUG - gFName:cmp-RSL_Expt_20170821_165312.prf
2017-08-23 09:56:55,980- root - DEBUG - gFName:cmp-RSL_Expt_20170821_165816.prf
2017-08-23 09:56:55,980- root - DEBUG - gFName:cmp-RSL_Expt_20170821_165947.prf
2017-08-23 09:56:55,980- root - DEBUG - gFName:cmp-RSL_Expt_20170821_165819.prf
2017-08-23 09:56:55,980- root - DEBUG - gFName:cmp-RSL_Expt_20170821_165846.prf
2017-08-23 09:56:55,980- root - DEBUG - gFName:cmp-RSL_Expt_20170821_165310.prf
2017-08-23 09:56:55,980- root - DEBUG - gFName:cmp-RSL_Expt_20170821_165248.prf
2017-08-23 09:56:55,980- root - DEBUG - gFName:cmp-RSL_Expt_20170821_165337.prf
2017-08-23 09:56:55,981- root - DEBUG - gFName:cmp-RSL_Expt_20170821_165749.prf
2017-08-23 09:56:55,981- root - DEBUG - gFName:cmp-RSL_Expt_20170821_165254.prf
2017-08-23 09:56:55,981- root - DEBUG - gFName:.swp
2017-08-23 09:56:55,981- root - DEBUG - gFName:cmp-RSL_Expt_20170821_165821.prf
2017-08-23 09:56:55,981- root - DEBUG - gFName:cmp-RSL_Expt_20170821_165354.prf
2017-08-23 09:56:55,981- root - DEBUG - gFName:cmp-RSL_Expt_20170821_165828.prf
2017-08-23 09:56:55,981- root - DEBUG - gFName:cmp-RSL_Expt_20170821_165813.prf
2017-08-23 09:56:55,981- root - DEBUG - gFName:_Expt_20170821_170220.prf
2017-08-23 09:56:55,981- root - DEBUG - gFName:cmp-RSL_Expt_20170821_170129.prf
2017-08-23 09:56:55,981- root - DEBUG - gFName:cmp-RSL_Expt_20170821_165322.prf
2017-08-23 09:56:55,981- root - DEBUG - gFName:cmp-RSL_Expt_20170821_165843.prf
2017-08-23 09:56:55,981- root - DEBUG - gFName:cmp-RSL_Expt_20170821_165345.prf
2017-08-23 09:56:55,981- root - DEBUG - gFName:cmp-RSL_Expt_20170821_165849.prf
2017-08-23 09:56:55,981- root - DEBUG - gFName:cmp-RSL_Expt_20170821_165411.prf
2017-08-23 09:56:55,981- root - DEBUG - gFName:cmp-RSL_Expt_20170821_165840.prf
2017-08-23 09:56:55,982- root - DEBUG - gFName:cmp-RSL_Expt_20170821_165824.prf
2017-08-23 09:56:55,982- root - DEBUG - gFName:cmp-RSL_Expt_20170821_165837.prf
2017-08-23 09:56:55,982- root - DEBUG - gFName:RSL_Expt_20170821_170220.prf
2017-08-23 09:56:55,982- root - DEBUG - None
2017-08-23 09:56:55,982- root - INFO - renamed
2017-08-23 09:56:55,982- root - INFO - fin_InptFile
2017-08-23 09:57:52,884- root - INFO - CL_fin
2017-08-23 09:57:55,631- root - INFO - SV_wake
2017-08-23 09:57:56,632- root - INFO - None
2017-08-23 09:57:56,632- root - INFO - Select0
2017-08-23 09:57:56,633- root - INFO - Create:RSL_Expt_20170823_095648.prf
2017-08-23 09:57:56,633- root - INFO - None
2017-08-23 09:57:56,633- root - DEBUG - None
2017-08-23 09:58:19,082- root - INFO - SV_wake
2017-08-23 09:58:22,808- root - INFO - CL_Start
2017-08-23 09:58:25,033- root - DEBUG - main(Mval:0)
2017-08-23 09:58:25,034- root - INFO - Select_EXIT
2017-08-23 09:58:27,593- root - INFO - MakeExptFile
2017-08-23 09:58:27,593- root - INFO - MadeExptFile
2017-08-23 09:58:28,094- root - INFO - None
2017-08-23 09:58:28,094- root - INFO - Select0
2017-08-23 09:58:28,094- root - INFO - None
2017-08-23 09:58:28,094- root - INFO - Create:RSL_Expt_20170823_095827.prf
2017-08-23 09:58:28,095- root - DEBUG - None
2017-08-23 09:58:32,602- root - INFO - InptFile
2017-08-23 09:58:34,605- root - DEBUG - gFName:_Expt_20170823_095827.prf
2017-08-23 09:58:34,605- root - DEBUG - gFName:cmp-RSL_Expt_20170821_170020.prf
2017-08-23 09:58:34,605- root - DEBUG - gFName:cmp-RSL_Expt_20170821_165805.prf
2017-08-23 09:58:34,605- root - DEBUG - gFName:cmp-RSL_Expt_20170821_165312.prf
2017-08-23 09:58:34,605- root - DEBUG - gFName:cmp-RSL_Expt_20170821_165816.prf
2017-08-23 09:58:34,605- root - DEBUG - gFName:cmp-RSL_Expt_20170821_165947.prf
2017-08-23 09:58:34,605- root - DEBUG - gFName:cmp-RSL_Expt_20170821_165819.prf
2017-08-23 09:58:34,605- root - DEBUG - gFName:cmp-RSL_Expt_20170821_165846.prf
2017-08-23 09:58:34,605- root - DEBUG - gFName:cmp-RSL_Expt_20170821_165310.prf
2017-08-23 09:58:34,605- root - DEBUG - gFName:cmp-RSL_Expt_20170821_165248.prf
2017-08-23 09:58:34,606- root - DEBUG - gFName:cmp-RSL_Expt_20170821_165337.prf
2017-08-23 09:58:34,606- root - DEBUG - gFName:cmp-RSL_Expt_20170821_165749.prf
2017-08-23 09:58:34,606- root - DEBUG - gFName:cmp-RSL_Expt_20170821_165254.prf
2017-08-23 09:58:34,606- root - DEBUG - gFName:.swp
2017-08-23 09:58:34,606- root - DEBUG - gFName:cmp-RSL_Expt_20170821_165821.prf
2017-08-23 09:58:34,606- root - DEBUG - gFName:cmp-RSL_Expt_20170821_165354.prf
2017-08-23 09:58:34,606- root - DEBUG - gFName:cmp-RSL_Expt_20170821_170220.prf
2017-08-23 09:58:34,606- root - DEBUG - gFName:RSL_Expt_20170823_095827.prf
2017-08-23 09:58:34,606- root - DEBUG - None
2017-08-23 09:58:34,606- root - INFO - renamed
2017-08-23 09:58:34,606- root - INFO - fin_InptFile
2017-08-23 09:58:46,706- root - INFO - CL_fin
2017-08-23 09:59:49,471- root - INFO - SV_wake
2017-08-23 09:59:54,478- root - INFO - None
2017-08-23 09:59:54,478- root - INFO - Select0
2017-08-23 09:59:54,478- root - INFO - None
2017-08-23 09:59:54,478- root - INFO - Create:RSL_Expt_20170823_095953.prf
2017-08-23 09:59:54,479- root - DEBUG - None
2017-08-23 10:02:40,532- root - INFO - SV_wake
2017-08-23 10:02:49,543- root - INFO - None
2017-08-23 10:02:49,544- root - INFO - Select0
2017-08-23 10:02:49,544- root - INFO - None
2017-08-23 10:02:49,544- root - INFO - Create:RSL_Expt_20170823_100248.prf
2017-08-23 10:02:49,544- root - DEBUG - None
2017-08-23 10:02:49,544- root - INFO - Server Shutdown
2017-08-23 10:30:10,819- root - INFO - SV_wake
2017-08-23 10:30:11,821- root - INFO - None
2017-08-23 10:30:11,821- root - INFO - Select2
2017-08-23 10:30:11,825- root - INFO - Create:RSL_Expt_20170823_102957.prf
2017-08-23 10:30:11,825- root - INFO - None
2017-08-23 10:30:11,826- root - INFO - Create:RSL_Expt_20170823_102955.prf
2017-08-23 10:30:11,826- root - DEBUG - None
2017-08-23 10:30:12,828- root - INFO - None
2017-08-23 10:30:12,828- root - INFO - Select2
2017-08-23 10:30:12,829- root - INFO - None
2017-08-23 10:30:12,829- root - INFO - Create:RSL_Expt_20170823_102955.prf
2017-08-23 10:30:12,830- root - DEBUG - None
2017-08-23 10:30:15,834- root - INFO - None
2017-08-23 10:30:15,835- root - INFO - Select2
2017-08-23 10:30:15,835- root - INFO - None
2017-08-23 10:30:15,835- root - INFO - Create:RSL_Expt_20170823_103015.prf
2017-08-23 10:30:15,836- root - DEBUG - None
2017-08-23 10:30:17,838- root - INFO - None
2017-08-23 10:30:17,838- root - INFO - Select2
2017-08-23 10:30:17,839- root - INFO - None
2017-08-23 10:30:17,839- root - INFO - Create:RSL_Expt_20170823_103017.prf
2017-08-23 10:30:17,839- root - DEBUG - None
2017-08-23 10:30:25,850- root - INFO - None
2017-08-23 10:30:25,851- root - INFO - Select4
2017-08-23 10:30:25,851- root - INFO - None
2017-08-23 10:30:25,852- root - INFO - Create:RSL_Expt_20170823_103024.prf
2017-08-23 10:30:25,852- root - DEBUG - None
2017-08-23 10:30:35,865- root - INFO - None
2017-08-23 10:30:35,865- root - INFO - Select0
2017-08-23 10:30:35,865- root - INFO - Create:RSL_Expt_20170823_103035.prf
2017-08-23 10:30:35,865- root - INFO - None
2017-08-23 10:30:35,866- root - DEBUG - None
2017-08-23 10:30:35,866- root - INFO - Server Shutdown
2017-08-23 10:34:16,309- root - INFO - SV_wake
2017-08-23 10:35:05,376- root - INFO - None
2017-08-23 10:35:05,376- root - INFO - Select2
2017-08-23 10:35:05,380- root - INFO - Create:RSL_Expt_20170823_103505.prf
2017-08-23 10:35:05,380- root - INFO - None
2017-08-23 10:35:05,380- root - DEBUG - None
2017-08-23 10:35:36,422- root - INFO - None
2017-08-23 10:35:36,422- root - INFO - Select1
2017-08-23 10:35:36,422- root - INFO - None
2017-08-23 10:35:36,423- root - INFO - Create:RSL_Expt_20170823_103535.prf
2017-08-23 10:35:36,423- root - DEBUG - None
2017-08-23 10:35:51,441- root - INFO - None
2017-08-23 10:35:51,442- root - INFO - Select2
2017-08-23 10:35:51,442- root - INFO - None
2017-08-23 10:35:51,443- root - INFO - Create:RSL_Expt_20170823_103551.prf
2017-08-23 10:35:51,443- root - DEBUG - None
2017-08-23 10:37:29,568- root - INFO - None
2017-08-23 10:37:29,569- root - INFO - Select2
2017-08-23 10:37:29,569- root - INFO - None
2017-08-23 10:37:29,570- root - INFO - Create:RSL_Expt_20170823_103729.prf
2017-08-23 10:37:29,570- root - DEBUG - None
2017-08-23 10:37:31,573- root - INFO - None
2017-08-23 10:37:31,573- root - INFO - Select2
2017-08-23 10:37:31,574- root - INFO - Create:RSL_Expt_20170823_103731.prf
2017-08-23 10:37:31,574- root - INFO - None
2017-08-23 10:37:31,574- root - DEBUG - None
2017-08-23 10:37:40,587- root - INFO - None
2017-08-23 10:37:40,587- root - INFO - Select4
2017-08-23 10:37:40,587- root - INFO - Create:RSL_Expt_20170823_103739.prf
2017-08-23 10:37:40,588- root - INFO - None
2017-08-23 10:37:40,588- root - DEBUG - None
2017-08-23 10:38:35,661- root - INFO - None
2017-08-23 10:38:35,661- root - INFO - Select2
2017-08-23 10:38:35,662- root - INFO - Create:RSL_Expt_20170823_103834.prf
2017-08-23 10:38:35,662- root - INFO - None
2017-08-23 10:38:35,662- root - DEBUG - None
2017-08-23 10:39:02,699- root - INFO - None
2017-08-23 10:39:02,699- root - INFO - Select2
2017-08-23 10:39:02,700- root - INFO - Create:RSL_Expt_20170823_103902.prf
2017-08-23 10:39:02,700- root - INFO - None
2017-08-23 10:39:02,700- root - DEBUG - None
2017-08-23 10:39:19,724- root - INFO - None
2017-08-23 10:39:19,724- root - INFO - Select2
2017-08-23 10:39:19,725- root - INFO - Create:RSL_Expt_20170823_103919.prf
2017-08-23 10:39:19,725- root - INFO - None
2017-08-23 10:39:19,725- root - DEBUG - None
2017-08-23 10:39:22,730- root - INFO - None
2017-08-23 10:39:22,730- root - INFO - Select3
2017-08-23 10:39:22,731- root - INFO - Create:RSL_Expt_20170823_103922.prf
2017-08-23 10:39:22,731- root - INFO - None
2017-08-23 10:39:22,731- root - DEBUG - None
2017-08-23 10:39:53,772- root - INFO - None
2017-08-23 10:39:53,773- root - INFO - Select0
2017-08-23 10:39:53,773- root - INFO - None
2017-08-23 10:39:53,773- root - INFO - Create:RSL_Expt_20170823_103952.prf
2017-08-23 10:39:53,773- root - DEBUG - None
2017-08-23 10:39:53,773- root - INFO - Server Shutdown
