2017-08-21 10:05:20,662- root - INFO - SV_wake
2017-08-21 10:51:54,883- root - INFO - SV_wake
2017-08-21 11:11:11,165- root - INFO - None
2017-08-21 11:11:11,165- root - INFO - Select2
2017-08-21 11:11:11,169- root - INFO - None
2017-08-21 11:11:11,170- root - INFO - None
2017-08-21 11:11:11,170- root - INFO - None
2017-08-21 11:11:11,170- root - INFO - Create:RSL-Expt_20170821_111110.prf
2017-08-21 11:11:11,170- root - DEBUG - None
2017-08-21 11:11:24,195- root - INFO - None
2017-08-21 11:11:24,195- root - INFO - Select1
2017-08-21 11:11:24,195- root - INFO - None
2017-08-21 11:11:24,196- root - INFO - Create:RSL-Expt_20170821_111124.prf
2017-08-21 11:11:24,196- root - DEBUG - None
2017-08-21 11:11:41,228- root - INFO - None
2017-08-21 11:11:41,228- root - INFO - Select2
2017-08-21 11:11:41,229- root - INFO - Create:RSL-Expt_20170821_111140.prf
2017-08-21 11:11:41,229- root - INFO - None
2017-08-21 11:11:41,229- root - DEBUG - None
2017-08-21 11:11:54,254- root - INFO - None
2017-08-21 11:11:54,254- root - INFO - Select2
2017-08-21 11:11:54,255- root - INFO - Create:RSL-Expt_20170821_111153.prf
2017-08-21 11:11:54,255- root - INFO - None
2017-08-21 11:11:54,255- root - DEBUG - None
2017-08-21 11:12:09,284- root - INFO - None
2017-08-21 11:12:09,285- root - INFO - Select2
2017-08-21 11:12:09,285- root - INFO - None
2017-08-21 11:12:09,285- root - INFO - Create:RSL-Expt_20170821_111208.prf
2017-08-21 11:12:09,285- root - DEBUG - None
2017-08-21 11:12:15,297- root - INFO - None
2017-08-21 11:12:15,297- root - INFO - Select2
2017-08-21 11:12:15,298- root - INFO - None
2017-08-21 11:12:15,298- root - INFO - Create:RSL-Expt_20170821_111215.prf
2017-08-21 11:12:15,298- root - DEBUG - None
2017-08-21 11:12:21,310- root - INFO - None
2017-08-21 11:12:21,310- root - INFO - Select2
2017-08-21 11:12:21,311- root - INFO - Create:RSL-Expt_20170821_111220.prf
2017-08-21 11:12:21,311- root - INFO - None
2017-08-21 11:12:21,311- root - DEBUG - None
2017-08-21 11:15:50,675- root - INFO - None
2017-08-21 11:15:50,675- root - INFO - Select2
2017-08-21 11:15:50,676- root - INFO - None
2017-08-21 11:15:50,676- root - INFO - Create:RSL-Expt_20170821_111549.prf
2017-08-21 11:15:50,676- root - DEBUG - None
2017-08-21 11:15:54,684- root - INFO - None
2017-08-21 11:15:54,684- root - INFO - Select2
2017-08-21 11:15:54,684- root - INFO - None
2017-08-21 11:15:54,685- root - INFO - Create:RSL-Expt_20170821_111554.prf
2017-08-21 11:15:54,685- root - DEBUG - None
2017-08-21 11:15:58,693- root - INFO - None
2017-08-21 11:15:58,693- root - INFO - Select2
2017-08-21 11:15:58,693- root - INFO - Create:RSL-Expt_20170821_111558.prf
2017-08-21 11:15:58,694- root - INFO - None
2017-08-21 11:15:58,694- root - DEBUG - None
2017-08-21 11:16:02,701- root - INFO - None
2017-08-21 11:16:02,701- root - INFO - Select2
2017-08-21 11:16:02,702- root - INFO - None
2017-08-21 11:16:02,702- root - INFO - Create:RSL-Expt_20170821_111602.prf
2017-08-21 11:16:02,702- root - DEBUG - None
2017-08-21 11:16:09,715- root - INFO - None
2017-08-21 11:16:09,715- root - INFO - Select2
2017-08-21 11:16:09,716- root - INFO - Create:RSL-Expt_20170821_111609.prf
2017-08-21 11:16:09,716- root - INFO - None
2017-08-21 11:16:09,716- root - DEBUG - None
2017-08-21 11:16:24,745- root - INFO - None
2017-08-21 11:16:24,745- root - INFO - Select2
2017-08-21 11:16:24,746- root - INFO - None
2017-08-21 11:16:24,746- root - INFO - Create:RSL-Expt_20170821_111623.prf
2017-08-21 11:16:24,747- root - DEBUG - None
2017-08-21 11:16:28,754- root - INFO - None
2017-08-21 11:16:28,754- root - INFO - Select2
2017-08-21 11:16:28,755- root - INFO - None
2017-08-21 11:16:28,755- root - INFO - Create:RSL-Expt_20170821_111628.prf
2017-08-21 11:16:28,755- root - DEBUG - None
2017-08-21 11:16:32,763- root - INFO - None
2017-08-21 11:16:32,763- root - INFO - Select2
2017-08-21 11:16:32,764- root - INFO - None
2017-08-21 11:16:32,764- root - INFO - Create:RSL-Expt_20170821_111632.prf
2017-08-21 11:16:32,764- root - DEBUG - None
2017-08-21 11:16:40,780- root - INFO - None
2017-08-21 11:16:40,780- root - INFO - Select2
2017-08-21 11:16:40,781- root - INFO - None
2017-08-21 11:16:40,781- root - INFO - Create:RSL-Expt_20170821_111640.prf
2017-08-21 11:16:40,781- root - DEBUG - None
2017-08-21 11:16:45,790- root - INFO - None
2017-08-21 11:16:45,790- root - INFO - Select2
2017-08-21 11:16:45,791- root - INFO - Create:RSL-Expt_20170821_111645.prf
2017-08-21 11:16:45,791- root - INFO - None
2017-08-21 11:16:45,791- root - DEBUG - None
2017-08-21 11:16:47,795- root - INFO - None
2017-08-21 11:16:47,795- root - INFO - Select2
2017-08-21 11:16:47,795- root - INFO - None
2017-08-21 11:16:47,796- root - INFO - Create:RSL-Expt_20170821_111647.prf
2017-08-21 11:16:47,796- root - DEBUG - None
2017-08-21 11:16:58,818- root - INFO - None
2017-08-21 11:16:58,818- root - INFO - Select4
2017-08-21 11:16:58,818- root - INFO - Create:RSL-Expt_20170821_111658.prf
2017-08-21 11:16:58,819- root - INFO - None
2017-08-21 11:16:58,819- root - DEBUG - None
2017-08-21 11:36:51,161- root - INFO - None
2017-08-21 11:36:51,161- root - INFO - Select2
2017-08-21 11:36:51,162- root - INFO - None
2017-08-21 11:36:51,162- root - INFO - Create:RSL-Expt_20170821_113650.prf
2017-08-21 11:36:51,162- root - DEBUG - None
2017-08-21 11:36:53,167- root - INFO - None
2017-08-21 11:36:53,167- root - INFO - Select2
2017-08-21 11:36:53,168- root - INFO - None
2017-08-21 11:36:53,168- root - INFO - Create:RSL-Expt_20170821_113652.prf
2017-08-21 11:36:53,168- root - DEBUG - None
2017-08-21 11:38:37,376- root - INFO - None
2017-08-21 11:38:37,376- root - INFO - Select2
2017-08-21 11:38:37,377- root - INFO - None
2017-08-21 11:38:37,377- root - INFO - Create:RSL-Expt_20170821_113836.prf
2017-08-21 11:38:37,377- root - DEBUG - None
2017-08-21 11:38:51,405- root - INFO - None
2017-08-21 11:38:51,405- root - INFO - Select2
2017-08-21 11:38:51,406- root - INFO - Create:RSL-Expt_20170821_113850.prf
2017-08-21 11:38:51,406- root - INFO - None
2017-08-21 11:38:51,406- root - DEBUG - None
2017-08-21 13:03:41,807- root - INFO - SV_wake
2017-08-21 13:08:45,372- root - INFO - SV_wake
2017-08-21 13:08:52,387- root - INFO - None
2017-08-21 13:08:52,387- root - INFO - Select0
2017-08-21 13:09:55,916- root - INFO - SV_wake
2017-08-21 13:10:00,927- root - INFO - None
2017-08-21 13:10:00,927- root - INFO - Select0
2017-08-21 13:12:01,688- root - INFO - SV_wake
2017-08-21 13:12:12,711- root - INFO - None
2017-08-21 13:12:12,712- root - INFO - Select0
2017-08-21 13:12:12,712- root - INFO - None
2017-08-21 13:12:12,712- root - INFO - None
2017-08-21 13:12:12,712- root - INFO - None
2017-08-21 13:12:12,713- root - INFO - Create:RSL-Expt_20170821_131212.prf
2017-08-21 13:12:12,713- root - DEBUG - None
2017-08-21 13:15:39,128- root - INFO - SV_wake
2017-08-21 13:15:43,136- root - INFO - None
2017-08-21 13:15:43,136- root - INFO - Select0
2017-08-21 13:15:43,136- root - INFO - Create:RSL-Expt_20170821_131543.prf
2017-08-21 13:15:43,137- root - INFO - None
2017-08-21 13:15:43,137- root - DEBUG - None
2017-08-21 13:22:45,629- root - INFO - SV_wake
2017-08-21 13:23:24,711- root - INFO - None
2017-08-21 13:23:24,711- root - INFO - Select2
2017-08-21 13:23:24,715- root - INFO - Create:RSL-Expt_20170821_132324.prf
2017-08-21 13:23:24,715- root - INFO - None
2017-08-21 13:23:24,715- root - DEBUG - None
2017-08-21 13:23:26,718- root - INFO - None
2017-08-21 13:23:26,719- root - INFO - Select2
2017-08-21 13:23:26,719- root - INFO - Create:RSL-Expt_20170821_132326.prf
2017-08-21 13:23:26,719- root - INFO - None
2017-08-21 13:23:26,719- root - DEBUG - None
2017-08-21 13:23:53,772- root - INFO - None
2017-08-21 13:23:53,773- root - INFO - Select0
2017-08-21 13:23:53,773- root - INFO - Create:RSL-Expt_20170821_132353.prf
2017-08-21 13:23:53,773- root - INFO - None
2017-08-21 13:23:53,773- root - DEBUG - None
2017-08-21 13:28:55,151- root - INFO - SV_wake
2017-08-21 13:29:00,162- root - INFO - None
2017-08-21 13:29:00,162- root - INFO - Select2
2017-08-21 13:29:00,166- root - INFO - Create:RSL-Expt_20170821_132859.prf
2017-08-21 13:29:00,166- root - INFO - None
2017-08-21 13:29:00,166- root - DEBUG - None
2017-08-21 13:29:02,170- root - INFO - None
2017-08-21 13:29:02,170- root - INFO - Select2
2017-08-21 13:29:02,171- root - INFO - Create:RSL-Expt_20170821_132901.prf
2017-08-21 13:29:02,171- root - INFO - None
2017-08-21 13:29:02,171- root - DEBUG - None
2017-08-21 13:29:25,217- root - INFO - None
2017-08-21 13:29:25,217- root - INFO - Select0
2017-08-21 13:29:25,217- root - INFO - None
2017-08-21 13:29:25,218- root - INFO - Create:RSL-Expt_20170821_132924.prf
2017-08-21 13:29:25,218- root - DEBUG - None
2017-08-21 13:31:57,352- root - INFO - SV_wake
2017-08-21 13:32:07,374- root - INFO - None
2017-08-21 13:32:07,374- root - INFO - Select2
2017-08-21 13:32:07,378- root - INFO - Create:RSL-Expt_20170821_133206.prf
2017-08-21 13:32:07,378- root - INFO - None
2017-08-21 13:32:07,378- root - DEBUG - None
2017-08-21 13:32:09,382- root - INFO - None
2017-08-21 13:32:09,382- root - INFO - Select2
2017-08-21 13:32:09,383- root - INFO - None
2017-08-21 13:32:09,383- root - INFO - Create:RSL-Expt_20170821_133208.prf
2017-08-21 13:32:09,383- root - DEBUG - None
2017-08-21 13:32:32,431- root - INFO - None
2017-08-21 13:32:32,431- root - INFO - Select4
2017-08-21 13:32:32,432- root - INFO - None
2017-08-21 13:32:32,432- root - INFO - Create:RSL-Expt_20170821_133232.prf
2017-08-21 13:32:32,432- root - DEBUG - None
2017-08-21 13:33:02,490- root - INFO - None
2017-08-21 13:33:02,490- root - INFO - Select5
2017-08-21 13:34:14,483- root - INFO - SV_wake
2017-08-21 13:34:18,492- root - INFO - None
2017-08-21 13:34:18,492- root - INFO - Select5
2017-08-21 13:34:18,496- root - INFO - None
2017-08-21 13:34:18,496- root - INFO - None
2017-08-21 13:34:18,496- root - INFO - Create:RSL-Expt_20170821_133418.prf
2017-08-21 13:34:18,496- root - DEBUG - None
2017-08-21 13:34:20,501- root - INFO - None
2017-08-21 13:34:20,501- root - INFO - Select2
2017-08-21 13:34:20,501- root - INFO - None
2017-08-21 13:34:20,501- root - INFO - Create:RSL-Expt_20170821_133420.prf
2017-08-21 13:34:20,502- root - DEBUG - None
2017-08-21 13:45:48,872- root - INFO - None
2017-08-21 13:45:48,873- root - INFO - Select0
2017-08-21 13:45:48,873- root - INFO - Create:RSL-Expt_20170821_134548.prf
2017-08-21 13:45:48,873- root - INFO - None
2017-08-21 13:45:48,873- root - DEBUG - None
2017-08-21 13:46:27,011- root - INFO - SV_wake
2017-08-21 13:46:32,021- root - INFO - None
2017-08-21 13:46:32,021- root - INFO - Select5
2017-08-21 13:46:32,025- root - INFO - Create:RSL-Expt_20170821_134631.prf
2017-08-21 13:46:32,025- root - INFO - None
2017-08-21 13:46:32,025- root - DEBUG - None
2017-08-21 13:46:34,029- root - INFO - None
2017-08-21 13:46:34,029- root - INFO - Select2
2017-08-21 13:46:34,030- root - INFO - None
2017-08-21 13:46:34,030- root - INFO - Create:RSL-Expt_20170821_134633.prf
2017-08-21 13:46:34,030- root - DEBUG - None
2017-08-21 13:49:21,802- root - INFO - SV_wake
2017-08-21 13:49:25,385- root - INFO - None
2017-08-21 13:49:25,385- root - INFO - Select5
2017-08-21 13:49:25,386- root - INFO - None
2017-08-21 13:49:25,386- root - INFO - Create:RSL-Expt_20170821_134924.prf
2017-08-21 13:49:25,386- root - DEBUG - None
2017-08-21 13:49:27,390- root - INFO - None
2017-08-21 13:49:27,390- root - INFO - Select2
2017-08-21 13:49:27,391- root - INFO - Create:RSL-Expt_20170821_134926.prf
2017-08-21 13:49:27,391- root - INFO - None
2017-08-21 13:49:27,391- root - DEBUG - None
2017-08-21 13:50:36,418- root - INFO - SV_wake
2017-08-21 13:50:39,971- root - INFO - None
2017-08-21 13:50:39,971- root - INFO - Select5
2017-08-21 13:50:39,975- root - INFO - Create:RSL-Expt_20170821_135039.prf
2017-08-21 13:50:39,975- root - INFO - None
2017-08-21 13:50:39,975- root - DEBUG - None
2017-08-21 13:50:41,978- root - INFO - None
2017-08-21 13:50:41,979- root - INFO - Select2
2017-08-21 13:50:41,979- root - INFO - None
2017-08-21 13:50:41,979- root - INFO - Create:RSL-Expt_20170821_135041.prf
2017-08-21 13:50:41,980- root - DEBUG - None
2017-08-21 13:51:50,682- root - INFO - SV_wake
2017-08-21 13:51:55,128- root - INFO - None
2017-08-21 13:51:55,129- root - INFO - Select5
2017-08-21 13:51:55,129- root - INFO - Create:RSL-Expt_20170821_135154.prf
2017-08-21 13:51:55,129- root - INFO - None
2017-08-21 13:51:55,130- root - DEBUG - None
2017-08-21 13:51:57,134- root - INFO - None
2017-08-21 13:51:57,134- root - INFO - Select5
2017-08-21 13:51:57,135- root - INFO - None
2017-08-21 13:51:57,135- root - INFO - Create:RSL-Expt_20170821_135156.prf
2017-08-21 13:51:57,135- root - DEBUG - None
2017-08-21 13:53:01,103- root - INFO - SV_wake
2017-08-21 13:53:03,743- root - INFO - None
2017-08-21 13:53:03,744- root - INFO - Select5
2017-08-21 13:53:03,748- root - INFO - Create:RSL-Expt_20170821_135303.prf
2017-08-21 13:53:03,748- root - INFO - None
2017-08-21 13:53:03,748- root - DEBUG - None
2017-08-21 13:53:05,751- root - INFO - None
2017-08-21 13:53:05,751- root - INFO - Select5
2017-08-21 13:53:05,752- root - INFO - Create:RSL-Expt_20170821_135305.prf
2017-08-21 13:53:05,752- root - INFO - None
2017-08-21 13:53:05,752- root - DEBUG - None
2017-08-21 14:00:03,502- root - INFO - SV_wake
2017-08-21 14:00:06,509- root - INFO - None
2017-08-21 14:00:06,509- root - INFO - Select5
2017-08-21 14:00:06,513- root - INFO - None
2017-08-21 14:00:06,513- root - INFO - Create:RSL-Expt_20170821_140006.prf
2017-08-21 14:00:06,513- root - DEBUG - None
2017-08-21 14:00:08,517- root - INFO - None
2017-08-21 14:00:08,517- root - INFO - Select5
2017-08-21 14:00:08,518- root - INFO - Create:RSL-Expt_20170821_140008.prf
2017-08-21 14:00:08,518- root - INFO - None
2017-08-21 14:00:08,518- root - DEBUG - None
2017-08-21 14:01:32,143- root - INFO - SV_wake
2017-08-21 14:01:39,255- root - INFO - None
2017-08-21 14:01:39,255- root - INFO - Select5
2017-08-21 14:01:39,259- root - INFO - None
2017-08-21 14:01:39,259- root - INFO - Create:RSL-Expt_20170821_140139.prf
2017-08-21 14:01:39,259- root - DEBUG - None
2017-08-21 14:01:41,263- root - INFO - None
2017-08-21 14:01:41,263- root - INFO - Select5
2017-08-21 14:01:41,264- root - INFO - Create:RSL-Expt_20170821_140141.prf
2017-08-21 14:01:41,264- root - INFO - None
2017-08-21 14:01:41,264- root - DEBUG - None
2017-08-21 14:02:17,730- root - INFO - SV_wake
2017-08-21 14:02:19,734- root - INFO - None
2017-08-21 14:02:19,734- root - INFO - Select5
2017-08-21 14:02:19,738- root - INFO - Create:RSL-Expt_20170821_140219.prf
2017-08-21 14:02:19,738- root - INFO - None
2017-08-21 14:02:19,738- root - DEBUG - None
2017-08-21 14:02:21,743- root - INFO - None
2017-08-21 14:02:21,743- root - INFO - Select5
2017-08-21 14:02:21,744- root - INFO - None
2017-08-21 14:02:21,744- root - INFO - Create:RSL-Expt_20170821_140221.prf
2017-08-21 14:02:21,744- root - DEBUG - None
2017-08-21 14:03:41,911- root - INFO - SV_wake
2017-08-21 14:03:47,442- root - INFO - None
2017-08-21 14:03:47,442- root - INFO - Select5
2017-08-21 14:03:47,446- root - INFO - None
2017-08-21 14:03:47,446- root - INFO - Create:RSL-Expt_20170821_140347.prf
2017-08-21 14:03:47,446- root - DEBUG - None
2017-08-21 14:03:49,450- root - INFO - None
2017-08-21 14:03:49,451- root - INFO - Select5
2017-08-21 14:03:49,451- root - INFO - Create:RSL-Expt_20170821_140349.prf
2017-08-21 14:03:49,452- root - INFO - None
2017-08-21 14:03:49,452- root - DEBUG - None
2017-08-21 14:06:52,370- root - INFO - SV_wake
2017-08-21 14:06:55,339- root - INFO - None
2017-08-21 14:06:55,339- root - INFO - Select5
2017-08-21 14:06:55,339- root - INFO - Create:RSL-Expt_20170821_140655.prf
2017-08-21 14:06:55,340- root - INFO - None
2017-08-21 14:06:55,340- root - DEBUG - None
2017-08-21 14:06:57,345- root - INFO - None
2017-08-21 14:06:57,345- root - INFO - Select5
2017-08-21 14:06:57,351- root - INFO - Create:RSL-Expt_20170821_140657.prf
2017-08-21 14:06:57,351- root - INFO - None
2017-08-21 14:06:57,351- root - DEBUG - None
2017-08-21 14:07:12,376- root - INFO - None
2017-08-21 14:07:12,377- root - INFO - Select2
2017-08-21 14:07:12,377- root - INFO - Create:RSL-Expt_20170821_140712.prf
2017-08-21 14:07:12,377- root - INFO - None
2017-08-21 14:07:12,378- root - DEBUG - None
2017-08-21 14:07:14,381- root - INFO - None
2017-08-21 14:07:14,381- root - INFO - Select2
2017-08-21 14:07:14,382- root - INFO - None
2017-08-21 14:07:14,382- root - INFO - Create:RSL-Expt_20170821_140714.prf
2017-08-21 14:07:14,382- root - DEBUG - None
2017-08-21 14:08:22,284- root - INFO - SV_wake
2017-08-21 14:08:26,017- root - INFO - None
2017-08-21 14:08:26,017- root - INFO - Select2
2017-08-21 14:08:26,018- root - INFO - Create:RSL-Expt_20170821_140825.prf
2017-08-21 14:08:26,018- root - INFO - None
2017-08-21 14:08:26,018- root - DEBUG - None
2017-08-21 14:08:30,535- root - INFO - None
2017-08-21 14:08:30,535- root - INFO - Select2
2017-08-21 14:08:30,536- root - INFO - None
2017-08-21 14:08:30,537- root - INFO - Create:RSL-Expt_20170821_140830.prf
2017-08-21 14:08:30,537- root - DEBUG - None
2017-08-21 14:08:32,541- root - INFO - None
2017-08-21 14:08:32,541- root - INFO - Select2
2017-08-21 14:08:32,543- root - INFO - Create:RSL-Expt_20170821_140832.prf
2017-08-21 14:08:32,543- root - INFO - None
2017-08-21 14:08:32,543- root - DEBUG - None
2017-08-21 14:11:00,221- root - INFO - SV_wake
2017-08-21 14:11:04,654- root - INFO - None
2017-08-21 14:11:04,655- root - INFO - Select5
2017-08-21 14:11:04,659- root - INFO - Create:RSL-Expt_20170821_141104.prf
2017-08-21 14:11:04,659- root - INFO - None
2017-08-21 14:11:04,659- root - DEBUG - None
2017-08-21 14:11:06,663- root - INFO - None
2017-08-21 14:11:06,664- root - INFO - Select5
2017-08-21 14:11:06,664- root - INFO - None
2017-08-21 14:11:06,664- root - INFO - Create:RSL-Expt_20170821_141106.prf
2017-08-21 14:11:06,665- root - DEBUG - None
2017-08-21 14:14:19,701- root - INFO - SV_wake
2017-08-21 14:14:22,373- root - INFO - None
2017-08-21 14:14:22,373- root - INFO - Select5
2017-08-21 14:14:22,375- root - INFO - None
2017-08-21 14:14:22,375- root - INFO - Create:RSL-Expt_20170821_141422.prf
2017-08-21 14:14:22,375- root - DEBUG - None
2017-08-21 14:14:24,378- root - INFO - None
2017-08-21 14:14:24,378- root - INFO - Select5
2017-08-21 14:14:24,379- root - INFO - Create:RSL-Expt_20170821_141424.prf
2017-08-21 14:14:24,379- root - INFO - None
2017-08-21 14:14:24,379- root - DEBUG - None
2017-08-21 14:15:35,487- root - INFO - SV_wake
2017-08-21 14:15:37,777- root - INFO - None
2017-08-21 14:15:37,777- root - INFO - Select5
2017-08-21 14:15:37,778- root - INFO - Create:RSL-Expt_20170821_141537.prf
2017-08-21 14:15:37,778- root - INFO - None
2017-08-21 14:15:37,778- root - DEBUG - None
2017-08-21 14:15:39,783- root - INFO - None
2017-08-21 14:15:39,783- root - INFO - Select5
2017-08-21 14:15:39,784- root - INFO - None
2017-08-21 14:15:39,784- root - INFO - Create:RSL-Expt_20170821_141539.prf
2017-08-21 14:15:39,784- root - DEBUG - None
2017-08-21 14:18:24,721- root - INFO - SV_wake
2017-08-21 14:18:28,947- root - INFO - None
2017-08-21 14:18:28,947- root - INFO - Select5
2017-08-21 14:18:28,949- root - INFO - None
2017-08-21 14:18:28,950- root - INFO - Create:RSL-Expt_20170821_141828.prf
2017-08-21 14:18:28,951- root - DEBUG - None
2017-08-21 14:18:30,953- root - INFO - None
2017-08-21 14:18:30,953- root - INFO - Select5
2017-08-21 14:18:30,954- root - INFO - Create:RSL-Expt_20170821_141830.prf
2017-08-21 14:18:30,955- root - INFO - None
2017-08-21 14:18:30,955- root - DEBUG - None
2017-08-21 14:18:56,213- root - INFO - None
2017-08-21 14:18:56,213- root - INFO - Select0
2017-08-21 14:18:56,215- root - INFO - None
2017-08-21 14:18:56,215- root - INFO - Create:RSL-Expt_20170821_141856.prf
2017-08-21 14:18:56,215- root - DEBUG - None
2017-08-21 14:19:10,502- root - INFO - SV_wake
2017-08-21 14:19:16,726- root - INFO - None
2017-08-21 14:19:16,726- root - INFO - Select5
2017-08-21 14:19:16,726- root - INFO - Create:RSL-Expt_20170821_141916.prf
2017-08-21 14:19:16,727- root - INFO - None
2017-08-21 14:19:16,727- root - DEBUG - None
2017-08-21 14:19:18,731- root - INFO - None
2017-08-21 14:19:18,731- root - INFO - Select5
2017-08-21 14:19:18,732- root - INFO - Create:RSL-Expt_20170821_141918.prf
2017-08-21 14:19:18,732- root - INFO - None
2017-08-21 14:19:18,732- root - DEBUG - None
2017-08-21 14:19:35,406- root - INFO - None
2017-08-21 14:19:35,406- root - INFO - Select0
2017-08-21 14:19:35,410- root - INFO - None
2017-08-21 14:19:35,410- root - INFO - Create:RSL-Expt_20170821_141935.prf
2017-08-21 14:19:35,410- root - DEBUG - None
2017-08-21 14:21:04,595- root - INFO - SV_wake
2017-08-21 14:21:10,676- root - INFO - None
2017-08-21 14:21:10,676- root - INFO - Select5
2017-08-21 14:21:10,677- root - INFO - Create:RSL-Expt_20170821_142110.prf
2017-08-21 14:21:10,677- root - INFO - None
2017-08-21 14:21:10,678- root - DEBUG - None
2017-08-21 14:21:12,682- root - INFO - None
2017-08-21 14:21:12,682- root - INFO - Select5
2017-08-21 14:21:12,683- root - INFO - Create:RSL-Expt_20170821_142112.prf
2017-08-21 14:21:12,683- root - INFO - None
2017-08-21 14:21:12,683- root - DEBUG - None
2017-08-21 14:21:54,710- root - INFO - None
2017-08-21 14:21:54,711- root - INFO - Select0
2017-08-21 14:21:54,711- root - INFO - Create:RSL-Expt_20170821_142154.prf
2017-08-21 14:21:54,711- root - INFO - None
2017-08-21 14:21:54,711- root - DEBUG - None
2017-08-21 14:22:52,703- root - INFO - SV_wake
2017-08-21 14:23:04,227- root - INFO - None
2017-08-21 14:23:04,227- root - INFO - Select5
2017-08-21 14:23:04,228- root - INFO - None
2017-08-21 14:23:04,228- root - INFO - Create:RSL-Expt_20170821_142304.prf
2017-08-21 14:23:04,228- root - DEBUG - None
2017-08-21 14:23:06,232- root - INFO - None
2017-08-21 14:23:06,233- root - INFO - Select5
2017-08-21 14:23:06,233- root - INFO - None
2017-08-21 14:23:06,233- root - INFO - Create:RSL-Expt_20170821_142306.prf
2017-08-21 14:23:06,233- root - DEBUG - None
2017-08-21 14:24:47,612- root - INFO - None
2017-08-21 14:24:47,612- root - INFO - Select2
2017-08-21 14:24:47,616- root - INFO - Create:RSL-Expt_20170821_142447.prf
2017-08-21 14:24:47,616- root - INFO - None
2017-08-21 14:24:47,616- root - DEBUG - None
2017-08-21 14:24:49,621- root - INFO - None
2017-08-21 14:24:49,621- root - INFO - Select2
2017-08-21 14:24:49,621- root - INFO - None
2017-08-21 14:24:49,622- root - INFO - Create:RSL-Expt_20170821_142449.prf
2017-08-21 14:24:49,622- root - DEBUG - None
2017-08-21 14:24:57,639- root - INFO - None
2017-08-21 14:24:57,639- root - INFO - Select4
2017-08-21 14:24:57,640- root - INFO - None
2017-08-21 14:24:57,640- root - INFO - Create:RSL-Expt_20170821_142457.prf
2017-08-21 14:24:57,640- root - DEBUG - None
2017-08-21 14:28:31,112- root - INFO - None
2017-08-21 14:28:31,112- root - INFO - Select0
2017-08-21 14:28:31,112- root - INFO - Create:RSL-Expt_20170821_142831.prf
2017-08-21 14:28:31,113- root - INFO - None
2017-08-21 14:28:31,113- root - DEBUG - None
2017-08-21 14:29:14,343- root - INFO - None
2017-08-21 14:29:14,343- root - INFO - Select2
2017-08-21 14:29:14,346- root - INFO - None
2017-08-21 14:29:14,347- root - INFO - Create:RSL-Expt_20170821_142914.prf
2017-08-21 14:29:14,347- root - DEBUG - None
2017-08-21 14:29:16,351- root - INFO - None
2017-08-21 14:29:16,351- root - INFO - Select2
2017-08-21 14:29:16,351- root - INFO - Create:RSL-Expt_20170821_142916.prf
2017-08-21 14:29:16,352- root - INFO - None
2017-08-21 14:29:16,352- root - DEBUG - None
2017-08-21 14:29:41,804- root - INFO - None
2017-08-21 14:29:41,804- root - INFO - Select0
2017-08-21 14:29:41,804- root - INFO - None
2017-08-21 14:29:41,804- root - INFO - Create:RSL-Expt_20170821_142941.prf
2017-08-21 14:29:41,805- root - DEBUG - None
2017-08-21 14:29:55,435- root - INFO - None
2017-08-21 14:29:55,435- root - INFO - Select0
2017-08-21 14:29:55,435- root - INFO - Create:RSL-Expt_20170821_142955.prf
2017-08-21 14:29:55,435- root - INFO - None
2017-08-21 14:29:55,436- root - DEBUG - None
2017-08-21 14:30:07,069- root - INFO - None
2017-08-21 14:30:07,069- root - INFO - Select0
2017-08-21 14:30:07,071- root - INFO - Create:RSL-Expt_20170821_143006.prf
2017-08-21 14:30:07,071- root - INFO - None
2017-08-21 14:30:07,071- root - DEBUG - None
2017-08-21 14:30:22,605- root - INFO - None
2017-08-21 14:30:22,605- root - INFO - Select0
2017-08-21 14:30:22,606- root - INFO - Create:RSL-Expt_20170821_143022.prf
2017-08-21 14:30:22,606- root - INFO - None
2017-08-21 14:30:22,606- root - DEBUG - None
2017-08-21 14:30:50,157- root - INFO - None
2017-08-21 14:30:50,157- root - INFO - Select0
2017-08-21 14:30:50,157- root - INFO - Create:RSL-Expt_20170821_143049.prf
2017-08-21 14:30:50,157- root - INFO - None
2017-08-21 14:30:50,158- root - DEBUG - None
2017-08-21 14:31:05,873- root - INFO - None
2017-08-21 14:31:05,873- root - INFO - Select0
2017-08-21 14:31:05,875- root - INFO - None
2017-08-21 14:31:05,875- root - INFO - Create:RSL-Expt_20170821_143105.prf
2017-08-21 14:31:05,875- root - DEBUG - None
2017-08-21 14:31:21,606- root - INFO - SV_wake
2017-08-21 14:31:25,326- root - INFO - None
2017-08-21 14:31:25,326- root - INFO - Select5
2017-08-21 14:31:25,326- root - INFO - Create:RSL-Expt_20170821_143125.prf
2017-08-21 14:31:25,327- root - INFO - None
2017-08-21 14:31:25,327- root - DEBUG - None
2017-08-21 14:31:27,331- root - INFO - None
2017-08-21 14:31:27,331- root - INFO - Select5
2017-08-21 14:31:27,332- root - INFO - None
2017-08-21 14:31:27,332- root - INFO - Create:RSL-Expt_20170821_143127.prf
2017-08-21 14:31:27,332- root - DEBUG - None
2017-08-21 14:31:42,655- root - INFO - None
2017-08-21 14:31:42,656- root - INFO - Select0
2017-08-21 14:31:42,656- root - INFO - None
2017-08-21 14:31:42,656- root - INFO - Create:RSL-Expt_20170821_143142.prf
2017-08-21 14:31:42,656- root - DEBUG - None
2017-08-21 14:33:04,952- root - INFO - SV_wake
2017-08-21 14:33:24,995- root - INFO - None
2017-08-21 14:33:24,995- root - INFO - Select5
2017-08-21 14:34:21,917- root - INFO - SV_wake
2017-08-21 14:34:31,651- root - INFO - None
2017-08-21 14:34:31,651- root - INFO - Select5
2017-08-21 14:34:41,962- root - INFO - None
2017-08-21 14:34:41,962- root - INFO - Select0
2017-08-21 14:34:41,962- root - INFO - None
2017-08-21 14:34:41,963- root - INFO - Create:RSL-Expt_20170821_143441.prf
2017-08-21 14:34:41,963- root - INFO - None
2017-08-21 14:34:41,963- root - INFO - None
2017-08-21 14:34:41,963- root - DEBUG - None
2017-08-21 14:34:53,516- root - INFO - SV_wake
2017-08-21 14:35:02,332- root - INFO - None
2017-08-21 14:35:02,332- root - INFO - Select5
2017-08-21 14:35:02,333- root - INFO - None
2017-08-21 14:35:02,333- root - INFO - Create:RSL-Expt_20170821_143502.prf
2017-08-21 14:35:02,333- root - DEBUG - None
2017-08-21 14:35:04,336- root - INFO - None
2017-08-21 14:35:04,337- root - INFO - Select5
2017-08-21 14:35:04,337- root - INFO - None
2017-08-21 14:35:04,337- root - INFO - Create:RSL-Expt_20170821_143504.prf
2017-08-21 14:35:04,337- root - DEBUG - None
2017-08-21 14:40:42,267- root - INFO - SV_wake
2017-08-21 14:40:57,223- root - INFO - None
2017-08-21 14:40:57,223- root - INFO - Select0
2017-08-21 14:40:57,223- root - INFO - Create:RSL-Expt_20170821_144057.prf
2017-08-21 14:40:57,223- root - INFO - None
2017-08-21 14:40:57,223- root - DEBUG - None
2017-08-21 14:41:10,259- root - INFO - None
2017-08-21 14:41:10,259- root - INFO - Select0
2017-08-21 14:41:10,259- root - INFO - Create:RSL-Expt_20170821_144109.prf
2017-08-21 14:41:10,260- root - INFO - None
2017-08-21 14:41:10,260- root - DEBUG - None
2017-08-21 14:41:26,295- root - INFO - None
2017-08-21 14:41:26,295- root - INFO - Select0
2017-08-21 14:41:26,295- root - INFO - None
2017-08-21 14:41:26,296- root - INFO - Create:RSL-Expt_20170821_144125.prf
2017-08-21 14:41:26,296- root - DEBUG - None
2017-08-21 14:41:42,329- root - INFO - None
2017-08-21 14:41:42,329- root - INFO - Select0
2017-08-21 14:41:42,329- root - INFO - Create:RSL-Expt_20170821_144142.prf
2017-08-21 14:41:42,329- root - INFO - None
2017-08-21 14:41:42,330- root - DEBUG - None
2017-08-21 14:41:55,750- root - INFO - None
2017-08-21 14:41:55,750- root - INFO - Select0
2017-08-21 14:41:55,750- root - INFO - None
2017-08-21 14:41:55,751- root - INFO - Create:RSL-Expt_20170821_144155.prf
2017-08-21 14:41:55,751- root - DEBUG - None
2017-08-21 14:42:09,385- root - INFO - None
2017-08-21 14:42:09,386- root - INFO - Select0
2017-08-21 14:42:09,386- root - INFO - None
2017-08-21 14:42:09,386- root - INFO - Create:RSL-Expt_20170821_144209.prf
2017-08-21 14:42:09,386- root - DEBUG - None
2017-08-21 14:43:30,645- root - INFO - None
2017-08-21 14:43:30,645- root - INFO - Select0
2017-08-21 14:43:30,645- root - INFO - None
2017-08-21 14:43:30,646- root - INFO - Create:RSL-Expt_20170821_144330.prf
2017-08-21 14:43:30,646- root - DEBUG - None
2017-08-21 14:58:16,451- root - INFO - SV_wake
2017-08-21 14:58:17,453- root - INFO - None
2017-08-21 14:58:17,453- root - INFO - Select0
2017-08-21 14:58:17,454- root - INFO - Create:RSL-Expt_20170821_144342.prf
2017-08-21 14:58:17,454- root - INFO - None
2017-08-21 14:58:17,454- root - DEBUG - None
2017-08-21 14:58:20,907- root - INFO - SV_wake
2017-08-21 15:28:03,082- root - INFO - None
2017-08-21 15:28:03,082- root - INFO - Select0
2017-08-21 15:28:03,082- root - INFO - Create:RSL-Expt_20170821_152802.prf
2017-08-21 15:28:03,082- root - INFO - None
2017-08-21 15:28:03,082- root - DEBUG - None
2017-08-21 15:41:23,164- root - INFO - SV_wake
2017-08-21 15:41:24,166- root - INFO - None
2017-08-21 15:41:24,166- root - INFO - Select0
2017-08-21 15:41:24,167- root - INFO - Create:RSL-Expt_20170821_153624.prf
2017-08-21 15:41:24,167- root - INFO - Create:RSL-Expt_20170821_152815.prf
2017-08-21 15:41:24,167- root - INFO - Create:RSL-Expt_20170821_153951.prf
2017-08-21 15:41:24,167- root - INFO - Create:RSL-Expt_20170821_153308.prf
2017-08-21 15:41:24,167- root - INFO - Create:RSL-Expt_20170821_152951.prf
2017-08-21 15:41:24,167- root - INFO - Create:RSL-Expt_20170821_153342.prf
2017-08-21 15:41:24,168- root - INFO - None
2017-08-21 15:41:24,168- root - DEBUG - None
2017-08-21 15:52:23,526- root - INFO - SV_wake
2017-08-21 15:52:24,528- root - INFO - None
2017-08-21 15:52:24,528- root - INFO - Select0
2017-08-21 15:52:24,529- root - INFO - Create:RSL-Expt_20170821_155008.prf
2017-08-21 15:52:24,529- root - INFO - Create:RSL-Expt_20170821_154155.prf
2017-08-21 15:52:24,529- root - INFO - Create:RSL-Expt_20170821_154129.prf
2017-08-21 15:52:24,529- root - INFO - Create:RSL-Expt_20170821_155057.prf
2017-08-21 15:52:24,529- root - INFO - Create:RSL-Expt_20170821_152815.prf
2017-08-21 15:52:24,530- root - INFO - Create:RSL-Expt_20170821_153951.prf
2017-08-21 15:52:24,530- root - INFO - Create:RSL-Expt_20170821_155025.prf
2017-08-21 15:52:24,530- root - INFO - Create:RSL-Expt_20170821_153308.prf
2017-08-21 15:52:24,530- root - INFO - None
2017-08-21 15:52:24,530- root - INFO - Create:RSL-Expt_20170821_155043.prf
2017-08-21 15:52:24,530- root - INFO - Create:RSL-Expt_20170821_152951.prf
2017-08-21 15:52:24,531- root - INFO - Create:RSL-Expt_20170821_154951.prf
2017-08-21 15:52:24,531- root - INFO - Create:RSL-Expt_20170821_153342.prf
2017-08-21 15:52:24,531- root - DEBUG - None
2017-08-21 15:52:28,334- root - INFO - SV_wake
2017-08-21 15:52:29,337- root - INFO - None
2017-08-21 15:52:29,337- root - INFO - Select0
2017-08-21 15:52:29,337- root - INFO - None
2017-08-21 15:52:29,338- root - INFO - Create:RSL-Expt_20170821_154155.prf
2017-08-21 15:52:29,338- root - INFO - Create:RSL-Expt_20170821_154129.prf
2017-08-21 15:52:29,339- root - INFO - Create:RSL-Expt_20170821_155057.prf
2017-08-21 15:52:29,339- root - INFO - Create:RSL-Expt_20170821_152815.prf
2017-08-21 15:52:29,339- root - INFO - Create:RSL-Expt_20170821_153951.prf
2017-08-21 15:52:29,339- root - INFO - Create:RSL-Expt_20170821_155025.prf
2017-08-21 15:52:29,339- root - INFO - Create:RSL-Expt_20170821_153308.prf
2017-08-21 15:52:29,340- root - INFO - Create:RSL-Expt_20170821_155043.prf
2017-08-21 15:52:29,340- root - INFO - Create:RSL-Expt_20170821_152951.prf
2017-08-21 15:52:29,340- root - INFO - Create:RSL-Expt_20170821_154951.prf
2017-08-21 15:52:29,340- root - INFO - Create:RSL-Expt_20170821_153342.prf
2017-08-21 15:52:29,340- root - DEBUG - None
2017-08-21 15:52:30,410- root - INFO - SV_wake
2017-08-21 15:52:31,413- root - INFO - None
2017-08-21 15:52:31,413- root - INFO - Select0
2017-08-21 15:52:31,413- root - INFO - Create:RSL-Expt_20170821_154129.prf
2017-08-21 15:52:31,413- root - INFO - Create:RSL-Expt_20170821_155057.prf
2017-08-21 15:52:31,414- root - INFO - Create:RSL-Expt_20170821_152815.prf
2017-08-21 15:52:31,414- root - INFO - Create:RSL-Expt_20170821_153951.prf
2017-08-21 15:52:31,414- root - INFO - Create:RSL-Expt_20170821_155025.prf
2017-08-21 15:52:31,414- root - INFO - Create:RSL-Expt_20170821_153308.prf
2017-08-21 15:52:31,415- root - INFO - Create:RSL-Expt_20170821_155043.prf
2017-08-21 15:52:31,415- root - INFO - None
2017-08-21 15:52:31,415- root - INFO - Create:RSL-Expt_20170821_152951.prf
2017-08-21 15:52:31,415- root - INFO - Create:RSL-Expt_20170821_154951.prf
2017-08-21 15:52:31,415- root - INFO - Create:RSL-Expt_20170821_153342.prf
2017-08-21 15:52:31,415- root - DEBUG - None
2017-08-21 15:52:32,609- root - INFO - SV_wake
2017-08-21 15:52:33,611- root - INFO - None
2017-08-21 15:52:33,611- root - INFO - Select0
2017-08-21 15:52:33,611- root - INFO - None
2017-08-21 15:52:33,612- root - INFO - Create:RSL-Expt_20170821_155057.prf
2017-08-21 15:52:33,612- root - INFO - Create:RSL-Expt_20170821_152815.prf
2017-08-21 15:52:33,612- root - INFO - Create:RSL-Expt_20170821_153951.prf
2017-08-21 15:52:33,612- root - INFO - Create:RSL-Expt_20170821_155025.prf
2017-08-21 15:52:33,613- root - INFO - Create:RSL-Expt_20170821_153308.prf
2017-08-21 15:52:33,613- root - INFO - Create:RSL-Expt_20170821_155043.prf
2017-08-21 15:52:33,613- root - INFO - Create:RSL-Expt_20170821_152951.prf
2017-08-21 15:52:33,613- root - INFO - Create:RSL-Expt_20170821_154951.prf
2017-08-21 15:52:33,613- root - INFO - Create:RSL-Expt_20170821_153342.prf
2017-08-21 15:52:33,614- root - DEBUG - None
2017-08-21 15:52:34,676- root - INFO - SV_wake
2017-08-21 15:52:35,679- root - INFO - None
2017-08-21 15:52:35,680- root - INFO - Select0
2017-08-21 15:52:35,680- root - INFO - None
2017-08-21 15:52:35,680- root - INFO - Create:RSL-Expt_20170821_152815.prf
2017-08-21 15:52:35,680- root - INFO - Create:RSL-Expt_20170821_153951.prf
2017-08-21 15:52:35,680- root - INFO - Create:RSL-Expt_20170821_155025.prf
2017-08-21 15:52:35,681- root - INFO - Create:RSL-Expt_20170821_153308.prf
2017-08-21 15:52:35,681- root - INFO - Create:RSL-Expt_20170821_155043.prf
2017-08-21 15:52:35,681- root - INFO - Create:RSL-Expt_20170821_152951.prf
2017-08-21 15:52:35,681- root - INFO - Create:RSL-Expt_20170821_154951.prf
2017-08-21 15:52:35,682- root - INFO - Create:RSL-Expt_20170821_153342.prf
2017-08-21 15:52:35,682- root - DEBUG - None
2017-08-21 15:52:36,729- root - INFO - SV_wake
2017-08-21 15:52:37,732- root - INFO - None
2017-08-21 15:52:37,732- root - INFO - Select0
2017-08-21 15:52:37,732- root - INFO - None
2017-08-21 15:52:37,732- root - INFO - Create:RSL-Expt_20170821_153951.prf
2017-08-21 15:52:37,733- root - INFO - Create:RSL-Expt_20170821_155025.prf
2017-08-21 15:52:37,733- root - INFO - Create:RSL-Expt_20170821_153308.prf
2017-08-21 15:52:37,733- root - INFO - Create:RSL-Expt_20170821_155043.prf
2017-08-21 15:52:37,733- root - INFO - Create:RSL-Expt_20170821_152951.prf
2017-08-21 15:52:37,734- root - INFO - Create:RSL-Expt_20170821_154951.prf
2017-08-21 15:52:37,734- root - INFO - Create:RSL-Expt_20170821_153342.prf
2017-08-21 15:52:37,734- root - DEBUG - None
2017-08-21 15:52:41,310- root - INFO - SV_wake
2017-08-21 15:52:42,313- root - INFO - None
2017-08-21 15:52:42,313- root - INFO - Select0
2017-08-21 15:52:42,314- root - INFO - None
2017-08-21 15:52:42,314- root - INFO - Create:RSL-Expt_20170821_155025.prf
2017-08-21 15:52:42,314- root - INFO - Create:RSL-Expt_20170821_153308.prf
2017-08-21 15:52:42,314- root - INFO - Create:RSL-Expt_20170821_155043.prf
2017-08-21 15:52:42,315- root - INFO - Create:RSL-Expt_20170821_152951.prf
2017-08-21 15:52:42,315- root - INFO - Create:RSL-Expt_20170821_154951.prf
2017-08-21 15:52:42,315- root - INFO - Create:RSL-Expt_20170821_153342.prf
2017-08-21 15:52:42,315- root - DEBUG - None
2017-08-21 15:52:43,351- root - INFO - SV_wake
2017-08-21 15:52:44,354- root - INFO - None
2017-08-21 15:52:44,354- root - INFO - Select0
2017-08-21 15:52:44,354- root - INFO - Create:RSL-Expt_20170821_153308.prf
2017-08-21 15:52:44,355- root - INFO - Create:RSL-Expt_20170821_155043.prf
2017-08-21 15:52:44,355- root - INFO - Create:RSL-Expt_20170821_152951.prf
2017-08-21 15:52:44,355- root - INFO - None
2017-08-21 15:52:44,355- root - INFO - Create:RSL-Expt_20170821_154951.prf
2017-08-21 15:52:44,356- root - INFO - Create:RSL-Expt_20170821_153342.prf
2017-08-21 15:52:44,356- root - DEBUG - None
2017-08-21 15:52:45,282- root - INFO - SV_wake
2017-08-21 15:52:46,285- root - INFO - None
2017-08-21 15:52:46,285- root - INFO - Select0
2017-08-21 15:52:46,285- root - INFO - None
2017-08-21 15:52:46,285- root - INFO - Create:RSL-Expt_20170821_155043.prf
2017-08-21 15:52:46,286- root - INFO - Create:RSL-Expt_20170821_152951.prf
2017-08-21 15:52:46,286- root - INFO - Create:RSL-Expt_20170821_154951.prf
2017-08-21 15:52:46,286- root - INFO - Create:RSL-Expt_20170821_153342.prf
2017-08-21 15:52:46,286- root - DEBUG - None
2017-08-21 15:52:47,345- root - INFO - SV_wake
2017-08-21 15:52:48,348- root - INFO - None
2017-08-21 15:52:48,349- root - INFO - Select0
2017-08-21 15:52:48,349- root - INFO - None
2017-08-21 15:52:48,349- root - INFO - Create:RSL-Expt_20170821_152951.prf
2017-08-21 15:52:48,349- root - INFO - Create:RSL-Expt_20170821_154951.prf
2017-08-21 15:52:48,349- root - INFO - Create:RSL-Expt_20170821_153342.prf
2017-08-21 15:52:48,350- root - DEBUG - None
2017-08-21 15:52:49,193- root - INFO - SV_wake
2017-08-21 15:52:50,196- root - INFO - None
2017-08-21 15:52:50,196- root - INFO - Select0
2017-08-21 15:52:50,197- root - INFO - None
2017-08-21 15:52:50,197- root - INFO - Create:RSL-Expt_20170821_154951.prf
2017-08-21 15:52:50,197- root - INFO - Create:RSL-Expt_20170821_153342.prf
2017-08-21 15:52:50,197- root - DEBUG - None
2017-08-21 15:52:51,136- root - INFO - SV_wake
2017-08-21 15:52:52,139- root - INFO - None
2017-08-21 15:52:52,139- root - INFO - Select0
2017-08-21 15:52:52,139- root - INFO - None
2017-08-21 15:52:52,140- root - INFO - Create:RSL-Expt_20170821_153342.prf
2017-08-21 15:52:52,140- root - DEBUG - None
2017-08-21 15:52:53,038- root - INFO - SV_wake
2017-08-21 15:53:03,064- root - INFO - None
2017-08-21 15:53:03,064- root - INFO - Select5
2017-08-21 15:53:16,553- root - INFO - SV_wake
2017-08-21 15:53:17,555- root - INFO - None
2017-08-21 15:53:17,555- root - INFO - Select5
2017-08-21 15:53:19,973- root - INFO - SV_wake
2017-08-21 15:53:47,042- root - INFO - None
2017-08-21 15:53:47,042- root - INFO - Select2
2017-08-21 15:53:47,046- root - INFO - Create:RSL-Expt_20170821_155346.prf
2017-08-21 15:53:47,046- root - INFO - None
2017-08-21 15:53:47,046- root - INFO - None
2017-08-21 15:53:47,047- root - INFO - None
2017-08-21 15:53:47,047- root - DEBUG - None
2017-08-21 15:53:49,051- root - INFO - None
2017-08-21 15:53:49,051- root - INFO - Select2
2017-08-21 15:53:49,052- root - INFO - Create:RSL-Expt_20170821_155348.prf
2017-08-21 15:53:49,052- root - INFO - None
2017-08-21 15:53:49,052- root - DEBUG - None
2017-08-21 15:53:55,067- root - INFO - None
2017-08-21 15:53:55,067- root - INFO - Select2
2017-08-21 15:53:55,068- root - INFO - None
2017-08-21 15:53:55,068- root - INFO - Create:RSL-Expt_20170821_155354.prf
2017-08-21 15:53:55,068- root - DEBUG - None
2017-08-21 15:54:01,083- root - INFO - None
2017-08-21 15:54:01,083- root - INFO - Select2
2017-08-21 15:54:01,084- root - INFO - None
2017-08-21 15:54:01,084- root - INFO - Create:RSL-Expt_20170821_155400.prf
2017-08-21 15:54:01,084- root - DEBUG - None
2017-08-21 15:54:04,092- root - INFO - None
2017-08-21 15:54:04,092- root - INFO - Select2
2017-08-21 15:54:04,092- root - INFO - Create:RSL-Expt_20170821_155403.prf
2017-08-21 15:54:04,092- root - INFO - None
2017-08-21 15:54:04,092- root - DEBUG - None
2017-08-21 15:54:06,097- root - INFO - None
2017-08-21 15:54:06,097- root - INFO - Select2
2017-08-21 15:54:06,098- root - INFO - Create:RSL-Expt_20170821_155405.prf
2017-08-21 15:54:06,098- root - INFO - None
2017-08-21 15:54:06,098- root - DEBUG - None
2017-08-21 15:55:40,509- root - INFO - SV_wake
2017-08-21 15:55:52,541- root - INFO - None
2017-08-21 15:55:52,541- root - INFO - Select2
2017-08-21 15:55:52,545- root - INFO - None
2017-08-21 15:55:52,545- root - INFO - Create:RSL-Expt_20170821_155551.prf
2017-08-21 15:55:52,545- root - DEBUG - None
2017-08-21 15:55:57,558- root - INFO - None
2017-08-21 15:55:57,558- root - INFO - Select2
2017-08-21 15:55:57,558- root - INFO - Create:RSL-Expt_20170821_155556.prf
2017-08-21 15:55:57,558- root - INFO - None
2017-08-21 15:55:57,558- root - DEBUG - None
2017-08-21 15:55:59,563- root - INFO - None
2017-08-21 15:55:59,563- root - INFO - Select2
2017-08-21 15:55:59,564- root - INFO - Create:RSL-Expt_20170821_155558.prf
2017-08-21 15:55:59,564- root - INFO - None
2017-08-21 15:55:59,564- root - DEBUG - None
2017-08-21 15:56:09,589- root - INFO - None
2017-08-21 15:56:09,589- root - INFO - Select2
2017-08-21 15:56:09,589- root - INFO - None
2017-08-21 15:56:09,590- root - INFO - Create:RSL-Expt_20170821_155609.prf
2017-08-21 15:56:09,590- root - DEBUG - None
2017-08-21 15:58:29,879- root - INFO - None
2017-08-21 15:58:29,880- root - INFO - Select2
2017-08-21 15:58:29,880- root - INFO - None
2017-08-21 15:58:29,880- root - INFO - Create:RSL-Expt_20170821_155829.prf
2017-08-21 15:58:29,880- root - DEBUG - None
2017-08-21 15:58:56,945- root - INFO - None
2017-08-21 15:58:56,946- root - INFO - Select1
2017-08-21 15:58:56,946- root - INFO - None
2017-08-21 15:58:56,946- root - INFO - Create:RSL-Expt_20170821_155856.prf
2017-08-21 15:58:56,946- root - DEBUG - None
2017-08-21 15:59:33,033- root - INFO - None
2017-08-21 15:59:33,033- root - INFO - Select2
2017-08-21 15:59:33,034- root - INFO - Create:RSL-Expt_20170821_155932.prf
2017-08-21 15:59:33,034- root - INFO - None
2017-08-21 15:59:33,034- root - DEBUG - None
2017-08-21 15:59:38,047- root - INFO - None
2017-08-21 15:59:38,047- root - INFO - Select1
2017-08-21 15:59:38,047- root - INFO - None
2017-08-21 15:59:38,048- root - INFO - Create:RSL-Expt_20170821_155937.prf
2017-08-21 15:59:38,048- root - DEBUG - None
2017-08-21 15:59:44,062- root - INFO - None
2017-08-21 15:59:44,063- root - INFO - Select2
2017-08-21 15:59:44,063- root - INFO - Create:RSL-Expt_20170821_155943.prf
2017-08-21 15:59:44,063- root - INFO - None
2017-08-21 15:59:44,063- root - DEBUG - None
2017-08-21 15:59:46,068- root - INFO - None
2017-08-21 15:59:46,068- root - INFO - Select2
2017-08-21 15:59:46,068- root - INFO - Create:RSL-Expt_20170821_155946.prf
2017-08-21 15:59:46,069- root - INFO - None
2017-08-21 15:59:46,069- root - DEBUG - None
2017-08-21 15:59:52,083- root - INFO - None
2017-08-21 15:59:52,083- root - INFO - Select4
2017-08-21 15:59:52,084- root - INFO - Create:RSL-Expt_20170821_155951.prf
2017-08-21 15:59:52,084- root - INFO - None
2017-08-21 15:59:52,084- root - DEBUG - None
2017-08-21 16:00:11,131- root - INFO - None
2017-08-21 16:00:11,131- root - INFO - Select0
2017-08-21 16:00:11,131- root - INFO - None
2017-08-21 16:00:11,131- root - INFO - Create:RSL-Expt_20170821_160010.prf
2017-08-21 16:00:11,132- root - DEBUG - None
2017-08-21 16:00:57,144- root - INFO - SV_wake
2017-08-21 16:01:02,157- root - INFO - None
2017-08-21 16:01:02,158- root - INFO - Select2
2017-08-21 16:01:02,161- root - INFO - Create:RSL-Expt_20170821_160101.prf
2017-08-21 16:01:02,161- root - INFO - None
2017-08-21 16:01:02,161- root - DEBUG - None
2017-08-21 16:01:04,165- root - INFO - None
2017-08-21 16:01:04,165- root - INFO - Select2
2017-08-21 16:01:49,310- root - INFO - SV_wake
2017-08-21 16:01:50,312- root - INFO - None
2017-08-21 16:01:50,312- root - INFO - Select0
2017-08-21 16:01:50,312- root - INFO - Create:RSL-Expt_20170821_160138.prf
2017-08-21 16:01:50,312- root - INFO - Create:RSL-Expt_20170821_160110.prf
2017-08-21 16:01:50,313- root - INFO - Create:RSL-Expt_20170821_160129.prf
2017-08-21 16:01:50,313- root - INFO - Create:RSL-Expt_20170821_160122.prf
2017-08-21 16:01:50,313- root - INFO - None
2017-08-21 16:01:50,313- root - INFO - Create:RSL-Expt_20170821_160116.prf
2017-08-21 16:01:50,313- root - INFO - None
2017-08-21 16:01:50,313- root - INFO - Create:RSL-Expt_20170821_160119.prf
2017-08-21 16:01:50,314- root - DEBUG - None
2017-08-21 16:03:54,097- root - INFO - SV_wake
2017-08-21 16:03:58,102- root - INFO - None
2017-08-21 16:03:58,102- root - INFO - Select2
2017-08-21 16:03:58,105- root - INFO - None
2017-08-21 16:03:58,106- root - INFO - Create:RSL-Expt_20170821_160357.prf
2017-08-21 16:03:58,106- root - DEBUG - None
2017-08-21 16:04:03,112- root - INFO - None
2017-08-21 16:04:03,112- root - INFO - Select2
2017-08-21 16:04:03,112- root - INFO - Create:RSL-Expt_20170821_160402.prf
2017-08-21 16:04:03,113- root - INFO - None
2017-08-21 16:04:03,113- root - DEBUG - None
2017-08-21 16:04:10,121- root - INFO - None
2017-08-21 16:04:10,122- root - INFO - Select1
2017-08-21 16:04:10,122- root - INFO - None
2017-08-21 16:04:10,122- root - INFO - Create:RSL-Expt_20170821_160409.prf
2017-08-21 16:04:10,122- root - DEBUG - None
2017-08-21 16:04:19,133- root - INFO - None
2017-08-21 16:04:19,133- root - INFO - Select2
2017-08-21 16:04:19,134- root - INFO - Create:RSL-Expt_20170821_160418.prf
2017-08-21 16:04:19,134- root - INFO - None
2017-08-21 16:04:19,134- root - DEBUG - None
2017-08-21 16:04:21,137- root - INFO - None
2017-08-21 16:04:21,137- root - INFO - Select2
2017-08-21 16:04:21,137- root - INFO - None
2017-08-21 16:04:21,137- root - INFO - Create:RSL-Expt_20170821_160420.prf
2017-08-21 16:04:21,138- root - DEBUG - None
2017-08-21 16:04:25,143- root - INFO - None
2017-08-21 16:04:25,143- root - INFO - Select4
2017-08-21 16:04:25,143- root - INFO - Create:RSL-Expt_20170821_160424.prf
2017-08-21 16:04:25,143- root - INFO - None
2017-08-21 16:04:25,143- root - DEBUG - None
2017-08-21 16:04:43,165- root - INFO - None
2017-08-21 16:04:43,165- root - INFO - Select2
2017-08-21 16:04:43,166- root - INFO - None
2017-08-21 16:04:43,166- root - INFO - Create:RSL-Expt_20170821_160442.prf
2017-08-21 16:04:43,166- root - DEBUG - None
2017-08-21 16:04:51,176- root - INFO - None
2017-08-21 16:04:51,176- root - INFO - Select3
2017-08-21 16:04:51,177- root - INFO - Create:RSL-Expt_20170821_160450.prf
2017-08-21 16:04:51,177- root - INFO - None
2017-08-21 16:04:51,177- root - DEBUG - None
2017-08-21 16:05:04,192- root - INFO - None
2017-08-21 16:05:04,193- root - INFO - Select2
2017-08-21 16:05:04,193- root - INFO - Create:RSL-Expt_20170821_160503.prf
2017-08-21 16:05:04,193- root - INFO - None
2017-08-21 16:05:04,193- root - DEBUG - None
2017-08-21 16:05:49,244- root - INFO - None
2017-08-21 16:05:49,244- root - INFO - Select2
2017-08-21 16:05:49,244- root - INFO - None
2017-08-21 16:05:49,244- root - INFO - Create:RSL-Expt_20170821_160548.prf
2017-08-21 16:05:49,245- root - DEBUG - None
2017-08-21 16:06:02,261- root - INFO - None
2017-08-21 16:06:02,261- root - INFO - Select0
2017-08-21 16:06:02,261- root - INFO - None
2017-08-21 16:06:02,261- root - INFO - Create:RSL-Expt_20170821_160601.prf
2017-08-21 16:06:02,261- root - DEBUG - None
2017-08-21 16:22:40,159- root - INFO - SV_wake
2017-08-21 16:22:41,161- root - INFO - None
2017-08-21 16:22:41,161- root - INFO - Select0
2017-08-21 16:22:41,161- root - INFO - Create:RSL_Expt_20170821_161655.prf
2017-08-21 16:22:41,161- root - INFO - Create:RSL_Expt_20170821_161535.prf
2017-08-21 16:22:41,161- root - INFO - Create:RSL_Expt_20170821_161415.prf
2017-08-21 16:22:41,162- root - INFO - None
2017-08-21 16:22:41,162- root - DEBUG - None
2017-08-21 16:22:45,011- root - INFO - SV_wake
2017-08-21 16:22:46,013- root - INFO - None
2017-08-21 16:22:46,013- root - INFO - Select0
2017-08-21 16:22:46,013- root - INFO - Create:RSL_Expt_20170821_161535.prf
2017-08-21 16:22:46,014- root - INFO - Create:RSL_Expt_20170821_161415.prf
2017-08-21 16:22:46,014- root - DEBUG - None
2017-08-21 16:22:47,499- root - INFO - SV_wake
2017-08-21 16:22:48,501- root - INFO - None
2017-08-21 16:22:48,501- root - INFO - Select0
2017-08-21 16:22:48,501- root - INFO - Create:RSL_Expt_20170821_161415.prf
2017-08-21 16:22:48,502- root - DEBUG - None
2017-08-21 16:22:49,559- root - INFO - SV_wake
2017-08-21 16:23:40,619- root - INFO - None
2017-08-21 16:23:40,619- root - INFO - Select2
2017-08-21 16:23:40,623- root - INFO - Create:RSL_Expt_20170821_162340.prf
2017-08-21 16:23:40,623- root - DEBUG - None
2017-08-21 16:23:42,626- root - INFO - None
2017-08-21 16:23:42,626- root - INFO - Select2
2017-08-21 16:23:42,626- root - INFO - Create:RSL_Expt_20170821_162342.prf
2017-08-21 16:23:42,626- root - DEBUG - None
2017-08-21 16:23:47,632- root - INFO - None
2017-08-21 16:23:47,633- root - INFO - Select4
2017-08-21 16:23:47,633- root - INFO - Create:RSL_Expt_20170821_162347.prf
2017-08-21 16:23:47,633- root - DEBUG - None
2017-08-21 16:23:57,644- root - INFO - None
2017-08-21 16:23:57,645- root - INFO - Select0
2017-08-21 16:23:57,645- root - INFO - Create:RSL_Expt_20170821_162357.prf
2017-08-21 16:23:57,645- root - DEBUG - None
2017-08-21 16:25:15,171- root - INFO - SV_wake
2017-08-21 16:25:24,182- root - INFO - None
2017-08-21 16:25:24,182- root - INFO - Select0
2017-08-21 16:25:24,182- root - INFO - Create:RSL_Expt_20170821_162523.prf
2017-08-21 16:25:24,182- root - INFO - None
2017-08-21 16:25:24,182- root - INFO - None
2017-08-21 16:25:24,182- root - INFO - None
2017-08-21 16:25:24,183- root - INFO - None
2017-08-21 16:25:24,183- root - DEBUG - None
2017-08-21 16:52:39,076- root - INFO - SV_wake
2017-08-21 16:52:49,088- root - INFO - None
2017-08-21 16:52:49,089- root - INFO - Select2
2017-08-21 16:52:49,092- root - INFO - Create:RSL_Expt_20170821_165248.prf
2017-08-21 16:52:49,092- root - DEBUG - None
2017-08-21 16:52:55,099- root - INFO - None
2017-08-21 16:52:55,100- root - INFO - Select1
2017-08-21 16:52:55,100- root - INFO - None
2017-08-21 16:52:55,100- root - INFO - Create:RSL_Expt_20170821_165254.prf
2017-08-21 16:52:55,100- root - DEBUG - None
2017-08-21 16:53:11,119- root - INFO - None
2017-08-21 16:53:11,119- root - INFO - Select2
2017-08-21 16:53:11,120- root - INFO - Create:RSL_Expt_20170821_165310.prf
2017-08-21 16:53:11,120- root - INFO - None
2017-08-21 16:53:11,120- root - DEBUG - None
2017-08-21 16:53:13,123- root - INFO - None
2017-08-21 16:53:13,123- root - INFO - Select2
2017-08-21 16:53:13,123- root - INFO - None
2017-08-21 16:53:13,124- root - INFO - Create:RSL_Expt_20170821_165312.prf
2017-08-21 16:53:13,124- root - DEBUG - None
2017-08-21 16:53:23,136- root - INFO - None
2017-08-21 16:53:23,136- root - INFO - Select4
2017-08-21 16:53:23,136- root - INFO - Create:RSL_Expt_20170821_165322.prf
2017-08-21 16:53:23,136- root - INFO - None
2017-08-21 16:53:23,137- root - DEBUG - None
2017-08-21 16:53:38,155- root - INFO - None
2017-08-21 16:53:38,155- root - INFO - Select2
2017-08-21 16:53:38,155- root - INFO - Create:RSL_Expt_20170821_165337.prf
2017-08-21 16:53:38,155- root - INFO - None
2017-08-21 16:53:38,155- root - DEBUG - None
2017-08-21 16:53:45,164- root - INFO - None
2017-08-21 16:53:45,164- root - INFO - Select3
2017-08-21 16:53:45,165- root - INFO - None
2017-08-21 16:53:45,165- root - INFO - Create:RSL_Expt_20170821_165345.prf
2017-08-21 16:53:45,165- root - DEBUG - None
2017-08-21 16:53:55,177- root - INFO - None
2017-08-21 16:53:55,177- root - INFO - Select2
2017-08-21 16:53:55,177- root - INFO - Create:RSL_Expt_20170821_165354.prf
2017-08-21 16:53:55,178- root - INFO - None
2017-08-21 16:53:55,178- root - DEBUG - None
2017-08-21 16:54:12,196- root - INFO - None
2017-08-21 16:54:12,197- root - INFO - Select0
2017-08-21 16:54:12,197- root - INFO - None
2017-08-21 16:54:12,197- root - INFO - Create:RSL_Expt_20170821_165411.prf
2017-08-21 16:54:12,197- root - DEBUG - None
2017-08-21 16:57:30,642- root - INFO - SV_wake
2017-08-21 16:57:49,667- root - INFO - None
2017-08-21 16:57:49,668- root - INFO - Select2
2017-08-21 16:57:49,671- root - INFO - None
2017-08-21 16:57:49,672- root - INFO - Create:RSL_Expt_20170821_165749.prf
2017-08-21 16:57:49,672- root - DEBUG - None
2017-08-21 16:58:06,693- root - INFO - None
2017-08-21 16:58:06,693- root - INFO - Select2
2017-08-21 16:58:06,694- root - INFO - None
2017-08-21 16:58:06,694- root - INFO - Create:RSL_Expt_20170821_165805.prf
2017-08-21 16:58:06,694- root - DEBUG - None
2017-08-21 16:58:14,704- root - INFO - None
2017-08-21 16:58:14,704- root - INFO - Select2
2017-08-21 16:58:14,705- root - INFO - None
2017-08-21 16:58:14,705- root - INFO - Create:RSL_Expt_20170821_165813.prf
2017-08-21 16:58:14,705- root - DEBUG - None
2017-08-21 16:58:16,708- root - INFO - None
2017-08-21 16:58:16,708- root - INFO - Select2
2017-08-21 16:58:16,708- root - INFO - Create:RSL_Expt_20170821_165816.prf
2017-08-21 16:58:16,709- root - INFO - None
2017-08-21 16:58:16,709- root - DEBUG - None
2017-08-21 16:58:19,713- root - INFO - None
2017-08-21 16:58:19,713- root - INFO - Select2
2017-08-21 16:58:19,713- root - INFO - None
2017-08-21 16:58:19,713- root - INFO - Create:RSL_Expt_20170821_165819.prf
2017-08-21 16:58:19,713- root - DEBUG - None
2017-08-21 16:58:22,717- root - INFO - None
2017-08-21 16:58:22,718- root - INFO - Select2
2017-08-21 16:58:22,718- root - INFO - None
2017-08-21 16:58:22,718- root - INFO - Create:RSL_Expt_20170821_165821.prf
2017-08-21 16:58:22,718- root - DEBUG - None
2017-08-21 16:58:24,721- root - INFO - None
2017-08-21 16:58:24,721- root - INFO - Select2
2017-08-21 16:58:24,722- root - INFO - Create:RSL_Expt_20170821_165824.prf
2017-08-21 16:58:24,722- root - INFO - None
2017-08-21 16:58:24,722- root - DEBUG - None
2017-08-21 16:58:28,727- root - INFO - None
2017-08-21 16:58:28,727- root - INFO - Select2
2017-08-21 16:58:28,728- root - INFO - Create:RSL_Expt_20170821_165828.prf
2017-08-21 16:58:28,728- root - INFO - None
2017-08-21 16:58:28,728- root - DEBUG - None
2017-08-21 16:58:37,740- root - INFO - None
2017-08-21 16:58:37,740- root - INFO - Select2
2017-08-21 16:58:37,740- root - INFO - None
2017-08-21 16:58:37,740- root - INFO - Create:RSL_Expt_20170821_165837.prf
2017-08-21 16:58:37,740- root - DEBUG - None
2017-08-21 16:58:40,744- root - INFO - None
2017-08-21 16:58:40,745- root - INFO - Select2
2017-08-21 16:58:40,745- root - INFO - None
2017-08-21 16:58:40,745- root - INFO - Create:RSL_Expt_20170821_165840.prf
2017-08-21 16:58:40,745- root - DEBUG - None
2017-08-21 16:58:43,750- root - INFO - None
2017-08-21 16:58:43,750- root - INFO - Select2
2017-08-21 16:58:43,750- root - INFO - None
2017-08-21 16:58:43,750- root - INFO - Create:RSL_Expt_20170821_165843.prf
2017-08-21 16:58:43,751- root - DEBUG - None
2017-08-21 16:58:46,755- root - INFO - None
2017-08-21 16:58:46,755- root - INFO - Select2
2017-08-21 16:58:46,755- root - INFO - Create:RSL_Expt_20170821_165846.prf
2017-08-21 16:58:46,755- root - INFO - None
2017-08-21 16:58:46,755- root - DEBUG - None
2017-08-21 16:58:49,759- root - INFO - None
2017-08-21 16:58:49,760- root - INFO - Select2
2017-08-21 16:58:49,760- root - INFO - Create:RSL_Expt_20170821_165849.prf
2017-08-21 16:58:49,760- root - INFO - None
2017-08-21 16:58:49,760- root - DEBUG - None
2017-08-21 16:59:47,828- root - INFO - None
2017-08-21 16:59:47,828- root - INFO - Select0
2017-08-21 16:59:47,829- root - INFO - Create:RSL_Expt_20170821_165947.prf
2017-08-21 16:59:47,829- root - INFO - None
2017-08-21 16:59:47,829- root - DEBUG - None
2017-08-21 17:01:21,857- root - INFO - SV_wake
2017-08-21 17:01:22,859- root - INFO - None
2017-08-21 17:01:22,859- root - INFO - Select0
2017-08-21 17:01:22,859- root - INFO - None
2017-08-21 17:01:22,859- root - INFO - Create:RSL_Expt_20170821_170020.prf
2017-08-21 17:01:22,859- root - DEBUG - None
2017-08-21 17:02:07,257- root - INFO - SV_wake
2017-08-21 17:02:08,259- root - INFO - None
2017-08-21 17:02:08,259- root - INFO - Select0
2017-08-21 17:02:08,259- root - INFO - None
2017-08-21 17:02:08,259- root - INFO - Create:RSL_Expt_20170821_170129.prf
2017-08-21 17:02:08,259- root - DEBUG - None
2017-08-21 17:02:10,333- root - INFO - SV_wake
2017-08-21 17:02:20,346- root - INFO - None
2017-08-21 17:02:20,346- root - INFO - Select0
2017-08-21 17:02:20,346- root - INFO - None
2017-08-21 17:02:20,346- root - INFO - Create:RSL_Expt_20170821_170220.prf
2017-08-21 17:02:20,347- root - DEBUG - None
