2017-09-06 16:24:42,276- root - INFO - CL_Start
2017-09-06 16:24:55,813- root - DEBUG - main(Mval:0)
2017-09-06 16:24:55,814- root - INFO - Select_EXIT
2017-09-06 16:24:57,491- root - INFO - MakeExptFile
2017-09-06 16:24:57,492- root - INFO - MadeExptFile
2017-09-06 16:25:02,502- root - INFO - InptFile
2017-09-06 16:25:04,505- root - DEBUG - gFName:cmp-RSL_Expt_20170823_103024.prf
2017-09-06 16:25:04,505- root - DEBUG - gFName:cmp-RSL_Expt_20170821_170020.prf
2017-09-06 16:25:04,505- root - DEBUG - gFName:cmp-RSL_Expt_20170821_165805.prf
2017-09-06 16:25:04,506- root - DEBUG - gFName:cmp-RSL_Expt_20170823_103551.prf
2017-09-06 16:25:04,506- root - DEBUG - gFName:cmp-RSL_Expt_20170821_165312.prf
2017-09-06 16:25:04,506- root - DEBUG - gFName:cmp-RSL_Expt_20170821_165816.prf
2017-09-06 16:25:04,506- root - DEBUG - gFName:cmp-RSL_Expt_20170823_103535.prf
2017-09-06 16:25:04,506- root - DEBUG - gFName:cmp-RSL_Expt_20170823_103902.prf
2017-09-06 16:25:04,506- root - DEBUG - gFName:cmp-RSL_Expt_20170821_165947.prf
2017-09-06 16:25:04,506- root - DEBUG - gFName:cmp-RSL_Expt_20170821_165819.prf
2017-09-06 16:25:04,506- root - DEBUG - gFName:cmp-RSL_Expt_20170823_103035.prf
2017-09-06 16:25:04,506- root - DEBUG - gFName:cmp-RSL_Expt_20170823_102957.prf
2017-09-06 16:25:04,506- root - DEBUG - gFName:cmp-RSL_Expt_20170823_103834.prf
2017-09-06 16:25:04,506- root - DEBUG - gFName:cmp-RSL_Expt_20170821_165846.prf
2017-09-06 16:25:04,506- root - DEBUG - gFName:RSL_Expt_20170906_162457.prf
2017-09-06 16:25:04,507- root - DEBUG - None
2017-09-06 16:25:04,507- root - INFO - renamed
2017-09-06 16:25:04,507- root - INFO - fin_InptFile
2017-09-06 16:25:07,534- root - INFO - CL_fin
