2017-09-01 15:43:26,075- root - INFO - CL_Start
2017-09-01 15:43:33,357- root - INFO - SV_wake
2017-09-01 15:43:42,123- root - DEBUG - main(Mval:1)
2017-09-01 15:43:42,123- root - INFO - Swlwct_New
2017-09-01 15:43:42,138- root - INFO - NewCreate
2017-09-01 15:43:46,803- root - ERROR - Geterrer:L(New)
2017-09-01 15:45:06,795- root - INFO - CL_Start
2017-09-01 15:45:13,584- root - DEBUG - main(Mval:1)
2017-09-01 15:45:13,584- root - INFO - Swlwct_New
2017-09-01 15:45:13,599- root - INFO - NewCreate
2017-09-01 15:45:15,746- root - ERROR - Geterrer:L(New)
2017-09-01 15:48:58,868- root - INFO - CL_Start
2017-09-01 15:49:02,364- root - DEBUG - main(Mval:1)
2017-09-01 15:49:02,364- root - INFO - Swlwct_New
2017-09-01 15:49:02,364- root - INFO - NewCreate
2017-09-01 15:49:02,599- root - ERROR - Geterrer:L(New)
2017-09-01 15:49:33,732- root - INFO - CL_Start
2017-09-01 15:49:36,518- root - DEBUG - main(Mval:1)
2017-09-01 15:49:36,518- root - INFO - Swlwct_New
2017-09-01 15:49:36,518- root - INFO - NewCreate
2017-09-01 15:49:37,344- root - ERROR - Geterrer:L(New)
2017-09-01 15:49:53,710- root - DEBUG - main(Mval:1)
2017-09-01 15:49:53,711- root - INFO - Swlwct_New
2017-09-01 15:49:53,723- root - INFO - NewCreate
2017-09-01 15:49:55,353- root - ERROR - Geterrer:L(New)
2017-09-01 15:52:36,204- root - INFO - CL_Start
2017-09-01 15:52:39,145- root - DEBUG - main(Mval:1)
2017-09-01 15:52:39,145- root - INFO - Swlwct_New
2017-09-01 15:52:39,158- root - INFO - NewCreate
2017-09-01 15:52:58,611- root - INFO - MakeExptFile
2017-09-01 15:52:58,611- root - INFO - MadeExptFile
2017-09-01 15:52:58,611- root - INFO - InptFile
2017-09-01 15:52:59,165- root - INFO - None
2017-09-01 15:52:59,165- root - INFO - Select2
2017-09-01 15:52:59,180- root - INFO - Create:RSL_Expt_20170901_155258.prf
2017-09-01 15:52:59,180- root - DEBUG - None
2017-09-01 15:53:00,611- root - DEBUG - gFName:RSL_Expt_20170901_155258.prf
2017-09-01 15:53:00,614- root - DEBUG - None
2017-09-01 15:53:00,614- root - INFO - renamed
2017-09-01 15:53:00,614- root - INFO - fin_InptFile
2017-09-01 15:53:25,548- root - INFO - MakeExptFile
2017-09-01 15:53:25,548- root - INFO - MadeExptFile
2017-09-01 15:53:25,548- root - INFO - InptFile
2017-09-01 15:53:26,370- root - INFO - None
2017-09-01 15:53:26,370- root - INFO - Select1
2017-09-01 15:53:26,372- root - INFO - Create:RSL_Expt_20170901_155325.prf
2017-09-01 15:53:26,375- root - INFO - None
2017-09-01 15:53:26,375- root - DEBUG - None
2017-09-01 15:53:27,555- root - DEBUG - gFName:cmp-RSL_Expt_20170901_155258.prf
2017-09-01 15:53:27,555- root - DEBUG - gFName:RSL_Expt_20170901_155325.prf
2017-09-01 15:53:27,555- root - DEBUG - None
2017-09-01 15:53:27,555- root - INFO - renamed
2017-09-01 15:53:27,555- root - INFO - fin_InptFile
2017-09-01 15:53:27,555- root - INFO - Create_OK
2017-09-01 15:53:31,724- root - INFO - fin_NewCreate
2017-09-01 17:24:23,142- root - INFO - CL_Start
2017-09-01 17:24:26,099- root - DEBUG - main(Mval:1)
2017-09-01 17:24:26,099- root - INFO - Swlwct_New
2017-09-01 17:24:26,099- root - INFO - NewCreate
2017-09-01 17:24:28,835- root - INFO - MakeExptFile
2017-09-01 17:24:28,835- root - INFO - MadeExptFile
2017-09-01 17:24:28,835- root - INFO - InptFile
2017-09-01 17:24:29,157- root - INFO - None
2017-09-01 17:24:29,159- root - INFO - Select2
2017-09-01 17:24:29,161- root - INFO - Create:RSL_Expt_20170901_172428.prf
2017-09-01 17:24:29,164- root - INFO - None
2017-09-01 17:24:29,164- root - DEBUG - None
2017-09-01 17:24:30,846- root - DEBUG - gFName:cmp-RSL_Expt_20170901_155258.prf
2017-09-01 17:24:30,846- root - DEBUG - gFName:cmp-RSL_Expt_20170901_155325.prf
2017-09-01 17:24:30,846- root - DEBUG - gFName:RSL_Expt_20170901_172428.prf
2017-09-01 17:24:30,846- root - DEBUG - None
2017-09-01 17:24:30,846- root - INFO - renamed
2017-09-01 17:24:30,846- root - INFO - fin_InptFile
2017-09-01 17:24:36,806- root - INFO - MakeExptFile
2017-09-01 17:24:36,806- root - INFO - MadeExptFile
2017-09-01 17:24:36,806- root - INFO - InptFile
2017-09-01 17:24:37,236- root - INFO - None
2017-09-01 17:24:37,236- root - INFO - Select2
2017-09-01 17:24:37,236- root - INFO - Create:RSL_Expt_20170901_172436.prf
2017-09-01 17:24:37,236- root - INFO - None
2017-09-01 17:24:37,236- root - DEBUG - None
2017-09-01 17:24:38,821- root - DEBUG - gFName:cmp-RSL_Expt_20170901_155258.prf
2017-09-01 17:24:38,821- root - DEBUG - gFName:cmp-RSL_Expt_20170901_155325.prf
2017-09-01 17:24:38,821- root - DEBUG - gFName:cmp-RSL_Expt_20170901_172428.prf
2017-09-01 17:24:38,821- root - DEBUG - gFName:RSL_Expt_20170901_172436.prf
2017-09-01 17:24:38,821- root - DEBUG - None
2017-09-01 17:24:38,821- root - INFO - renamed
2017-09-01 17:24:38,821- root - INFO - fin_InptFile
2017-09-01 17:24:48,492- root - ERROR - Geterrer:L(New)
2017-09-01 17:25:25,679- root - INFO - CL_Start
2017-09-01 17:25:28,502- root - DEBUG - main(Mval:1)
2017-09-01 17:25:28,502- root - INFO - Swlwct_New
2017-09-01 17:25:28,502- root - INFO - NewCreate
2017-09-01 17:25:32,392- root - INFO - MakeExptFile
2017-09-01 17:25:32,392- root - INFO - MadeExptFile
2017-09-01 17:25:32,392- root - INFO - InptFile
2017-09-01 17:25:32,641- root - INFO - None
2017-09-01 17:25:32,641- root - INFO - Select2
2017-09-01 17:25:32,641- root - INFO - Create:RSL_Expt_20170901_172532.prf
2017-09-01 17:25:32,641- root - INFO - None
2017-09-01 17:25:32,641- root - DEBUG - None
2017-09-01 17:25:34,407- root - DEBUG - gFName:cmp-RSL_Expt_20170901_155258.prf
2017-09-01 17:25:34,407- root - DEBUG - gFName:cmp-RSL_Expt_20170901_155325.prf
2017-09-01 17:25:34,407- root - DEBUG - gFName:cmp-RSL_Expt_20170901_172428.prf
2017-09-01 17:25:34,407- root - DEBUG - gFName:cmp-RSL_Expt_20170901_172436.prf
2017-09-01 17:25:34,407- root - DEBUG - gFName:RSL_Expt_20170901_172532.prf
2017-09-01 17:25:34,407- root - DEBUG - None
2017-09-01 17:25:34,407- root - INFO - renamed
2017-09-01 17:25:34,407- root - INFO - fin_InptFile
2017-09-01 17:25:41,696- root - ERROR - Geterrer:L(New)
2017-09-01 17:25:57,985- root - INFO - CL_Start
2017-09-01 17:26:00,266- root - DEBUG - main(Mval:1)
2017-09-01 17:26:00,266- root - INFO - Swlwct_New
2017-09-01 17:26:00,282- root - INFO - NewCreate
2017-09-01 17:26:01,740- root - INFO - MakeExptFile
2017-09-01 17:26:01,740- root - INFO - MadeExptFile
2017-09-01 17:26:01,740- root - INFO - InptFile
2017-09-01 17:26:01,865- root - INFO - None
2017-09-01 17:26:01,865- root - INFO - Select2
2017-09-01 17:26:01,865- root - INFO - Create:RSL_Expt_20170901_172601.prf
2017-09-01 17:26:01,865- root - INFO - None
2017-09-01 17:26:01,865- root - DEBUG - None
2017-09-01 17:26:03,741- root - DEBUG - gFName:cmp-RSL_Expt_20170901_155258.prf
2017-09-01 17:26:03,741- root - DEBUG - gFName:cmp-RSL_Expt_20170901_155325.prf
2017-09-01 17:26:03,741- root - DEBUG - gFName:cmp-RSL_Expt_20170901_172428.prf
2017-09-01 17:26:03,741- root - DEBUG - gFName:cmp-RSL_Expt_20170901_172436.prf
2017-09-01 17:26:03,741- root - DEBUG - gFName:cmp-RSL_Expt_20170901_172532.prf
2017-09-01 17:26:03,741- root - DEBUG - gFName:RSL_Expt_20170901_172601.prf
2017-09-01 17:26:03,743- root - DEBUG - None
2017-09-01 17:26:03,744- root - INFO - renamed
2017-09-01 17:26:03,744- root - INFO - fin_InptFile
2017-09-01 17:26:08,195- root - ERROR - Geterrer:L(New)
2017-09-01 17:27:30,680- root - INFO - CL_Start
2017-09-01 17:27:33,160- root - DEBUG - main(Mval:1)
2017-09-01 17:27:33,160- root - INFO - Swlwct_New
2017-09-01 17:27:33,173- root - INFO - NewCreate
2017-09-01 17:27:35,785- root - INFO - MakeExptFile
2017-09-01 17:27:35,785- root - INFO - MadeExptFile
2017-09-01 17:27:35,785- root - INFO - InptFile
2017-09-01 17:27:36,569- root - INFO - None
2017-09-01 17:27:36,569- root - INFO - Select2
2017-09-01 17:27:36,569- root - INFO - Create:RSL_Expt_20170901_172735.prf
2017-09-01 17:27:36,569- root - INFO - None
2017-09-01 17:27:36,569- root - DEBUG - None
2017-09-01 17:27:37,786- root - DEBUG - gFName:cmp-RSL_Expt_20170901_155258.prf
2017-09-01 17:27:37,786- root - DEBUG - gFName:cmp-RSL_Expt_20170901_155325.prf
2017-09-01 17:27:37,786- root - DEBUG - gFName:cmp-RSL_Expt_20170901_172428.prf
2017-09-01 17:27:37,786- root - DEBUG - gFName:cmp-RSL_Expt_20170901_172436.prf
2017-09-01 17:27:37,786- root - DEBUG - gFName:cmp-RSL_Expt_20170901_172532.prf
2017-09-01 17:27:37,786- root - DEBUG - gFName:cmp-RSL_Expt_20170901_172601.prf
2017-09-01 17:27:37,786- root - DEBUG - gFName:RSL_Expt_20170901_172735.prf
2017-09-01 17:27:37,786- root - DEBUG - None
2017-09-01 17:27:37,786- root - INFO - renamed
2017-09-01 17:27:37,786- root - INFO - fin_InptFile
2017-09-01 17:27:44,610- root - ERROR - Geterrer:L(New)
2017-09-01 17:28:18,232- root - INFO - SV_wake
2017-09-01 17:28:43,546- root - INFO - CL_Start
2017-09-01 17:28:48,587- root - DEBUG - main(Mval:1)
2017-09-01 17:28:48,587- root - INFO - Swlwct_New
2017-09-01 17:28:48,603- root - INFO - NewCreate
2017-09-01 17:28:54,542- root - INFO - MakeExptFile
2017-09-01 17:28:54,542- root - INFO - MadeExptFile
2017-09-01 17:28:54,542- root - INFO - InptFile
2017-09-01 17:28:54,558- root - INFO - None
2017-09-01 17:28:54,558- root - INFO - Select2
2017-09-01 17:28:54,573- root - INFO - Create:RSL_Expt_20170901_172854.prf
2017-09-01 17:28:54,573- root - INFO - None
2017-09-01 17:28:54,573- root - DEBUG - None
2017-09-01 17:28:56,542- root - DEBUG - gFName:cmp-RSL_Expt_20170901_155258.prf
2017-09-01 17:28:56,542- root - DEBUG - gFName:cmp-RSL_Expt_20170901_155325.prf
2017-09-01 17:28:56,542- root - DEBUG - gFName:cmp-RSL_Expt_20170901_172428.prf
2017-09-01 17:28:56,542- root - DEBUG - gFName:cmp-RSL_Expt_20170901_172436.prf
2017-09-01 17:28:56,542- root - DEBUG - gFName:cmp-RSL_Expt_20170901_172532.prf
2017-09-01 17:28:56,542- root - DEBUG - gFName:cmp-RSL_Expt_20170901_172601.prf
2017-09-01 17:28:56,542- root - DEBUG - gFName:cmp-RSL_Expt_20170901_172735.prf
2017-09-01 17:28:56,542- root - DEBUG - gFName:RSL_Expt_20170901_172854.prf
2017-09-01 17:28:56,542- root - DEBUG - None
2017-09-01 17:28:56,542- root - INFO - renamed
2017-09-01 17:28:56,542- root - INFO - fin_InptFile
2017-09-01 17:29:01,538- root - ERROR - Geterrer:L(New)
2017-09-01 17:29:33,300- root - INFO - CL_Start
2017-09-01 17:29:41,702- root - DEBUG - main(Mval:1)
2017-09-01 17:29:41,702- root - INFO - Swlwct_New
2017-09-01 17:29:41,718- root - INFO - NewCreate
2017-09-01 17:30:06,290- root - INFO - MakeExptFile
2017-09-01 17:30:06,290- root - INFO - MadeExptFile
2017-09-01 17:30:06,916- root - INFO - InptFile
2017-09-01 17:30:07,188- root - INFO - None
2017-09-01 17:30:07,188- root - INFO - Select2
2017-09-01 17:30:07,188- root - INFO - Create:RSL_Expt_20170901_173006.prf
2017-09-01 17:30:07,188- root - INFO - None
2017-09-01 17:30:07,188- root - DEBUG - None
2017-09-01 17:30:08,929- root - DEBUG - gFName:cmp-RSL_Expt_20170901_155258.prf
2017-09-01 17:30:08,929- root - DEBUG - gFName:cmp-RSL_Expt_20170901_155325.prf
2017-09-01 17:30:08,929- root - DEBUG - gFName:cmp-RSL_Expt_20170901_172428.prf
2017-09-01 17:30:08,929- root - DEBUG - gFName:cmp-RSL_Expt_20170901_172436.prf
2017-09-01 17:30:08,929- root - DEBUG - gFName:cmp-RSL_Expt_20170901_172532.prf
2017-09-01 17:30:08,929- root - DEBUG - gFName:cmp-RSL_Expt_20170901_172601.prf
2017-09-01 17:30:08,929- root - DEBUG - gFName:cmp-RSL_Expt_20170901_172735.prf
2017-09-01 17:30:08,929- root - DEBUG - gFName:cmp-RSL_Expt_20170901_172854.prf
2017-09-01 17:30:08,929- root - DEBUG - gFName:RSL_Expt_20170901_173006.prf
2017-09-01 17:30:08,929- root - DEBUG - None
2017-09-01 17:30:08,929- root - INFO - renamed
2017-09-01 17:30:08,929- root - INFO - fin_InptFile
2017-09-01 17:31:48,583- root - ERROR - Geterrer:L(New)
2017-09-01 17:32:07,885- root - INFO - CL_Start
2017-09-01 17:32:13,216- root - DEBUG - main(Mval:1)
2017-09-01 17:32:13,216- root - INFO - Swlwct_New
2017-09-01 17:32:13,231- root - INFO - NewCreate
2017-09-01 17:32:22,100- root - INFO - MakeExptFile
2017-09-01 17:32:22,100- root - INFO - MadeExptFile
2017-09-01 17:32:22,263- root - INFO - InptFile
2017-09-01 17:32:22,263- root - INFO - None
2017-09-01 17:32:22,263- root - INFO - Select2
2017-09-01 17:32:22,263- root - INFO - Create:RSL_Expt_20170901_173222.prf
2017-09-01 17:32:22,263- root - INFO - None
2017-09-01 17:32:22,263- root - DEBUG - None
2017-09-01 17:32:24,273- root - DEBUG - gFName:cmp-RSL_Expt_20170901_155258.prf
2017-09-01 17:32:24,273- root - DEBUG - gFName:cmp-RSL_Expt_20170901_155325.prf
2017-09-01 17:32:24,273- root - DEBUG - gFName:cmp-RSL_Expt_20170901_172428.prf
2017-09-01 17:32:24,273- root - DEBUG - gFName:cmp-RSL_Expt_20170901_172436.prf
2017-09-01 17:32:24,273- root - DEBUG - gFName:cmp-RSL_Expt_20170901_172532.prf
2017-09-01 17:32:24,273- root - DEBUG - gFName:cmp-RSL_Expt_20170901_172601.prf
2017-09-01 17:32:24,273- root - DEBUG - gFName:cmp-RSL_Expt_20170901_172735.prf
2017-09-01 17:32:24,273- root - DEBUG - gFName:cmp-RSL_Expt_20170901_172854.prf
2017-09-01 17:32:24,273- root - DEBUG - gFName:cmp-RSL_Expt_20170901_173006.prf
2017-09-01 17:32:24,273- root - DEBUG - gFName:RSL_Expt_20170901_173222.prf
2017-09-01 17:32:24,273- root - DEBUG - None
2017-09-01 17:32:24,273- root - INFO - renamed
2017-09-01 17:32:24,273- root - INFO - fin_InptFile
2017-09-01 17:33:06,890- root - ERROR - Geterrer:L(New)
2017-09-01 17:33:37,713- root - DEBUG - main(Mval:1)
2017-09-01 17:33:38,001- root - INFO - Swlwct_New
2017-09-01 17:33:38,476- root - INFO - NewCreate
2017-09-01 17:34:32,326- root - INFO - MakeExptFile
2017-09-01 17:34:32,326- root - INFO - MadeExptFile
2017-09-01 17:34:33,158- root - INFO - InptFile
2017-09-01 17:34:33,270- root - INFO - None
2017-09-01 17:34:33,270- root - INFO - Select2
2017-09-01 17:34:33,270- root - INFO - Create:RSL_Expt_20170901_173432.prf
2017-09-01 17:34:33,270- root - INFO - None
2017-09-01 17:34:33,270- root - DEBUG - None
2017-09-01 17:34:35,160- root - DEBUG - gFName:cmp-RSL_Expt_20170901_155258.prf
2017-09-01 17:34:35,160- root - DEBUG - gFName:cmp-RSL_Expt_20170901_155325.prf
2017-09-01 17:34:35,160- root - DEBUG - gFName:cmp-RSL_Expt_20170901_172428.prf
2017-09-01 17:34:35,161- root - DEBUG - gFName:cmp-RSL_Expt_20170901_172436.prf
2017-09-01 17:34:35,161- root - DEBUG - gFName:cmp-RSL_Expt_20170901_172532.prf
2017-09-01 17:34:35,162- root - DEBUG - gFName:cmp-RSL_Expt_20170901_172601.prf
2017-09-01 17:34:35,162- root - DEBUG - gFName:cmp-RSL_Expt_20170901_172735.prf
2017-09-01 17:34:35,163- root - DEBUG - gFName:cmp-RSL_Expt_20170901_172854.prf
2017-09-01 17:34:35,163- root - DEBUG - gFName:cmp-RSL_Expt_20170901_173006.prf
2017-09-01 17:34:35,163- root - DEBUG - gFName:cmp-RSL_Expt_20170901_173222.prf
2017-09-01 17:34:35,164- root - DEBUG - gFName:RSL_Expt_20170901_173432.prf
2017-09-01 17:34:35,167- root - DEBUG - None
2017-09-01 17:34:35,167- root - INFO - renamed
2017-09-01 17:34:35,168- root - INFO - fin_InptFile
2017-09-01 17:35:33,812- root - ERROR - Geterrer:L(New)
2017-09-01 17:36:45,653- root - INFO - CL_Start
2017-09-01 17:36:48,737- root - DEBUG - main(Mval:1)
2017-09-01 17:36:48,737- root - INFO - Swlwct_New
2017-09-01 17:36:48,752- root - INFO - NewCreate
2017-09-01 17:36:50,636- root - INFO - MakeExptFile
2017-09-01 17:36:50,636- root - INFO - MadeExptFile
2017-09-01 17:36:50,636- root - INFO - InptFile
2017-09-01 17:36:51,315- root - INFO - None
2017-09-01 17:36:51,315- root - INFO - Select2
2017-09-01 17:36:51,315- root - INFO - Create:RSL_Expt_20170901_173650.prf
2017-09-01 17:36:51,315- root - INFO - None
2017-09-01 17:36:51,315- root - DEBUG - None
2017-09-01 17:36:52,638- root - DEBUG - gFName:cmp-RSL_Expt_20170901_155258.prf
2017-09-01 17:36:52,638- root - DEBUG - gFName:cmp-RSL_Expt_20170901_155325.prf
2017-09-01 17:36:52,638- root - DEBUG - gFName:cmp-RSL_Expt_20170901_172428.prf
2017-09-01 17:36:52,638- root - DEBUG - gFName:cmp-RSL_Expt_20170901_172436.prf
2017-09-01 17:36:52,638- root - DEBUG - gFName:cmp-RSL_Expt_20170901_172532.prf
2017-09-01 17:36:52,638- root - DEBUG - gFName:cmp-RSL_Expt_20170901_172601.prf
2017-09-01 17:36:52,638- root - DEBUG - gFName:cmp-RSL_Expt_20170901_172735.prf
2017-09-01 17:36:52,638- root - DEBUG - gFName:cmp-RSL_Expt_20170901_172854.prf
2017-09-01 17:36:52,638- root - DEBUG - gFName:cmp-RSL_Expt_20170901_173006.prf
2017-09-01 17:36:52,638- root - DEBUG - gFName:cmp-RSL_Expt_20170901_173222.prf
2017-09-01 17:36:52,638- root - DEBUG - gFName:cmp-RSL_Expt_20170901_173432.prf
2017-09-01 17:36:52,638- root - DEBUG - gFName:RSL_Expt_20170901_173650.prf
2017-09-01 17:36:52,638- root - DEBUG - None
2017-09-01 17:36:52,638- root - INFO - renamed
2017-09-01 17:36:52,638- root - INFO - fin_InptFile
2017-09-01 17:36:56,765- root - INFO - MakeExptFile
2017-09-01 17:36:56,765- root - INFO - MadeExptFile
2017-09-01 17:36:56,765- root - INFO - InptFile
2017-09-01 17:36:57,365- root - INFO - None
2017-09-01 17:36:57,365- root - INFO - Select1
2017-09-01 17:36:57,365- root - INFO - Create:RSL_Expt_20170901_173656.prf
2017-09-01 17:36:57,365- root - INFO - None
2017-09-01 17:36:57,365- root - DEBUG - None
2017-09-01 17:36:58,774- root - DEBUG - gFName:cmp-RSL_Expt_20170901_155258.prf
2017-09-01 17:36:58,774- root - DEBUG - gFName:cmp-RSL_Expt_20170901_155325.prf
2017-09-01 17:36:58,774- root - DEBUG - gFName:cmp-RSL_Expt_20170901_172428.prf
2017-09-01 17:36:58,774- root - DEBUG - gFName:cmp-RSL_Expt_20170901_172436.prf
2017-09-01 17:36:58,774- root - DEBUG - gFName:cmp-RSL_Expt_20170901_172532.prf
2017-09-01 17:36:58,774- root - DEBUG - gFName:cmp-RSL_Expt_20170901_172601.prf
2017-09-01 17:36:58,774- root - DEBUG - gFName:cmp-RSL_Expt_20170901_172735.prf
2017-09-01 17:36:58,774- root - DEBUG - gFName:cmp-RSL_Expt_20170901_172854.prf
2017-09-01 17:36:58,774- root - DEBUG - gFName:cmp-RSL_Expt_20170901_173006.prf
2017-09-01 17:36:58,774- root - DEBUG - gFName:cmp-RSL_Expt_20170901_173222.prf
2017-09-01 17:36:58,774- root - DEBUG - gFName:cmp-RSL_Expt_20170901_173432.prf
2017-09-01 17:36:58,774- root - DEBUG - gFName:cmp-RSL_Expt_20170901_173650.prf
2017-09-01 17:36:58,774- root - DEBUG - gFName:RSL_Expt_20170901_173656.prf
2017-09-01 17:36:58,774- root - DEBUG - None
2017-09-01 17:36:58,774- root - INFO - renamed
2017-09-01 17:36:58,774- root - INFO - fin_InptFile
2017-09-01 17:36:58,774- root - INFO - Create_OK
2017-09-01 17:38:42,068- root - INFO - CL_Start
2017-09-01 17:38:43,966- root - DEBUG - main(Mval:1)
2017-09-01 17:38:43,966- root - INFO - Swlwct_New
2017-09-01 17:38:43,966- root - INFO - NewCreate
2017-09-01 17:38:45,395- root - INFO - MakeExptFile
2017-09-01 17:38:45,395- root - INFO - MadeExptFile
2017-09-01 17:38:45,395- root - INFO - InptFile
2017-09-01 17:38:46,215- root - INFO - None
2017-09-01 17:38:46,215- root - INFO - Select2
2017-09-01 17:38:46,215- root - INFO - Create:RSL_Expt_20170901_173845.prf
2017-09-01 17:38:46,215- root - INFO - None
2017-09-01 17:38:46,215- root - DEBUG - None
2017-09-01 17:38:47,403- root - DEBUG - gFName:cmp-RSL_Expt_20170901_155258.prf
2017-09-01 17:38:47,403- root - DEBUG - gFName:cmp-RSL_Expt_20170901_155325.prf
2017-09-01 17:38:47,403- root - DEBUG - gFName:cmp-RSL_Expt_20170901_172428.prf
2017-09-01 17:38:47,403- root - DEBUG - gFName:cmp-RSL_Expt_20170901_172436.prf
2017-09-01 17:38:47,403- root - DEBUG - gFName:cmp-RSL_Expt_20170901_172532.prf
2017-09-01 17:38:47,403- root - DEBUG - gFName:cmp-RSL_Expt_20170901_172601.prf
2017-09-01 17:38:47,403- root - DEBUG - gFName:cmp-RSL_Expt_20170901_172735.prf
2017-09-01 17:38:47,403- root - DEBUG - gFName:cmp-RSL_Expt_20170901_172854.prf
2017-09-01 17:38:47,403- root - DEBUG - gFName:cmp-RSL_Expt_20170901_173006.prf
2017-09-01 17:38:47,403- root - DEBUG - gFName:cmp-RSL_Expt_20170901_173222.prf
2017-09-01 17:38:47,403- root - DEBUG - gFName:cmp-RSL_Expt_20170901_173432.prf
2017-09-01 17:38:47,403- root - DEBUG - gFName:cmp-RSL_Expt_20170901_173650.prf
2017-09-01 17:38:47,403- root - DEBUG - gFName:cmp-RSL_Expt_20170901_173656.prf
2017-09-01 17:38:47,403- root - DEBUG - gFName:RSL_Expt_20170901_173845.prf
2017-09-01 17:38:47,403- root - DEBUG - None
2017-09-01 17:38:47,403- root - INFO - renamed
2017-09-01 17:38:47,403- root - INFO - fin_InptFile
2017-09-01 17:38:56,390- root - INFO - MakeExptFile
2017-09-01 17:38:56,390- root - INFO - MadeExptFile
2017-09-01 17:38:56,390- root - INFO - InptFile
2017-09-01 17:38:57,315- root - INFO - None
2017-09-01 17:38:57,315- root - INFO - Select1
2017-09-01 17:38:57,315- root - INFO - Create:RSL_Expt_20170901_173856.prf
2017-09-01 17:38:57,315- root - INFO - None
2017-09-01 17:38:57,315- root - DEBUG - None
2017-09-01 17:38:58,397- root - DEBUG - gFName:cmp-RSL_Expt_20170901_155258.prf
2017-09-01 17:38:58,397- root - DEBUG - gFName:cmp-RSL_Expt_20170901_155325.prf
2017-09-01 17:38:58,397- root - DEBUG - gFName:cmp-RSL_Expt_20170901_172428.prf
2017-09-01 17:38:58,397- root - DEBUG - gFName:cmp-RSL_Expt_20170901_172436.prf
2017-09-01 17:38:58,397- root - DEBUG - gFName:cmp-RSL_Expt_20170901_172532.prf
2017-09-01 17:38:58,397- root - DEBUG - gFName:cmp-RSL_Expt_20170901_172601.prf
2017-09-01 17:38:58,397- root - DEBUG - gFName:cmp-RSL_Expt_20170901_172735.prf
2017-09-01 17:38:58,397- root - DEBUG - gFName:cmp-RSL_Expt_20170901_172854.prf
2017-09-01 17:38:58,397- root - DEBUG - gFName:cmp-RSL_Expt_20170901_173006.prf
2017-09-01 17:38:58,397- root - DEBUG - gFName:cmp-RSL_Expt_20170901_173222.prf
2017-09-01 17:38:58,397- root - DEBUG - gFName:cmp-RSL_Expt_20170901_173432.prf
2017-09-01 17:38:58,397- root - DEBUG - gFName:cmp-RSL_Expt_20170901_173650.prf
2017-09-01 17:38:58,397- root - DEBUG - gFName:cmp-RSL_Expt_20170901_173656.prf
2017-09-01 17:38:58,397- root - DEBUG - gFName:cmp-RSL_Expt_20170901_173845.prf
2017-09-01 17:38:58,397- root - DEBUG - gFName:RSL_Expt_20170901_173856.prf
2017-09-01 17:38:58,397- root - DEBUG - None
2017-09-01 17:38:58,397- root - INFO - renamed
2017-09-01 17:38:58,397- root - INFO - fin_InptFile
2017-09-01 17:38:58,397- root - INFO - Create_OK
2017-09-01 17:39:35,099- root - INFO - CL_Start
2017-09-01 17:39:38,443- root - DEBUG - main(Mval:1)
2017-09-01 17:39:38,443- root - INFO - Swlwct_New
2017-09-01 17:39:38,447- root - INFO - NewCreate
2017-09-01 17:39:39,932- root - INFO - MakeExptFile
2017-09-01 17:39:39,934- root - INFO - MadeExptFile
2017-09-01 17:39:39,935- root - INFO - InptFile
2017-09-01 17:39:40,623- root - INFO - None
2017-09-01 17:39:40,623- root - INFO - Select2
2017-09-01 17:39:40,623- root - INFO - Create:RSL_Expt_20170901_173939.prf
2017-09-01 17:39:40,623- root - INFO - None
2017-09-01 17:39:40,623- root - DEBUG - None
2017-09-01 17:39:41,945- root - DEBUG - gFName:cmp-RSL_Expt_20170901_155258.prf
2017-09-01 17:39:41,945- root - DEBUG - gFName:cmp-RSL_Expt_20170901_155325.prf
2017-09-01 17:39:41,945- root - DEBUG - gFName:cmp-RSL_Expt_20170901_172428.prf
2017-09-01 17:39:41,945- root - DEBUG - gFName:cmp-RSL_Expt_20170901_172436.prf
2017-09-01 17:39:41,945- root - DEBUG - gFName:cmp-RSL_Expt_20170901_172532.prf
2017-09-01 17:39:41,945- root - DEBUG - gFName:cmp-RSL_Expt_20170901_172601.prf
2017-09-01 17:39:41,945- root - DEBUG - gFName:cmp-RSL_Expt_20170901_172735.prf
2017-09-01 17:39:41,945- root - DEBUG - gFName:cmp-RSL_Expt_20170901_172854.prf
2017-09-01 17:39:41,945- root - DEBUG - gFName:cmp-RSL_Expt_20170901_173006.prf
2017-09-01 17:39:41,945- root - DEBUG - gFName:cmp-RSL_Expt_20170901_173222.prf
2017-09-01 17:39:41,945- root - DEBUG - gFName:cmp-RSL_Expt_20170901_173432.prf
2017-09-01 17:39:41,945- root - DEBUG - gFName:cmp-RSL_Expt_20170901_173650.prf
2017-09-01 17:39:41,945- root - DEBUG - gFName:cmp-RSL_Expt_20170901_173656.prf
2017-09-01 17:39:41,945- root - DEBUG - gFName:cmp-RSL_Expt_20170901_173845.prf
2017-09-01 17:39:41,945- root - DEBUG - gFName:cmp-RSL_Expt_20170901_173856.prf
2017-09-01 17:39:41,945- root - DEBUG - gFName:RSL_Expt_20170901_173939.prf
2017-09-01 17:39:41,945- root - DEBUG - None
2017-09-01 17:39:41,945- root - INFO - renamed
2017-09-01 17:39:41,945- root - INFO - fin_InptFile
2017-09-01 17:39:49,056- root - INFO - MakeExptFile
2017-09-01 17:39:49,056- root - INFO - MadeExptFile
2017-09-01 17:39:49,056- root - INFO - InptFile
2017-09-01 17:39:49,690- root - INFO - None
2017-09-01 17:39:49,690- root - INFO - Select2
2017-09-01 17:39:49,690- root - INFO - Create:RSL_Expt_20170901_173949.prf
2017-09-01 17:39:49,690- root - INFO - None
2017-09-01 17:39:49,690- root - DEBUG - None
2017-09-01 17:39:51,066- root - DEBUG - gFName:cmp-RSL_Expt_20170901_155258.prf
2017-09-01 17:39:51,066- root - DEBUG - gFName:cmp-RSL_Expt_20170901_155325.prf
2017-09-01 17:39:51,066- root - DEBUG - gFName:cmp-RSL_Expt_20170901_172428.prf
2017-09-01 17:39:51,066- root - DEBUG - gFName:cmp-RSL_Expt_20170901_172436.prf
2017-09-01 17:39:51,066- root - DEBUG - gFName:cmp-RSL_Expt_20170901_172532.prf
2017-09-01 17:39:51,066- root - DEBUG - gFName:cmp-RSL_Expt_20170901_172601.prf
2017-09-01 17:39:51,066- root - DEBUG - gFName:cmp-RSL_Expt_20170901_172735.prf
2017-09-01 17:39:51,066- root - DEBUG - gFName:cmp-RSL_Expt_20170901_172854.prf
2017-09-01 17:39:51,066- root - DEBUG - gFName:cmp-RSL_Expt_20170901_173006.prf
2017-09-01 17:39:51,066- root - DEBUG - gFName:cmp-RSL_Expt_20170901_173222.prf
2017-09-01 17:39:51,066- root - DEBUG - gFName:cmp-RSL_Expt_20170901_173432.prf
2017-09-01 17:39:51,066- root - DEBUG - gFName:cmp-RSL_Expt_20170901_173650.prf
2017-09-01 17:39:51,066- root - DEBUG - gFName:cmp-RSL_Expt_20170901_173656.prf
2017-09-01 17:39:51,066- root - DEBUG - gFName:cmp-RSL_Expt_20170901_173845.prf
2017-09-01 17:39:51,066- root - DEBUG - gFName:cmp-RSL_Expt_20170901_173856.prf
2017-09-01 17:39:51,066- root - DEBUG - gFName:cmp-RSL_Expt_20170901_173939.prf
2017-09-01 17:39:51,066- root - DEBUG - gFName:RSL_Expt_20170901_173949.prf
2017-09-01 17:39:51,066- root - DEBUG - None
2017-09-01 17:39:51,066- root - INFO - renamed
2017-09-01 17:39:51,066- root - INFO - fin_InptFile
2017-09-01 17:39:55,024- root - INFO - MakeExptFile
2017-09-01 17:39:55,024- root - INFO - MadeExptFile
2017-09-01 17:39:55,024- root - INFO - InptFile
2017-09-01 17:39:55,734- root - INFO - None
2017-09-01 17:39:55,734- root - INFO - Select1
2017-09-01 17:39:55,734- root - INFO - Create:RSL_Expt_20170901_173955.prf
2017-09-01 17:39:55,734- root - INFO - None
2017-09-01 17:39:55,734- root - DEBUG - None
2017-09-01 17:39:57,038- root - DEBUG - gFName:cmp-RSL_Expt_20170901_155258.prf
2017-09-01 17:39:57,038- root - DEBUG - gFName:cmp-RSL_Expt_20170901_155325.prf
2017-09-01 17:39:57,038- root - DEBUG - gFName:cmp-RSL_Expt_20170901_172428.prf
2017-09-01 17:39:57,038- root - DEBUG - gFName:cmp-RSL_Expt_20170901_172436.prf
2017-09-01 17:39:57,038- root - DEBUG - gFName:cmp-RSL_Expt_20170901_172532.prf
2017-09-01 17:39:57,038- root - DEBUG - gFName:cmp-RSL_Expt_20170901_172601.prf
2017-09-01 17:39:57,038- root - DEBUG - gFName:cmp-RSL_Expt_20170901_172735.prf
2017-09-01 17:39:57,038- root - DEBUG - gFName:cmp-RSL_Expt_20170901_172854.prf
2017-09-01 17:39:57,038- root - DEBUG - gFName:cmp-RSL_Expt_20170901_173006.prf
2017-09-01 17:39:57,038- root - DEBUG - gFName:cmp-RSL_Expt_20170901_173222.prf
2017-09-01 17:39:57,038- root - DEBUG - gFName:cmp-RSL_Expt_20170901_173432.prf
2017-09-01 17:39:57,038- root - DEBUG - gFName:cmp-RSL_Expt_20170901_173650.prf
2017-09-01 17:39:57,038- root - DEBUG - gFName:cmp-RSL_Expt_20170901_173656.prf
2017-09-01 17:39:57,038- root - DEBUG - gFName:cmp-RSL_Expt_20170901_173845.prf
2017-09-01 17:39:57,038- root - DEBUG - gFName:cmp-RSL_Expt_20170901_173856.prf
2017-09-01 17:39:57,038- root - DEBUG - gFName:cmp-RSL_Expt_20170901_173939.prf
2017-09-01 17:39:57,038- root - DEBUG - gFName:cmp-RSL_Expt_20170901_173949.prf
2017-09-01 17:39:57,038- root - DEBUG - gFName:RSL_Expt_20170901_173955.prf
2017-09-01 17:39:57,038- root - DEBUG - None
2017-09-01 17:39:57,038- root - INFO - renamed
2017-09-01 17:39:57,038- root - INFO - fin_InptFile
2017-09-01 17:39:57,038- root - INFO - Create_OK
2017-09-01 17:41:10,705- root - INFO - CL_Start
2017-09-01 17:41:12,798- root - DEBUG - main(Mval:1)
2017-09-01 17:41:12,798- root - INFO - Swlwct_New
2017-09-01 17:41:12,798- root - INFO - NewCreate
2017-09-01 17:41:14,477- root - INFO - MakeExptFile
2017-09-01 17:41:14,477- root - INFO - MadeExptFile
2017-09-01 17:41:14,477- root - INFO - InptFile
2017-09-01 17:41:15,465- root - INFO - None
2017-09-01 17:41:15,465- root - INFO - Select2
2017-09-01 17:41:15,465- root - INFO - Create:RSL_Expt_20170901_174114.prf
2017-09-01 17:41:15,465- root - INFO - None
2017-09-01 17:41:15,465- root - DEBUG - None
2017-09-01 17:41:16,480- root - DEBUG - gFName:cmp-RSL_Expt_20170901_155258.prf
2017-09-01 17:41:16,480- root - DEBUG - gFName:cmp-RSL_Expt_20170901_155325.prf
2017-09-01 17:41:16,480- root - DEBUG - gFName:cmp-RSL_Expt_20170901_172428.prf
2017-09-01 17:41:16,480- root - DEBUG - gFName:cmp-RSL_Expt_20170901_172436.prf
2017-09-01 17:41:16,480- root - DEBUG - gFName:cmp-RSL_Expt_20170901_172532.prf
2017-09-01 17:41:16,480- root - DEBUG - gFName:cmp-RSL_Expt_20170901_172601.prf
2017-09-01 17:41:16,480- root - DEBUG - gFName:cmp-RSL_Expt_20170901_172735.prf
2017-09-01 17:41:16,480- root - DEBUG - gFName:cmp-RSL_Expt_20170901_172854.prf
2017-09-01 17:41:16,480- root - DEBUG - gFName:cmp-RSL_Expt_20170901_173006.prf
2017-09-01 17:41:16,480- root - DEBUG - gFName:cmp-RSL_Expt_20170901_173222.prf
2017-09-01 17:41:16,480- root - DEBUG - gFName:cmp-RSL_Expt_20170901_173432.prf
2017-09-01 17:41:16,480- root - DEBUG - gFName:cmp-RSL_Expt_20170901_173650.prf
2017-09-01 17:41:16,480- root - DEBUG - gFName:cmp-RSL_Expt_20170901_173656.prf
2017-09-01 17:41:16,480- root - DEBUG - gFName:cmp-RSL_Expt_20170901_173845.prf
2017-09-01 17:41:16,480- root - DEBUG - gFName:cmp-RSL_Expt_20170901_173856.prf
2017-09-01 17:41:16,480- root - DEBUG - gFName:cmp-RSL_Expt_20170901_173939.prf
2017-09-01 17:41:16,480- root - DEBUG - gFName:cmp-RSL_Expt_20170901_173949.prf
2017-09-01 17:41:16,480- root - DEBUG - gFName:cmp-RSL_Expt_20170901_173955.prf
2017-09-01 17:41:16,480- root - DEBUG - gFName:RSL_Expt_20170901_174114.prf
2017-09-01 17:41:16,480- root - DEBUG - None
2017-09-01 17:41:16,480- root - INFO - renamed
2017-09-01 17:41:16,480- root - INFO - fin_InptFile
2017-09-01 17:42:49,247- root - INFO - CL_Start
2017-09-01 17:42:55,471- root - DEBUG - main(Mval:17777)
2017-09-01 17:42:55,471- root - WARNING - InputWarning(main:17777)
2017-09-01 17:42:57,403- root - DEBUG - main(Mval:1)
2017-09-01 17:42:57,403- root - INFO - Swlwct_New
2017-09-01 17:42:57,403- root - INFO - NewCreate
2017-09-01 17:42:59,675- root - INFO - MakeExptFile
2017-09-01 17:42:59,675- root - INFO - MadeExptFile
2017-09-01 17:42:59,675- root - INFO - InptFile
2017-09-01 17:43:00,512- root - INFO - None
2017-09-01 17:43:00,512- root - INFO - Select2
2017-09-01 17:43:00,512- root - INFO - Create:RSL_Expt_20170901_174259.prf
2017-09-01 17:43:00,512- root - INFO - None
2017-09-01 17:43:00,512- root - DEBUG - None
2017-09-01 17:43:01,680- root - DEBUG - gFName:cmp-RSL_Expt_20170901_155258.prf
2017-09-01 17:43:01,680- root - DEBUG - gFName:cmp-RSL_Expt_20170901_155325.prf
2017-09-01 17:43:01,680- root - DEBUG - gFName:cmp-RSL_Expt_20170901_172428.prf
2017-09-01 17:43:01,680- root - DEBUG - gFName:cmp-RSL_Expt_20170901_172436.prf
2017-09-01 17:43:01,680- root - DEBUG - gFName:cmp-RSL_Expt_20170901_172532.prf
2017-09-01 17:43:01,680- root - DEBUG - gFName:cmp-RSL_Expt_20170901_172601.prf
2017-09-01 17:43:01,680- root - DEBUG - gFName:cmp-RSL_Expt_20170901_172735.prf
2017-09-01 17:43:01,680- root - DEBUG - gFName:cmp-RSL_Expt_20170901_172854.prf
2017-09-01 17:43:01,680- root - DEBUG - gFName:cmp-RSL_Expt_20170901_173006.prf
2017-09-01 17:43:01,680- root - DEBUG - gFName:cmp-RSL_Expt_20170901_173222.prf
2017-09-01 17:43:01,680- root - DEBUG - gFName:cmp-RSL_Expt_20170901_173432.prf
2017-09-01 17:43:01,680- root - DEBUG - gFName:cmp-RSL_Expt_20170901_173650.prf
2017-09-01 17:43:01,680- root - DEBUG - gFName:cmp-RSL_Expt_20170901_173656.prf
2017-09-01 17:43:01,680- root - DEBUG - gFName:cmp-RSL_Expt_20170901_173845.prf
2017-09-01 17:43:01,680- root - DEBUG - gFName:cmp-RSL_Expt_20170901_173856.prf
2017-09-01 17:43:01,680- root - DEBUG - gFName:cmp-RSL_Expt_20170901_173939.prf
2017-09-01 17:43:01,680- root - DEBUG - gFName:cmp-RSL_Expt_20170901_173949.prf
2017-09-01 17:43:01,680- root - DEBUG - gFName:cmp-RSL_Expt_20170901_173955.prf
2017-09-01 17:43:01,680- root - DEBUG - gFName:cmp-RSL_Expt_20170901_174114.prf
2017-09-01 17:43:01,680- root - DEBUG - gFName:RSL_Expt_20170901_174259.prf
2017-09-01 17:43:01,680- root - DEBUG - None
2017-09-01 17:43:01,680- root - INFO - renamed
2017-09-01 17:43:01,680- root - INFO - fin_InptFile
2017-09-01 17:46:07,235- root - INFO - CL_Start
2017-09-01 17:46:10,831- root - DEBUG - main(Mval:1)
2017-09-01 17:46:10,831- root - INFO - Swlwct_New
2017-09-01 17:46:10,831- root - INFO - NewCreate
2017-09-01 17:46:12,956- root - INFO - MakeExptFile
2017-09-01 17:46:12,956- root - INFO - MadeExptFile
2017-09-01 17:46:12,956- root - INFO - InptFile
2017-09-01 17:46:13,885- root - INFO - None
2017-09-01 17:46:13,885- root - INFO - Select2
2017-09-01 17:46:13,885- root - INFO - Create:RSL_Expt_20170901_174612.prf
2017-09-01 17:46:13,885- root - INFO - None
2017-09-01 17:46:13,885- root - DEBUG - None
2017-09-01 17:46:14,961- root - DEBUG - gFName:cmp-RSL_Expt_20170901_155258.prf
2017-09-01 17:46:14,961- root - DEBUG - gFName:cmp-RSL_Expt_20170901_155325.prf
2017-09-01 17:46:14,961- root - DEBUG - gFName:cmp-RSL_Expt_20170901_172428.prf
2017-09-01 17:46:14,961- root - DEBUG - gFName:cmp-RSL_Expt_20170901_172436.prf
2017-09-01 17:46:14,961- root - DEBUG - gFName:cmp-RSL_Expt_20170901_172532.prf
2017-09-01 17:46:14,961- root - DEBUG - gFName:cmp-RSL_Expt_20170901_172601.prf
2017-09-01 17:46:14,961- root - DEBUG - gFName:cmp-RSL_Expt_20170901_172735.prf
2017-09-01 17:46:14,961- root - DEBUG - gFName:cmp-RSL_Expt_20170901_172854.prf
2017-09-01 17:46:14,961- root - DEBUG - gFName:cmp-RSL_Expt_20170901_173006.prf
2017-09-01 17:46:14,961- root - DEBUG - gFName:cmp-RSL_Expt_20170901_173222.prf
2017-09-01 17:46:14,961- root - DEBUG - gFName:cmp-RSL_Expt_20170901_173432.prf
2017-09-01 17:46:14,961- root - DEBUG - gFName:cmp-RSL_Expt_20170901_173650.prf
2017-09-01 17:46:14,961- root - DEBUG - gFName:cmp-RSL_Expt_20170901_173656.prf
2017-09-01 17:46:14,961- root - DEBUG - gFName:cmp-RSL_Expt_20170901_173845.prf
2017-09-01 17:46:14,961- root - DEBUG - gFName:cmp-RSL_Expt_20170901_173856.prf
2017-09-01 17:46:14,961- root - DEBUG - gFName:cmp-RSL_Expt_20170901_173939.prf
2017-09-01 17:46:14,961- root - DEBUG - gFName:cmp-RSL_Expt_20170901_173949.prf
2017-09-01 17:46:14,961- root - DEBUG - gFName:cmp-RSL_Expt_20170901_173955.prf
2017-09-01 17:46:14,961- root - DEBUG - gFName:cmp-RSL_Expt_20170901_174114.prf
2017-09-01 17:46:14,961- root - DEBUG - gFName:cmp-RSL_Expt_20170901_174259.prf
2017-09-01 17:46:14,961- root - DEBUG - gFName:RSL_Expt_20170901_174612.prf
2017-09-01 17:46:14,961- root - DEBUG - None
2017-09-01 17:46:14,961- root - INFO - renamed
2017-09-01 17:46:14,961- root - INFO - fin_InptFile
2017-09-01 17:51:01,795- root - INFO - CL_Start
2017-09-01 17:51:04,208- root - DEBUG - main(Mval:1)
2017-09-01 17:51:04,208- root - INFO - Swlwct_New
2017-09-01 17:51:04,208- root - INFO - NewCreate
2017-09-01 17:51:09,952- root - INFO - MakeExptFile
2017-09-01 17:51:09,952- root - INFO - MadeExptFile
2017-09-01 17:51:09,952- root - INFO - InptFile
2017-09-01 17:51:10,077- root - INFO - None
2017-09-01 17:51:10,077- root - INFO - Select2
2017-09-01 17:51:10,077- root - INFO - Create:RSL_Expt_20170901_175109.prf
2017-09-01 17:51:10,077- root - INFO - None
2017-09-01 17:51:10,077- root - DEBUG - None
2017-09-01 17:51:11,961- root - DEBUG - gFName:cmp-RSL_Expt_20170901_155258.prf
2017-09-01 17:51:11,961- root - DEBUG - gFName:cmp-RSL_Expt_20170901_155325.prf
2017-09-01 17:51:11,961- root - DEBUG - gFName:cmp-RSL_Expt_20170901_172428.prf
2017-09-01 17:51:11,961- root - DEBUG - gFName:cmp-RSL_Expt_20170901_172436.prf
2017-09-01 17:51:11,961- root - DEBUG - gFName:cmp-RSL_Expt_20170901_172532.prf
2017-09-01 17:51:11,961- root - DEBUG - gFName:cmp-RSL_Expt_20170901_172601.prf
2017-09-01 17:51:11,961- root - DEBUG - gFName:cmp-RSL_Expt_20170901_172735.prf
2017-09-01 17:51:11,961- root - DEBUG - gFName:cmp-RSL_Expt_20170901_172854.prf
2017-09-01 17:51:11,961- root - DEBUG - gFName:cmp-RSL_Expt_20170901_173006.prf
2017-09-01 17:51:11,961- root - DEBUG - gFName:cmp-RSL_Expt_20170901_173222.prf
2017-09-01 17:51:11,961- root - DEBUG - gFName:cmp-RSL_Expt_20170901_173432.prf
2017-09-01 17:51:11,961- root - DEBUG - gFName:cmp-RSL_Expt_20170901_173650.prf
2017-09-01 17:51:11,961- root - DEBUG - gFName:cmp-RSL_Expt_20170901_173656.prf
2017-09-01 17:51:11,961- root - DEBUG - gFName:cmp-RSL_Expt_20170901_173845.prf
2017-09-01 17:51:11,961- root - DEBUG - gFName:cmp-RSL_Expt_20170901_173856.prf
2017-09-01 17:51:11,961- root - DEBUG - gFName:cmp-RSL_Expt_20170901_173939.prf
2017-09-01 17:51:11,961- root - DEBUG - gFName:cmp-RSL_Expt_20170901_173949.prf
2017-09-01 17:51:11,961- root - DEBUG - gFName:cmp-RSL_Expt_20170901_173955.prf
2017-09-01 17:51:11,961- root - DEBUG - gFName:cmp-RSL_Expt_20170901_174114.prf
2017-09-01 17:51:11,961- root - DEBUG - gFName:cmp-RSL_Expt_20170901_174259.prf
2017-09-01 17:51:11,961- root - DEBUG - gFName:cmp-RSL_Expt_20170901_174612.prf
2017-09-01 17:51:11,961- root - DEBUG - gFName:RSL_Expt_20170901_175109.prf
2017-09-01 17:51:11,961- root - DEBUG - None
2017-09-01 17:51:11,961- root - INFO - renamed
2017-09-01 17:51:11,961- root - INFO - fin_InptFile
